[DuctSleevePlacer] Duct direction: (-1.20318569922028E-14, -3.0079642480507E-15, -1)
[DuctSleevePlacer] Placing sleeve: width=0.492125984251969, height=1.64041994750656, intersection=(99.7539191246407,30.3476226135496,61.7618110236216)
[DuctSleevePlacer] Duct direction: (1, -3.24860138789517E-15, 0)
[DuctSleevePlacer] Placing sleeve: width=0.164041994750656, height=0.492125984251969, intersection=(110.810367435923,28.0249192182572,60.252624671916)
[DuctSleevePlacer] Duct direction: (-1.20318569922028E-14, -3.0079642480507E-15, -1)
[DuctSleevePlacer] Placing sleeve: width=0.984251968503937, height=0.492125984251969, intersection=(100.946031966153,26.3773462470136,61.7618110236216)
[DuctSleevePlacer] Duct direction: (-1.20318569922028E-14, -3.0079642480507E-15, -1)
[DuctSleevePlacer] Placing sleeve: width=0.984251968503937, height=0.492125984251969, intersection=(100.081193145754,26.3560287446343,61.7618110236216)
[DuctSleevePlacer] Duct direction: (0, -1, 0)
[DuctSleevePlacer] Placing sleeve: width=0.656167979002625, height=0.492125984251969, intersection=(103.428694064905,43.9632276827598,60.252624671916)
[DuctSleevePlacer] Duct direction: (0, -1, 0)
[DuctSleevePlacer] Placing sleeve: width=0.492125984251969, height=0.984251968503937, intersection=(102.706909288002,43.9632276827598,60.252624671916)
[DuctSleevePlacer] Duct direction: (1, -3.24860138789517E-15, 0)
[DuctSleevePlacer] Placing sleeve: width=0.164041994750656, height=0.164041994750656, intersection=(97.8618470707631,19.7451076465405,60.252624671916)
[DuctSleevePlacer] Duct direction: (1, -3.24860138789517E-15, 0)
[DuctSleevePlacer] Placing sleeve: width=0.164041994750656, height=0.164041994750656, intersection=(97.8618470707631,21.3527191950969,60.252624671916)
[DuctSleevePlacer] Duct direction: (3.00796424805075E-15, -1.20318569922028E-14, -1)
[DuctSleevePlacer] Placing sleeve: width=0.984251968503937, height=0.492125984251969, intersection=(102.535816901802,25.8125882258804,61.7618110236216)
[DuctSleevePlacer] Duct direction: (3.00796424805075E-15, -1.20318569922028E-14, -1)
[DuctSleevePlacer] Placing sleeve: width=0.984251968503937, height=0.492125984251969, intersection=(102.535816901802,26.4031394069827,61.7618110236216)
[DuctSleevePlacer] Duct direction: (-1.20318569922028E-14, -3.00796424805081E-15, -1)
[DuctSleevePlacer] Placing sleeve: width=0.984251968503937, height=0.492125984251969, intersection=(102.535816901802,27.715475364988,61.7618110236216)
[DuctSleevePlacer] Duct direction: (1, -3.24860138789517E-15, 0)
[DuctSleevePlacer] Placing sleeve: width=0.164041994750656, height=0.164041994750656, intersection=(97.8618470707631,21.3527191950969,60.252624671916)
[DuctSleevePlacer] Duct direction: (-1, 0, 9.60560292926868E-15)
[DuctSleevePlacer] Placing sleeve: width=0.492125984251969, height=0.492125984251969, intersection=(98.600036047141,38.7658095667527,60.2526246719159)
[DuctSleevePlacer] Duct direction: (1, 0, 3.49162691154277E-13)
[DuctSleevePlacer] Placing sleeve: width=0.492125984251969, height=0.492125984251969, intersection=(98.5964147942463,43.7526862071727,60.9416010498686)
[DuctSleevePlacer] Duct direction: (1, -3.24860138789517E-15, 0)
[DuctSleevePlacer] Placing sleeve: width=0.164041994750656, height=0.164041994750656, intersection=(97.8618470707631,21.3527191950969,60.252624671916)
[CableTraySleevePlacer] Cable tray direction: (-1, 2.70716782324592E-14, 0)
[CableTraySleevePlacer] Placing sleeve: width=0.328083989501312, height=0.328083989501312, intersection=(97.8618470707631,24.0522234385721,58.4481627296587)
[CableTraySleevePlacer] Cable tray direction: (0, 0, -1)
[CableTraySleevePlacer] Placing sleeve: width=0.984251968503937, height=0.328083989501312, intersection=(106.969486513902,25.1456707877485,61.7618110236216)
[CableTraySleevePlacer] Cable tray direction: (0, 0, -1)
[CableTraySleevePlacer] Placing sleeve: width=0.984251968503937, height=0.328083989501312, intersection=(107.533334451835,25.1315745893002,61.7618110236216)
[CableTraySleevePlacer] Cable tray direction: (0, 0, -1)
[CableTraySleevePlacer] Placing sleeve: width=0.984251968503937, height=0.328083989501312, intersection=(107.533334451835,26.558109872271,61.7618110236216)
[CableTraySleevePlacer] Cable tray direction: (-1, 6.69814719153654E-14, 0)
[CableTraySleevePlacer] Placing sleeve: width=0.328083989501312, height=0.656167979002625, intersection=(110.810367435923,22.0608184824682,58.4481627296587)
[CableTraySleevePlacer] Cable tray direction: (-1, 2.70716782324592E-14, 0)
[CableTraySleevePlacer] Placing sleeve: width=0.328083989501312, height=0.656167979002625, intersection=(110.810367435923,22.7241394490708,58.4481627296587)
[CableTraySleevePlacer] Cable tray direction: (0, 1, -1.53598174368566E-14)
[CableTraySleevePlacer] Placing sleeve: width=0.328083989501312, height=0.656167979002625, intersection=(105.261750351488,43.9632276827598,60.7447506561679)
[CableTraySleevePlacer] Cable tray direction: (1.6665908534483E-15, -1, 0)
[CableTraySleevePlacer] Placing sleeve: width=0.328083989501312, height=0.328083989501312, intersection=(105.684448126706,43.9632276827598,60.7447506561678)
[CableTraySleevePlacer] Cable tray direction: (-1, 6.69814719153654E-14, 0)
[CableTraySleevePlacer] Placing sleeve: width=0.328083989501312, height=0.656167979002625, intersection=(110.810367435923,22.0608184824682,58.4481627296587)
[CableTraySleevePlacer] Cable tray direction: (-1, 2.70716782324592E-14, 0)
[CableTraySleevePlacer] Placing sleeve: width=0.328083989501312, height=0.656167979002625, intersection=(110.810367435923,22.7241394490708,58.4481627296587)
[CableTraySleevePlacer] Cable tray direction: (-1, 6.69814719153654E-14, 0)
[CableTraySleevePlacer] Placing sleeve: width=0.328083989501312, height=0.328083989501312, intersection=(97.8618470707631,22.0608184824681,58.4481627296587)
[CableTraySleevePlacer] Cable tray direction: (-1, 2.70716782324592E-14, 0)
[CableTraySleevePlacer] Placing sleeve: width=0.328083989501312, height=0.328083989501312, intersection=(97.8618470707631,22.7241394490708,58.4481627296587)
[CableTraySleevePlacer] Cable tray direction: (-1, 2.70716782324592E-14, 0)
[CableTraySleevePlacer] Placing sleeve: width=0.328083989501312, height=0.328083989501312, intersection=(97.8618470707631,24.0522234385721,58.4481627296587)
[CableTraySleevePlacer] Cable tray direction: (0, 0, -1)
[CableTraySleevePlacer] Placing sleeve: width=0.984251968503937, height=0.328083989501312, intersection=(106.969486513902,25.1456707877485,61.7618110236216)
[CableTraySleevePlacer] Cable tray direction: (0, 0, -1)
[CableTraySleevePlacer] Placing sleeve: width=0.984251968503937, height=0.328083989501312, intersection=(107.533334451835,25.1315745893002,61.7618110236216)
[CableTraySleevePlacer] Cable tray direction: (0, 0, -1)
[CableTraySleevePlacer] Placing sleeve: width=0.984251968503937, height=0.328083989501312, intersection=(107.223218085972,28.1058724618961,61.7618110236216)
[DuctSleevePlacer] Duct direction: (-1, 0, 9.60560292926868E-15)
[DuctSleevePlacer] Placing sleeve: width=0.492125984251969, height=0.492125984251969, intersection=(98.600036047141,38.7658095667527,60.2526246719159)
[DuctSleevePlacer] Duct direction: (1, 0, 3.49162691154277E-13)
[DuctSleevePlacer] Placing sleeve: width=0.492125984251969, height=0.492125984251969, intersection=(98.5964147942463,43.7526862071727,60.9416010498686)
[DuctSleevePlacer] Duct direction: (-1.20318569922028E-14, -3.0079642480507E-15, -1)
[DuctSleevePlacer] Placing sleeve: width=0.492125984251969, height=1.64041994750656, intersection=(99.7539191246407,30.3476226135496,61.7618110236216)
[DuctSleevePlacer] Duct direction: (1, -3.24860138789517E-15, 0)
[DuctSleevePlacer] Placing sleeve: width=0.164041994750656, height=0.492125984251969, intersection=(110.810367435923,28.0249192182572,60.252624671916)
[DuctSleevePlacer] Duct direction: (-1.20318569922028E-14, -3.0079642480507E-15, -1)
[DuctSleevePlacer] Placing sleeve: width=0.984251968503937, height=0.492125984251969, intersection=(100.946031966153,26.3773462470136,61.7618110236216)
[DuctSleevePlacer] Duct direction: (-1.20318569922028E-14, -3.0079642480507E-15, -1)
[DuctSleevePlacer] Placing sleeve: width=0.984251968503937, height=0.492125984251969, intersection=(100.081193145754,26.3560287446343,61.7618110236216)
[DuctSleevePlacer] Duct direction: (0, -1, 0)
[DuctSleevePlacer] Placing sleeve: width=0.656167979002625, height=0.492125984251969, intersection=(103.428694064905,43.9632276827598,60.252624671916)
[DuctSleevePlacer] Duct direction: (0, -1, 0)
[DuctSleevePlacer] Placing sleeve: width=0.492125984251969, height=0.656167979002625, intersection=(102.706909288002,43.9632276827598,60.252624671916)
[DuctSleevePlacer] Duct direction: (1, -3.24860138789517E-15, 0)
[DuctSleevePlacer] Placing sleeve: width=0.164041994750656, height=0.164041994750656, intersection=(97.8618470707631,19.7451076465405,60.252624671916)
[DuctSleevePlacer] Duct direction: (1, -3.24860138789517E-15, 0)
[DuctSleevePlacer] Placing sleeve: width=0.164041994750656, height=0.164041994750656, intersection=(97.8618470707631,21.3527191950969,60.252624671916)
[DuctSleevePlacer] Duct direction: (3.00796424805075E-15, -1.20318569922028E-14, -1)
[DuctSleevePlacer] Placing sleeve: width=0.984251968503937, height=0.492125984251969, intersection=(102.535816901802,25.8125882258804,61.7618110236216)
[DuctSleevePlacer] Duct direction: (3.00796424805075E-15, -1.20318569922028E-14, -1)
[DuctSleevePlacer] Placing sleeve: width=0.984251968503937, height=0.492125984251969, intersection=(102.535816901802,26.4031394069827,61.7618110236216)
[CableTraySleevePlacer] Cable tray direction: (0, 1, -1.53598174368566E-14)
[CableTraySleevePlacer] Placing sleeve: width=0.328083989501312, height=0.656167979002625, intersection=(105.261750351488,43.9632276827598,60.7447506561679)
[CableTraySleevePlacer] Cable tray direction: (1.6665908534483E-15, -1, 0)
[CableTraySleevePlacer] Placing sleeve: width=0.328083989501312, height=0.328083989501312, intersection=(105.684448126706,43.9632276827598,60.7447506561678)
[CableTraySleevePlacer] Cable tray direction: (0, 0, -1)
[CableTraySleevePlacer] Placing sleeve: width=0.984251968503937, height=0.328083989501312, intersection=(106.969486513902,25.1456707877485,61.7618110236216)
[CableTraySleevePlacer] Cable tray direction: (0, 0, -1)
[CableTraySleevePlacer] Placing sleeve: width=0.984251968503937, height=0.328083989501312, intersection=(107.533334451835,25.1315745893002,61.7618110236216)
[CableTraySleevePlacer] Cable tray direction: (0, 0, -1)
[CableTraySleevePlacer] Placing sleeve: width=0.984251968503937, height=0.328083989501312, intersection=(107.223218085972,28.1058724618961,61.7618110236216)
[DuctSleevePlacer] Duct direction: (-1, 0, 9.60560292926868E-15)
[DuctSleevePlacer] Placing sleeve: width=0.492125984251969, height=0.492125984251969, intersection=(98.600036047141,38.7658095667527,60.2526246719159)
[DuctSleevePlacer] Duct direction: (1, 0, 3.49162691154277E-13)
[DuctSleevePlacer] Placing sleeve: width=0.492125984251969, height=0.492125984251969, intersection=(98.5964147942463,43.7526862071727,60.9416010498686)
[DuctSleevePlacer] Duct direction: (-1.20318569922028E-14, -3.0079642480507E-15, -1)
[DuctSleevePlacer] Placing sleeve: width=0.492125984251969, height=1.64041994750656, intersection=(99.7539191246407,30.3476226135496,61.7618110236216)
[DuctSleevePlacer] Duct direction: (1, -3.24860138789517E-15, 0)
[DuctSleevePlacer] Placing sleeve: width=0.164041994750656, height=0.492125984251969, intersection=(110.810367435923,28.0249192182572,60.252624671916)
[DuctSleevePlacer] Duct direction: (-1.20318569922028E-14, -3.0079642480507E-15, -1)
[DuctSleevePlacer] Placing sleeve: width=0.984251968503937, height=0.492125984251969, intersection=(100.946031966153,26.3773462470136,61.7618110236216)
[DuctSleevePlacer] Duct direction: (-1.20318569922028E-14, -3.0079642480507E-15, -1)
[DuctSleevePlacer] Placing sleeve: width=0.984251968503937, height=0.492125984251969, intersection=(100.081193145754,26.3560287446343,61.7618110236216)
[DuctSleevePlacer] Duct direction: (0, -1, 0)
[DuctSleevePlacer] Placing sleeve: width=0.656167979002625, height=0.492125984251969, intersection=(103.428694064905,43.9632276827598,60.252624671916)
[DuctSleevePlacer] Duct direction: (0, -1, 0)
[DuctSleevePlacer] Placing sleeve: width=0.492125984251969, height=0.656167979002625, intersection=(102.706909288002,43.9632276827598,60.252624671916)
[DuctSleevePlacer] Duct direction: (1, -3.24860138789517E-15, 0)
[DuctSleevePlacer] Placing sleeve: width=0.164041994750656, height=0.164041994750656, intersection=(97.8618470707631,19.7451076465405,60.252624671916)
[DuctSleevePlacer] Duct direction: (1, -3.24860138789517E-15, 0)
[DuctSleevePlacer] Placing sleeve: width=0.164041994750656, height=0.164041994750656, intersection=(97.8618470707631,21.3527191950969,60.252624671916)
[DuctSleevePlacer] Duct direction: (3.00796424805075E-15, -1.20318569922028E-14, -1)
[DuctSleevePlacer] Placing sleeve: width=0.984251968503937, height=0.492125984251969, intersection=(102.535816901802,25.8125882258804,61.7618110236216)
[DuctSleevePlacer] Duct direction: (3.00796424805075E-15, -1.20318569922028E-14, -1)
[DuctSleevePlacer] Placing sleeve: width=0.984251968503937, height=0.492125984251969, intersection=(102.535816901802,26.4031394069827,61.7618110236216)
[CableTraySleevePlacer] Cable tray direction: (0, 1, -1.53598174368566E-14)
[CableTraySleevePlacer] Placing sleeve: width=0.328083989501312, height=0.656167979002625, intersection=(105.261750351488,43.9632276827598,60.7447506561679)
[CableTraySleevePlacer] Cable tray direction: (1.6665908534483E-15, -1, 0)
[CableTraySleevePlacer] Placing sleeve: width=0.328083989501312, height=0.328083989501312, intersection=(105.684448126706,43.9632276827598,60.7447506561678)
[CableTraySleevePlacer] Cable tray direction: (-1, 6.69814719153654E-14, 0)
[CableTraySleevePlacer] Placing sleeve: width=0.328083989501312, height=0.656167979002625, intersection=(110.810367435923,22.0608184824682,58.4481627296587)
[CableTraySleevePlacer] Cable tray direction: (-1, 2.70716782324592E-14, 0)
[CableTraySleevePlacer] Placing sleeve: width=0.328083989501312, height=0.656167979002625, intersection=(110.810367435923,22.7241394490708,58.4481627296587)
[CableTraySleevePlacer] Cable tray direction: (-1, 6.69814719153654E-14, 0)
[CableTraySleevePlacer] Placing sleeve: width=0.328083989501312, height=0.328083989501312, intersection=(97.8618470707631,22.0608184824681,58.4481627296587)
[CableTraySleevePlacer] Cable tray direction: (-1, 2.70716782324592E-14, 0)
[CableTraySleevePlacer] Placing sleeve: width=0.328083989501312, height=0.328083989501312, intersection=(97.8618470707631,22.7241394490708,58.4481627296587)
[CableTraySleevePlacer] Cable tray direction: (-1, 2.70716782324592E-14, 0)
[CableTraySleevePlacer] Placing sleeve: width=0.328083989501312, height=0.328083989501312, intersection=(97.8618470707631,24.0522234385721,58.4481627296587)
[CableTraySleevePlacer] Cable tray direction: (0, 0, -1)
[CableTraySleevePlacer] Placing sleeve: width=0.984251968503937, height=0.328083989501312, intersection=(106.969486513902,25.1456707877485,61.7618110236216)
[CableTraySleevePlacer] Cable tray direction: (0, 0, -1)
[CableTraySleevePlacer] Placing sleeve: width=0.984251968503937, height=0.328083989501312, intersection=(107.533334451835,25.1315745893002,61.7618110236216)
[CableTraySleevePlacer] Cable tray direction: (0, 0, -1)
[CableTraySleevePlacer] Placing sleeve: width=0.984251968503937, height=0.328083989501312, intersection=(107.223218085972,28.1058724618961,61.7618110236216)
