[2025-08-02 17:00:44] Processing Duct 1933792
[2025-08-02 17:00:44] Duct 1933792: No insulation found
[2025-08-02 17:00:44] Duct 1933792: Returning clearance (non-insulated) = 50.00 mm
[2025-08-02 17:00:44] Processing Duct 1933792
[2025-08-02 17:00:44] Duct 1933792: No insulation found
[2025-08-02 17:00:44] Duct 1933792: Returning clearance (non-insulated) = 50.00 mm
[2025-08-02 17:00:44] Processing Duct 1950980
[2025-08-02 17:00:44] Duct 1950980: No insulation found
[2025-08-02 17:00:44] Duct 1950980: Returning clearance (non-insulated) = 50.00 mm
[2025-08-02 17:00:44] Processing Duct 1950980
[2025-08-02 17:00:45] Duct 1950980: No insulation found
[2025-08-02 17:00:45] Duct 1950980: Returning clearance (non-insulated) = 50.00 mm
[2025-08-02 17:00:45] Processing Duct 1950997
[2025-08-02 17:00:45] Duct 1950997: No insulation found
[2025-08-02 17:00:45] Duct 1950997: Returning clearance (non-insulated) = 50.00 mm
[2025-08-02 17:00:45] Processing Duct 1950997
[2025-08-02 17:00:45] Duct 1950997: No insulation found
[2025-08-02 17:00:45] Duct 1950997: Returning clearance (non-insulated) = 50.00 mm
[2025-08-02 17:00:45] Processing Duct 2047679
[2025-08-02 17:00:45] Duct 2047679: No insulation found
[2025-08-02 17:00:45] Duct 2047679: Returning clearance (non-insulated) = 50.00 mm
[2025-08-02 17:00:45] Processing Duct 2047679
[2025-08-02 17:00:45] Duct 2047679: No insulation found
[2025-08-02 17:00:45] Duct 2047679: Returning clearance (non-insulated) = 50.00 mm
[2025-08-02 17:00:46] Processing Duct 2047862
[2025-08-02 17:00:46] Duct 2047862: No insulation found
[2025-08-02 17:00:46] Duct 2047862: Returning clearance (non-insulated) = 50.00 mm
[2025-08-02 17:00:46] Processing Duct 2047862
[2025-08-02 17:00:46] Duct 2047862: No insulation found
[2025-08-02 17:00:46] Duct 2047862: Returning clearance (non-insulated) = 50.00 mm
[2025-08-02 17:05:12] Processing Duct 1933792
[2025-08-02 17:05:12] Duct 1933792: No insulation found
[2025-08-02 17:05:12] Duct 1933792: Returning clearance (non-insulated) = 50.00 mm
[2025-08-02 17:05:12] Processing Duct 1933792
[2025-08-02 17:05:12] Duct 1933792: No insulation found
[2025-08-02 17:05:12] Duct 1933792: Returning clearance (non-insulated) = 50.00 mm
[2025-08-02 17:05:13] Processing Duct 1950980
[2025-08-02 17:05:13] Duct 1950980: No insulation found
[2025-08-02 17:05:13] Duct 1950980: Returning clearance (non-insulated) = 50.00 mm
[2025-08-02 17:05:13] Processing Duct 1950980
[2025-08-02 17:05:13] Duct 1950980: No insulation found
[2025-08-02 17:05:13] Duct 1950980: Returning clearance (non-insulated) = 50.00 mm
[2025-08-02 17:05:13] Processing Duct 1950997
[2025-08-02 17:05:13] Duct 1950997: No insulation found
[2025-08-02 17:05:13] Duct 1950997: Returning clearance (non-insulated) = 50.00 mm
[2025-08-02 17:05:13] Processing Duct 1950997
[2025-08-02 17:05:13] Duct 1950997: No insulation found
[2025-08-02 17:05:13] Duct 1950997: Returning clearance (non-insulated) = 50.00 mm
[2025-08-02 17:05:14] Processing Duct 2047679
[2025-08-02 17:05:14] Duct 2047679: No insulation found
[2025-08-02 17:05:14] Duct 2047679: Returning clearance (non-insulated) = 50.00 mm
[2025-08-02 17:05:14] Processing Duct 2047679
[2025-08-02 17:05:14] Duct 2047679: No insulation found
[2025-08-02 17:05:14] Duct 2047679: Returning clearance (non-insulated) = 50.00 mm
[2025-08-02 17:05:14] Processing Duct 2047862
[2025-08-02 17:05:14] Duct 2047862: No insulation found
[2025-08-02 17:05:14] Duct 2047862: Returning clearance (non-insulated) = 50.00 mm
[2025-08-02 17:05:14] Processing Duct 2047862
[2025-08-02 17:05:14] Duct 2047862: No insulation found
[2025-08-02 17:05:14] Duct 2047862: Returning clearance (non-insulated) = 50.00 mm
[2025-08-02 17:10:07] Processing Duct 1933792
[2025-08-02 17:10:07] Duct 1933792: No insulation found
[2025-08-02 17:10:07] Duct 1933792: Returning clearance (non-insulated) = 50.00 mm
[2025-08-02 17:10:07] Processing Duct 1933792
[2025-08-02 17:10:07] Duct 1933792: No insulation found
[2025-08-02 17:10:07] Duct 1933792: Returning clearance (non-insulated) = 50.00 mm
[2025-08-02 17:10:08] Processing Duct 1950980
[2025-08-02 17:10:08] Duct 1950980: No insulation found
[2025-08-02 17:10:08] Duct 1950980: Returning clearance (non-insulated) = 50.00 mm
[2025-08-02 17:10:08] Processing Duct 1950980
[2025-08-02 17:10:08] Duct 1950980: No insulation found
[2025-08-02 17:10:08] Duct 1950980: Returning clearance (non-insulated) = 50.00 mm
[2025-08-02 17:10:08] Processing Duct 1950997
[2025-08-02 17:10:08] Duct 1950997: No insulation found
[2025-08-02 17:10:08] Duct 1950997: Returning clearance (non-insulated) = 50.00 mm
[2025-08-02 17:10:08] Processing Duct 1950997
[2025-08-02 17:10:08] Duct 1950997: No insulation found
[2025-08-02 17:10:08] Duct 1950997: Returning clearance (non-insulated) = 50.00 mm
[2025-08-02 17:10:09] Processing Duct 2047679
[2025-08-02 17:10:09] Duct 2047679: No insulation found
[2025-08-02 17:10:09] Duct 2047679: Returning clearance (non-insulated) = 50.00 mm
[2025-08-02 17:10:09] Processing Duct 2047679
[2025-08-02 17:10:09] Duct 2047679: No insulation found
[2025-08-02 17:10:09] Duct 2047679: Returning clearance (non-insulated) = 50.00 mm
[2025-08-02 17:10:09] Processing Duct 2047862
[2025-08-02 17:10:09] Duct 2047862: No insulation found
[2025-08-02 17:10:09] Duct 2047862: Returning clearance (non-insulated) = 50.00 mm
[2025-08-02 17:10:09] Processing Duct 2047862
[2025-08-02 17:10:09] Duct 2047862: No insulation found
[2025-08-02 17:10:09] Duct 2047862: Returning clearance (non-insulated) = 50.00 mm
[2025-08-02 17:59:17] Processing Duct 1836766
[2025-08-02 17:59:17] Duct 1836766: No insulation found
[2025-08-02 17:59:17] Duct 1836766: Returning clearance (non-insulated) = 50.00 mm
[2025-08-02 17:59:17] Processing Duct 1836766
[2025-08-02 17:59:17] Duct 1836766: No insulation found
[2025-08-02 17:59:17] Duct 1836766: Returning clearance (non-insulated) = 50.00 mm
[2025-08-02 17:59:17] Processing Duct 1838225
[2025-08-02 17:59:17] Duct 1838225: No insulation found
[2025-08-02 17:59:17] Duct 1838225: Returning clearance (non-insulated) = 50.00 mm
[2025-08-02 17:59:17] Processing Duct 1838225
[2025-08-02 17:59:17] Duct 1838225: No insulation found
[2025-08-02 17:59:17] Duct 1838225: Returning clearance (non-insulated) = 50.00 mm
[2025-08-02 17:59:18] Processing Duct 1841005
[2025-08-02 17:59:18] Duct 1841005: Found insulation in host doc, insulationId=1875987
[2025-08-02 17:59:18] Duct 1841005: Parsed insulation thickness from display string: 25 mm -> 25 mm
[2025-08-02 17:59:18] Duct 1841005: Returning clearance (insulated) = 50.00 mm
[2025-08-02 17:59:18] Processing Duct 1841005
[2025-08-02 17:59:18] Duct 1841005: Found insulation in host doc, insulationId=1875987
[2025-08-02 17:59:18] Duct 1841005: Parsed insulation thickness from display string: 25 mm -> 25 mm
[2025-08-02 17:59:18] Duct 1841005: Returning clearance (insulated) = 50.00 mm
[2025-08-02 17:59:18] Processing Duct 1872157
[2025-08-02 17:59:18] Duct 1872157: No insulation found
[2025-08-02 17:59:18] Duct 1872157: Returning clearance (non-insulated) = 50.00 mm
[2025-08-02 17:59:18] Processing Duct 1872157
[2025-08-02 17:59:18] Duct 1872157: No insulation found
[2025-08-02 17:59:18] Duct 1872157: Returning clearance (non-insulated) = 50.00 mm
[2025-08-02 17:59:18] Processing Duct 1933792
[2025-08-02 17:59:18] Duct 1933792: No insulation found
[2025-08-02 17:59:18] Duct 1933792: Returning clearance (non-insulated) = 50.00 mm
[2025-08-02 17:59:18] Processing Duct 1933792
[2025-08-02 17:59:18] Duct 1933792: No insulation found
[2025-08-02 17:59:18] Duct 1933792: Returning clearance (non-insulated) = 50.00 mm
[2025-08-02 17:59:19] Processing Duct 1950980
[2025-08-02 17:59:19] Duct 1950980: No insulation found
[2025-08-02 17:59:19] Duct 1950980: Returning clearance (non-insulated) = 50.00 mm
[2025-08-02 17:59:19] Processing Duct 1950980
[2025-08-02 17:59:19] Duct 1950980: No insulation found
[2025-08-02 17:59:19] Duct 1950980: Returning clearance (non-insulated) = 50.00 mm
[2025-08-02 17:59:19] Processing Duct 1950997
[2025-08-02 17:59:19] Duct 1950997: No insulation found
[2025-08-02 17:59:19] Duct 1950997: Returning clearance (non-insulated) = 50.00 mm
[2025-08-02 17:59:19] Processing Duct 1950997
[2025-08-02 17:59:19] Duct 1950997: No insulation found
[2025-08-02 17:59:19] Duct 1950997: Returning clearance (non-insulated) = 50.00 mm
[2025-08-02 17:59:20] Processing Duct 2047679
[2025-08-02 17:59:20] Duct 2047679: No insulation found
[2025-08-02 17:59:20] Duct 2047679: Returning clearance (non-insulated) = 50.00 mm
[2025-08-02 17:59:20] Processing Duct 2047679
[2025-08-02 17:59:20] Duct 2047679: No insulation found
[2025-08-02 17:59:20] Duct 2047679: Returning clearance (non-insulated) = 50.00 mm
[2025-08-02 17:59:20] Processing Duct 2047862
[2025-08-02 17:59:20] Duct 2047862: No insulation found
[2025-08-02 17:59:20] Duct 2047862: Returning clearance (non-insulated) = 50.00 mm
[2025-08-02 17:59:20] Processing Duct 2047862
[2025-08-02 17:59:20] Duct 2047862: No insulation found
[2025-08-02 17:59:20] Duct 2047862: Returning clearance (non-insulated) = 50.00 mm
[2025-08-02 18:04:40] Processing Duct 1933792
[2025-08-02 18:04:40] Duct 1933792: No insulation found
[2025-08-02 18:04:40] Duct 1933792: Returning clearance (non-insulated) = 50.00 mm
[2025-08-02 18:04:41] Processing Duct 1950980
[2025-08-02 18:04:41] Duct 1950980: No insulation found
[2025-08-02 18:04:41] Duct 1950980: Returning clearance (non-insulated) = 50.00 mm
[2025-08-02 18:04:41] Processing Duct 1950997
[2025-08-02 18:04:41] Duct 1950997: No insulation found
[2025-08-02 18:04:41] Duct 1950997: Returning clearance (non-insulated) = 50.00 mm
[2025-08-02 18:04:42] Processing Duct 2047679
[2025-08-02 18:04:42] Duct 2047679: No insulation found
[2025-08-02 18:04:42] Duct 2047679: Returning clearance (non-insulated) = 50.00 mm
[2025-08-02 18:04:42] Processing Duct 2047862
[2025-08-02 18:04:42] Duct 2047862: No insulation found
[2025-08-02 18:04:42] Duct 2047862: Returning clearance (non-insulated) = 50.00 mm
[2025-08-02 18:06:09] Processing Duct 1933792
[2025-08-02 18:06:09] Duct 1933792: No insulation found
[2025-08-02 18:06:09] Duct 1933792: Returning clearance (non-insulated) = 50.00 mm
[2025-08-02 18:06:09] Processing Duct 1935079
[2025-08-02 18:06:09] Duct 1935079: No insulation found
[2025-08-02 18:06:09] Duct 1935079: Returning clearance (non-insulated) = 50.00 mm
[2025-08-02 18:06:09] Processing Duct 1936185
[2025-08-02 18:06:09] Duct 1936185: No insulation found
[2025-08-02 18:06:09] Duct 1936185: Returning clearance (non-insulated) = 50.00 mm
[2025-08-02 18:06:10] Processing Duct 1950980
[2025-08-02 18:06:10] Duct 1950980: No insulation found
[2025-08-02 18:06:10] Duct 1950980: Returning clearance (non-insulated) = 50.00 mm
[2025-08-02 18:06:10] Processing Duct 1950997
[2025-08-02 18:06:10] Duct 1950997: No insulation found
[2025-08-02 18:06:10] Duct 1950997: Returning clearance (non-insulated) = 50.00 mm
[2025-08-02 18:06:10] Processing Duct 1951504
[2025-08-02 18:06:10] Duct 1951504: No insulation found
[2025-08-02 18:06:10] Duct 1951504: Returning clearance (non-insulated) = 50.00 mm
[2025-08-02 18:06:10] Processing Duct 1951563
[2025-08-02 18:06:10] Duct 1951563: No insulation found
[2025-08-02 18:06:10] Duct 1951563: Returning clearance (non-insulated) = 50.00 mm
[2025-08-02 18:06:11] Processing Duct 1951726
[2025-08-02 18:06:11] Duct 1951726: No insulation found
[2025-08-02 18:06:11] Duct 1951726: Returning clearance (non-insulated) = 50.00 mm
[2025-08-02 18:06:11] Processing Duct 1951727
[2025-08-02 18:06:11] Duct 1951727: No insulation found
[2025-08-02 18:06:11] Duct 1951727: Returning clearance (non-insulated) = 50.00 mm
[2025-08-02 18:06:11] Processing Duct 1958680
[2025-08-02 18:06:11] Duct 1958680: No insulation found
[2025-08-02 18:06:11] Duct 1958680: Returning clearance (non-insulated) = 50.00 mm
[2025-08-02 18:06:11] Processing Duct 2047679
[2025-08-02 18:06:11] Duct 2047679: No insulation found
[2025-08-02 18:06:11] Duct 2047679: Returning clearance (non-insulated) = 50.00 mm
[2025-08-02 18:06:11] Processing Duct 2047862
[2025-08-02 18:06:12] Duct 2047862: No insulation found
[2025-08-02 18:06:12] Duct 2047862: Returning clearance (non-insulated) = 50.00 mm
[2025-08-02 18:06:12] Processing Duct 2138765
[2025-08-02 18:06:12] Duct 2138765: No insulation found
[2025-08-02 18:06:12] Duct 2138765: Returning clearance (non-insulated) = 50.00 mm
[2025-08-02 18:06:12] Processing Duct 2138766
[2025-08-02 18:06:12] Duct 2138766: No insulation found
[2025-08-02 18:06:12] Duct 2138766: Returning clearance (non-insulated) = 50.00 mm
[2025-08-02 18:24:54] Processing Duct 1935079
[2025-08-02 18:24:54] Duct 1935079: No insulation found
[2025-08-02 18:24:54] Duct 1935079: Returning clearance (non-insulated) = 50.00 mm
[2025-08-02 18:24:54] Processing Duct 1936185
[2025-08-02 18:24:54] Duct 1936185: No insulation found
[2025-08-02 18:24:54] Duct 1936185: Returning clearance (non-insulated) = 50.00 mm
[2025-08-02 18:24:54] Processing Duct 1951504
[2025-08-02 18:24:54] Duct 1951504: No insulation found
[2025-08-02 18:24:54] Duct 1951504: Returning clearance (non-insulated) = 50.00 mm
[2025-08-02 18:24:55] Processing Duct 1951563
[2025-08-02 18:24:55] Duct 1951563: No insulation found
[2025-08-02 18:24:55] Duct 1951563: Returning clearance (non-insulated) = 50.00 mm
[2025-08-02 18:24:55] Processing Duct 1951726
[2025-08-02 18:24:55] Duct 1951726: No insulation found
[2025-08-02 18:24:55] Duct 1951726: Returning clearance (non-insulated) = 50.00 mm
[2025-08-02 18:24:55] Processing Duct 1951727
[2025-08-02 18:24:55] Duct 1951727: No insulation found
[2025-08-02 18:24:55] Duct 1951727: Returning clearance (non-insulated) = 50.00 mm
[2025-08-02 18:24:55] Processing Duct 1958680
[2025-08-02 18:24:55] Duct 1958680: No insulation found
[2025-08-02 18:24:55] Duct 1958680: Returning clearance (non-insulated) = 50.00 mm
[2025-08-02 18:24:56] Processing Duct 2138765
[2025-08-02 18:24:56] Duct 2138765: No insulation found
[2025-08-02 18:24:56] Duct 2138765: Returning clearance (non-insulated) = 50.00 mm
[2025-08-02 18:24:56] Processing Duct 2138766
[2025-08-02 18:24:56] Duct 2138766: No insulation found
[2025-08-02 18:24:56] Duct 2138766: Returning clearance (non-insulated) = 50.00 mm
