PROCESSING: Duct 1836713 Line Start=(102.683727016, 34.609359324, 60.252624672), End=(102.749343814, 34.609359324, 60.252624672)
SKIP: Duct 1836713 no intersection with any structural element
PROCESSING: Duct 1836766 Line Start=(103.749343814, 34.609359324, 60.252624672), End=(104.740813630, 34.609359324, 60.252624672)
HOST: Duct 1836766 intersects Wall 10933084 BBox=((104.073748404, 34.609359324, 60.252624672),(104.401832393, 34.609359324, 60.252624672))
DUPLICATION CHECK at (104.237790398, 34.609359324, 60.252624672):
No sleeves found at location
PLACED: Duct 1836766 host Wall 10933084 at (104.237790398, 34.609359324, 60.252624672) size=(1.64041994750656,1.49278215223097)
PROCESSING: Duct 1836773 Line Start=(106.069553788, 33.280619166, 60.252624672), End=(106.069553788, 32.394080992, 60.252624672)
SKIP: Duct 1836773 no intersection with any structural element
PROCESSING: Duct 1837887 Line Start=(99.596456675, 32.873795019, 60.252624672), End=(99.596456675, 36.344923628, 60.252624672)
SKIP: Duct 1837887 no intersection with any structural element
PROCESSING: Duct 1837990 Line Start=(100.400262449, 34.609359324, 60.252624672), End=(100.334645651, 34.609359324, 60.252624672)
SKIP: Duct 1837990 no intersection with any structural element
PROCESSING: Duct 1838056 Line Start=(99.596456675, 36.344923628, 60.252624672), End=(99.596456675, 36.391155860, 60.252624672)
SKIP: Duct 1838056 no intersection with any structural element
PROCESSING: Duct 1838225 Line Start=(103.872375310, 37.719896017, 60.252624672), End=(104.326315355, 37.719896017, 60.252624672)
HOST: Duct 1838225 intersects Wall 10933084 BBox=((104.073748404, 37.719896017, 60.252624672),(104.073748404, 37.719896017, 60.252624672))
DUPLICATION CHECK at (104.073748404, 37.719896017, 60.252624672):
No sleeves found at location
PLACED: Duct 1838225 host Wall 10933084 at (104.073748404, 37.719896017, 60.252624672) size=(1.64041994750656,0.984251968503937)
PROCESSING: Duct 1838752 Line Start=(101.048228328, 38.765809567, 60.613517060), End=(101.959306363, 38.765809567, 60.613517060)
SKIP: Duct 1838752 no intersection with any structural element
PROCESSING: Duct 1838862 Line Start=(99.998904536, 38.765809567, 60.408364713), End=(100.048316800, 38.765809567, 60.457777019)
SKIP: Duct 1838862 no intersection with any structural element
PROCESSING: Duct 1838872 Line Start=(102.467836547, 40.574976177, 60.613517060), End=(102.467836547, 41.088211029, 60.613517060)
SKIP: Duct 1838872 no intersection with any structural element
PROCESSING: Duct 1838882 Line Start=(102.467836547, 41.856793931, 60.941601050), End=(102.467836547, 43.244156023, 60.941601050)
SKIP: Duct 1838882 no intersection with any structural element
PROCESSING: Duct 1839034 Line Start=(102.467836547, 41.464200370, 60.769256945), End=(102.467836547, 41.480804591, 60.785861166)
SKIP: Duct 1839034 no intersection with any structural element
PROCESSING: Duct 1839044 Line Start=(99.280854764, 43.752686207, 60.941601050), End=(101.959306363, 43.752686207, 60.941601050)
SKIP: Duct 1839044 no intersection with any structural element
PROCESSING: Duct 1839407 Line Start=(107.452417747, 32.394080992, 59.793307087), End=(107.452417747, 41.088835287, 59.793307087)
SKIP: Duct 1839407 no intersection with any structural element
PROCESSING: Duct 1839417 Line Start=(98.624686785, 41.597365470, 59.793307087), End=(98.251957282, 41.597365470, 59.793307087)
SKIP: Duct 1839417 no intersection with any structural element
PROCESSING: Duct 1839431 Line Start=(97.743427098, 41.597365470, 62.664041995), End=(97.743427098, 41.597365470, 60.301837270)
SKIP: Duct 1839431 no intersection with any structural element
PROCESSING: Duct 1839557 Line Start=(98.055106888, 43.752686207, 61.450131234), End=(98.055106888, 43.752686207, 63.238188976)
SKIP: Duct 1839557 no intersection with any structural element
PROCESSING: Duct 1840373 Line Start=(100.925196832, 37.719896017, 60.252624672), End=(103.380249326, 37.719896017, 60.252624672)
SKIP: Duct 1840373 no intersection with any structural element
PROCESSING: Duct 1840618 Line Start=(100.424306287, 38.765809567, 60.613517060), End=(100.556102344, 38.765809567, 60.613517060)
SKIP: Duct 1840618 no intersection with any structural element
PROCESSING: Duct 1841005 Line Start=(104.483943632, 41.597365470, 59.793307087), End=(100.703740139, 41.597365470, 59.793307087)
HOST: Duct 1841005 intersects Wall 10933084 BBox=((104.073748404, 41.597365470, 59.793307087),(104.401832393, 41.597365470, 59.793307087))
DUPLICATION CHECK at (104.237790398, 41.597365470, 59.793307087):
No sleeves found at location
PLACED: Duct 1841005 host Wall 10933084 at (104.237790398, 41.597365470, 59.793307087) size=(0.820209973753281,0.820209973753281)
PROCESSING: Duct 1844367 Line Start=(101.387550419, 42.708507283, 59.383202100), End=(101.959306363, 42.708507283, 59.383202100)
SKIP: Duct 1844367 no intersection with any structural element
PROCESSING: Duct 1844602 Line Start=(100.170330774, 42.001394958, 59.383202100), End=(100.239939181, 42.001394958, 59.383202100)
SKIP: Duct 1844602 no intersection with any structural element
PROCESSING: Duct 1844609 Line Start=(101.011561078, 42.552767399, 59.383202100), End=(100.615928521, 42.157134842, 59.383202100)
SKIP: Duct 1844609 no intersection with any structural element
PROCESSING: Duct 1844877 Line Start=(102.467836547, 42.708507283, 60.433070866), End=(102.467836547, 42.708507283, 59.891732283)
SKIP: Duct 1844877 no intersection with any structural element
PROCESSING: Duct 1844998 Line Start=(99.622915049, 38.765809567, 60.252624672), End=(98.143481137, 38.765809567, 60.252624672)
SKIP: Duct 1844998 no intersection with any structural element
PROCESSING: Duct 1845367 Line Start=(106.250532160, 31.606679418, 60.269028871), End=(106.250532160, 31.737913013, 60.269028871)
SKIP: Duct 1845367 no intersection with any structural element
PROCESSING: Duct 1845413 Line Start=(104.610112212, 32.065997003, 60.301837270), End=(107.890952107, 32.065997003, 60.301837270)
SKIP: Duct 1845413 no intersection with any structural element
PROCESSING: Duct 1871832 Line Start=(98.563637072, 43.752686207, 60.941601050), End=(98.624686785, 43.752686207, 60.941601050)
SKIP: Duct 1871832 no intersection with any structural element
PROCESSING: Duct 1872157 Line Start=(100.211614155, 41.597365470, 59.793307087), End=(99.280854764, 41.597365470, 59.793307087)
HOST: Duct 1872157 intersects Wall 10932981 BBox=((99.345732264, 41.597365470, 59.793307087),(99.394944862, 41.597365470, 59.793307087))
DUPLICATION CHECK at (99.370338563, 41.597365470, 59.793307087):
No sleeves found at location
PLACED: Duct 1872157 host Wall 10932981 at (99.370338563, 41.597365470, 59.793307087) size=(0.820209973753281,0.820209973753281)
PROCESSING: Duct 1875986 Line Start=(106.943887564, 41.597365470, 59.793307087), End=(104.812027622, 41.597365470, 59.793307087)
SKIP: Duct 1875986 no intersection with any structural element
PROCESSING: Duct 1876236 Line Start=(102.467836547, 39.274339750, 60.613517060), End=(102.467836547, 39.918808198, 60.613517060)
SKIP: Duct 1876236 no intersection with any structural element
PROCESSING: Duct 1933792 Line Start=(99.753919125, 30.347622614, 63.057742782), End=(99.753919125, 30.347622614, 55.511811024)
HOST: Duct 1933792 intersects Floor 1713828 BBox=((99.753919125, 30.347622614, 62.089895013),(99.753919125, 30.347622614, 62.335958005))
FLOOR DEBUG: Duct 1933792 intersects Floor 1713828 - Status: NON-STRUCTURAL
SKIP: Duct 1933792 host Floor 1713828 is NON-STRUCTURAL. Sleeve will NOT be placed.
HOST: Duct 1933792 intersects Floor 10934404 BBox=((99.753919125, 30.347622614, 61.236876640),(99.753919125, 30.347622614, 62.089895013))
FLOOR DEBUG: Duct 1933792 intersects Floor 10934404 - Status: STRUCTURAL
FLOOR SYMBOL: Found floor symbol: DuctOpeningOnSlab - DS#
DUPLICATION CHECK at (99.753919125, 30.347622614, 61.663385827):
No sleeves found at location
PLACED: Duct 1933792 host Floor 10934404 at (99.753919125, 30.347622614, 61.663385827) size=(0.820209973753281,1.96850393700787)
PROCESSING: Duct 1950980 Line Start=(100.946031966, 26.377346247, 62.697660362), End=(100.946031966, 26.377346247, 54.628801967)
HOST: Duct 1950980 intersects Floor 1713828 BBox=((100.946031966, 26.377346247, 62.089895013),(100.946031966, 26.377346247, 62.335958005))
FLOOR DEBUG: Duct 1950980 intersects Floor 1713828 - Status: NON-STRUCTURAL
SKIP: Duct 1950980 host Floor 1713828 is NON-STRUCTURAL. Sleeve will NOT be placed.
HOST: Duct 1950980 intersects Floor 10934404 BBox=((100.946031966, 26.377346247, 61.236876640),(100.946031966, 26.377346247, 62.089895013))
FLOOR DEBUG: Duct 1950980 intersects Floor 10934404 - Status: STRUCTURAL
FLOOR SYMBOL: Found floor symbol: DuctOpeningOnSlab - DS#
DUPLICATION CHECK at (100.946031966, 26.377346247, 61.663385827):
No sleeves found at location
PLACED: Duct 1950980 host Floor 10934404 at (100.946031966, 26.377346247, 61.663385827) size=(1.31233595800525,0.820209973753281)
PROCESSING: Duct 1950997 Line Start=(100.081193146, 26.356028745, 62.697660362), End=(100.081193146, 26.356028745, 55.151728604)
HOST: Duct 1950997 intersects Floor 1713828 BBox=((100.081193146, 26.356028745, 62.089895013),(100.081193146, 26.356028745, 62.335958005))
FLOOR DEBUG: Duct 1950997 intersects Floor 1713828 - Status: NON-STRUCTURAL
SKIP: Duct 1950997 host Floor 1713828 is NON-STRUCTURAL. Sleeve will NOT be placed.
HOST: Duct 1950997 intersects Floor 10934404 BBox=((100.081193146, 26.356028745, 61.236876640),(100.081193146, 26.356028745, 62.089895013))
FLOOR DEBUG: Duct 1950997 intersects Floor 10934404 - Status: STRUCTURAL
FLOOR SYMBOL: Found floor symbol: DuctOpeningOnSlab - DS#
DUPLICATION CHECK at (100.081193146, 26.356028745, 61.663385827):
No sleeves found at location
PLACED: Duct 1950997 host Floor 10934404 at (100.081193146, 26.356028745, 61.663385827) size=(1.31233595800525,0.820209973753281)
PROCESSING: Duct 1951504 Line Start=(103.428694065, 46.363676193, 60.252624672), End=(103.428694065, 43.175853106, 60.252624672)
HOST: Duct 1951504 intersects Wall 3979488 BBox=((103.428694065, 44.619395749, 60.252624672),(103.428694065, 45.275563728, 60.252624672))
DUPLICATION CHECK at (103.428694065, 44.947479738, 60.252624672):
No sleeves found at location
PLACED: Duct 1951504 host Wall 3979488 at (103.428694065, 44.947479738, 60.252624672) size=(0.984251968503937,0.820209973753281)
PROCESSING: Duct 1951563 Line Start=(102.706909288, 46.363676193, 60.252624672), End=(102.706909288, 43.214069894, 60.252624672)
HOST: Duct 1951563 intersects Wall 3979488 BBox=((102.706909288, 44.619395749, 60.252624672),(102.706909288, 45.275563728, 60.252624672))
DUPLICATION CHECK at (102.706909288, 44.947479738, 60.252624672):
No sleeves found at location
PLACED: Duct 1951563 host Wall 3979488 at (102.706909288, 44.947479738, 60.252624672) size=(0.820209973753281,0.984251968503937)
PROCESSING: Duct 2047679 Line Start=(102.535816902, 25.812588226, 62.697660362), End=(102.535816902, 25.812588226, 54.628801967)
HOST: Duct 2047679 intersects Floor 1713828 BBox=((102.535816902, 25.812588226, 62.089895013),(102.535816902, 25.812588226, 62.335958005))
FLOOR DEBUG: Duct 2047679 intersects Floor 1713828 - Status: NON-STRUCTURAL
SKIP: Duct 2047679 host Floor 1713828 is NON-STRUCTURAL. Sleeve will NOT be placed.
HOST: Duct 2047679 intersects Floor 10934404 BBox=((102.535816902, 25.812588226, 61.236876640),(102.535816902, 25.812588226, 62.089895013))
FLOOR DEBUG: Duct 2047679 intersects Floor 10934404 - Status: STRUCTURAL
FLOOR SYMBOL: Found floor symbol: DuctOpeningOnSlab - DS#
DUPLICATION CHECK at (102.535816902, 25.812588226, 61.663385827):
No sleeves found at location
PLACED: Duct 2047679 host Floor 10934404 at (102.535816902, 25.812588226, 61.663385827) size=(1.31233595800525,0.820209973753281)
PROCESSING: Duct 2047862 Line Start=(102.535816902, 26.403139407, 62.697660362), End=(102.535816902, 26.403139407, 54.628801967)
HOST: Duct 2047862 intersects Floor 1713828 BBox=((102.535816902, 26.403139407, 62.089895013),(102.535816902, 26.403139407, 62.335958005))
FLOOR DEBUG: Duct 2047862 intersects Floor 1713828 - Status: NON-STRUCTURAL
SKIP: Duct 2047862 host Floor 1713828 is NON-STRUCTURAL. Sleeve will NOT be placed.
HOST: Duct 2047862 intersects Floor 10934404 BBox=((102.535816902, 26.403139407, 61.236876640),(102.535816902, 26.403139407, 62.089895013))
FLOOR DEBUG: Duct 2047862 intersects Floor 10934404 - Status: STRUCTURAL
FLOOR SYMBOL: Found floor symbol: DuctOpeningOnSlab - DS#
DUPLICATION CHECK at (102.535816902, 26.403139407, 61.663385827):
No sleeves found at location
PLACED: Duct 2047862 host Floor 10934404 at (102.535816902, 26.403139407, 61.663385827) size=(1.31233595800525,0.820209973753281)
DUCT SLEEVE SUMMARY: Placed=11, Skipped=32, Errors=0
