PROCESSING: Duct 1836713 Line Start=(102.683727016, 34.609359324, 60.252624672), End=(102.749343814, 34.609359324, 60.252624672)
SKIP: Duct 1836713 no intersection with any structural element
PROCESSING: Duct 1836766 Line Start=(103.749343814, 34.609359324, 60.252624672), End=(104.740813630, 34.609359324, 60.252624672)
SKIP: Duct 1836766 no intersection with any structural element
PROCESSING: Duct 1836773 Line Start=(106.069553788, 33.280619166, 60.252624672), End=(106.069553788, 32.394080992, 60.252624672)
SKIP: Duct 1836773 no intersection with any structural element
PROCESSING: Duct 1837887 Line Start=(99.596456675, 32.873795019, 60.252624672), End=(99.596456675, 36.344923628, 60.252624672)
SKIP: Duct 1837887 no intersection with any structural element
PROCESSING: Duct 1837990 Line Start=(100.400262449, 34.609359324, 60.252624672), End=(100.334645651, 34.609359324, 60.252624672)
SKIP: Duct 1837990 no intersection with any structural element
PROCESSING: Duct 1838056 Line Start=(99.596456675, 36.344923628, 60.252624672), End=(99.596456675, 36.391155860, 60.252624672)
SKIP: Duct 1838056 no intersection with any structural element
PROCESSING: Duct 1838225 Line Start=(103.872375310, 37.719896017, 60.252624672), End=(104.326315355, 37.719896017, 60.252624672)
SKIP: Duct 1838225 no intersection with any structural element
PROCESSING: Duct 1838752 Line Start=(101.048228328, 38.765809567, 60.613517060), End=(101.959306363, 38.765809567, 60.613517060)
SKIP: Duct 1838752 no intersection with any structural element
PROCESSING: Duct 1838862 Line Start=(99.998904536, 38.765809567, 60.408364713), End=(100.048316800, 38.765809567, 60.457777019)
SKIP: Duct 1838862 no intersection with any structural element
PROCESSING: Duct 1838872 Line Start=(102.467836547, 40.345317384, 60.613517060), End=(102.467836547, 41.088211029, 60.613517060)
SKIP: Duct 1838872 no intersection with any structural element
PROCESSING: Duct 1838882 Line Start=(102.467836547, 41.856793931, 60.941601050), End=(102.467836547, 43.244156023, 60.941601050)
SKIP: Duct 1838882 no intersection with any structural element
PROCESSING: Duct 1839034 Line Start=(102.467836547, 41.464200370, 60.769256945), End=(102.467836547, 41.480804591, 60.785861166)
SKIP: Duct 1839034 no intersection with any structural element
PROCESSING: Duct 1839044 Line Start=(99.280854764, 43.752686207, 60.941601050), End=(101.959306363, 43.752686207, 60.941601050)
SKIP: Duct 1839044 no intersection with any structural element
PROCESSING: Duct 1839407 Line Start=(107.452417747, 32.394080992, 59.793307087), End=(107.452417747, 41.088835287, 59.793307087)
SKIP: Duct 1839407 no intersection with any structural element
PROCESSING: Duct 1839417 Line Start=(98.624686785, 41.597365470, 59.793307087), End=(98.251957282, 41.597365470, 59.793307087)
SKIP: Duct 1839417 no intersection with any structural element
PROCESSING: Duct 1839431 Line Start=(97.743427098, 41.597365470, 62.664041995), End=(97.743427098, 41.597365470, 60.301837270)
SKIP: Duct 1839431 no intersection with any structural element
PROCESSING: Duct 1839557 Line Start=(98.055106888, 43.752686207, 61.450131234), End=(98.055106888, 43.752686207, 63.238188976)
SKIP: Duct 1839557 no intersection with any structural element
PROCESSING: Duct 1840373 Line Start=(100.925196832, 37.719896017, 60.252624672), End=(103.380249326, 37.719896017, 60.252624672)
SKIP: Duct 1840373 no intersection with any structural element
PROCESSING: Duct 1840618 Line Start=(100.424306287, 38.765809567, 60.613517060), End=(100.556102344, 38.765809567, 60.613517060)
SKIP: Duct 1840618 no intersection with any structural element
PROCESSING: Duct 1841005 Line Start=(104.483943632, 41.597365470, 59.793307087), End=(100.703740139, 41.597365470, 59.793307087)
SKIP: Duct 1841005 no intersection with any structural element
PROCESSING: Duct 1844367 Line Start=(101.387550419, 42.708507283, 59.383202100), End=(101.959306363, 42.708507283, 59.383202100)
SKIP: Duct 1844367 no intersection with any structural element
PROCESSING: Duct 1844602 Line Start=(100.170330774, 42.001394958, 59.383202100), End=(100.239939181, 42.001394958, 59.383202100)
SKIP: Duct 1844602 no intersection with any structural element
PROCESSING: Duct 1844609 Line Start=(101.011561078, 42.552767399, 59.383202100), End=(100.615928521, 42.157134842, 59.383202100)
SKIP: Duct 1844609 no intersection with any structural element
PROCESSING: Duct 1844877 Line Start=(102.467836547, 42.708507283, 60.433070866), End=(102.467836547, 42.708507283, 59.891732283)
SKIP: Duct 1844877 no intersection with any structural element
PROCESSING: Duct 1844998 Line Start=(99.622915049, 38.765809567, 60.252624672), End=(98.143481137, 38.765809567, 60.252624672)
HOST: Duct 1844998 intersects FamilyInstance 5100513 BBox=((98.600036047, 38.765809567, 60.252624672),(98.600036047, 38.765809567, 60.252624672))
DUPLICATION CHECK at (98.600036047, 38.765809567, 60.252624672):
Individual sleeves: DS# (ID:2069643)
SKIP: Duct 1844998 host FamilyInstance 5100513 duplicate sleeve (individual or cluster) exists near (98.600036047, 38.765809567, 60.252624672)
PROCESSING: Duct 1845367 Line Start=(106.250532160, 31.606679418, 60.269028871), End=(106.250532160, 31.737913013, 60.269028871)
SKIP: Duct 1845367 no intersection with any structural element
PROCESSING: Duct 1845413 Line Start=(104.610112212, 32.065997003, 60.301837270), End=(107.890952107, 32.065997003, 60.301837270)
SKIP: Duct 1845413 no intersection with any structural element
PROCESSING: Duct 1871832 Line Start=(98.563637072, 43.752686207, 60.941601050), End=(98.624686785, 43.752686207, 60.941601050)
HOST: Duct 1871832 intersects FamilyInstance 5098679 BBox=((98.596414794, 43.752686207, 60.941601050),(98.596414794, 43.752686207, 60.941601050))
DUPLICATION CHECK at (98.596414794, 43.752686207, 60.941601050):
Individual sleeves: DS# (ID:2069645)
SKIP: Duct 1871832 host FamilyInstance 5098679 duplicate sleeve (individual or cluster) exists near (98.596414794, 43.752686207, 60.941601050)
PROCESSING: Duct 1872157 Line Start=(100.211614155, 41.597365470, 59.793307087), End=(99.280854764, 41.597365470, 59.793307087)
SKIP: Duct 1872157 no intersection with any structural element
PROCESSING: Duct 1875986 Line Start=(106.943887564, 41.597365470, 59.793307087), End=(104.812027622, 41.597365470, 59.793307087)
SKIP: Duct 1875986 no intersection with any structural element
PROCESSING: Duct 1876236 Line Start=(102.467836547, 39.274339750, 60.613517060), End=(102.467836547, 40.017233395, 60.613517060)
SKIP: Duct 1876236 no intersection with any structural element
PROCESSING: Duct 1933792 Line Start=(99.753919125, 30.347622614, 63.057742782), End=(99.753919125, 30.347622614, 55.511811024)
HOST: Duct 1933792 intersects Floor 3240340 BBox=((99.753919125, 30.347622614, 61.335301837),(99.753919125, 30.347622614, 62.188320210))
DUPLICATION CHECK at (99.753919125, 30.347622614, 61.761811024):
Individual sleeves: DS# (ID:2069647)
SKIP: Duct 1933792 host Floor 3240340 duplicate sleeve (individual or cluster) exists near (99.753919125, 30.347622614, 61.761811024)
PROCESSING: Duct 1935079 Line Start=(109.030454629, 28.024919218, 60.252624672), End=(112.311294524, 28.024919218, 60.252624672)
HOST: Duct 1935079 intersects FamilyInstance 5098632 BBox=((110.072178460, 28.024919218, 60.252624672),(111.548556412, 28.024919218, 60.252624672))
DUPLICATION CHECK at (110.810367436, 28.024919218, 60.252624672):
Individual sleeves: DS# (ID:2069649)
SKIP: Duct 1935079 host FamilyInstance 5098632 duplicate sleeve (individual or cluster) exists near (110.810367436, 28.024919218, 60.252624672)
PROCESSING: Duct 1936185 Line Start=(109.030454629, 28.254578011, 60.252624672), End=(112.311294524, 28.254578011, 60.252624672)
HOST: Duct 1936185 intersects FamilyInstance 5098632 BBox=((110.072178460, 28.254578011, 60.252624672),(111.548556412, 28.254578011, 60.252624672))
DUPLICATION CHECK at (110.810367436, 28.254578011, 60.252624672):
Individual sleeves: DS# (ID:2069649)
SKIP: Duct 1936185 host FamilyInstance 5098632 duplicate sleeve (individual or cluster) exists near (110.810367436, 28.254578011, 60.252624672)
PROCESSING: Duct 1950980 Line Start=(100.946031966, 26.377346247, 62.697660362), End=(100.946031966, 26.377346247, 54.628801967)
HOST: Duct 1950980 intersects Floor 3240340 BBox=((100.946031966, 26.377346247, 61.335301837),(100.946031966, 26.377346247, 62.188320210))
DUPLICATION CHECK at (100.946031966, 26.377346247, 61.761811024):
Cluster sleeves: DS# (ID:2069708)
SKIP: Duct 1950980 host Floor 3240340 duplicate sleeve (individual or cluster) exists near (100.946031966, 26.377346247, 61.761811024)
PROCESSING: Duct 1950997 Line Start=(100.081193146, 26.356028745, 62.697660362), End=(100.081193146, 26.356028745, 55.151728604)
HOST: Duct 1950997 intersects Floor 3240340 BBox=((100.081193146, 26.356028745, 61.335301837),(100.081193146, 26.356028745, 62.188320210))
DUPLICATION CHECK at (100.081193146, 26.356028745, 61.761811024):
Cluster sleeves: DS# (ID:2069708)
SKIP: Duct 1950997 host Floor 3240340 duplicate sleeve (individual or cluster) exists near (100.081193146, 26.356028745, 61.761811024)
PROCESSING: Duct 1951504 Line Start=(103.428694065, 46.363676193, 60.252624672), End=(103.428694065, 43.175853106, 60.252624672)
HOST: Duct 1951504 intersects FamilyInstance 5098679 BBox=((103.428694065, 43.471101699, 60.252624672),(103.428694065, 44.455353667, 60.252624672))
DUPLICATION CHECK at (103.428694065, 43.963227683, 60.252624672):
Cluster sleeves: CT# (ID:2069706)
SKIP: Duct 1951504 host FamilyInstance 5098679 duplicate sleeve (individual or cluster) exists near (103.428694065, 43.963227683, 60.252624672)
PROCESSING: Duct 1951563 Line Start=(102.706909288, 46.363676193, 60.252624672), End=(102.706909288, 43.214069894, 60.252624672)
HOST: Duct 1951563 intersects FamilyInstance 5098679 BBox=((102.706909288, 43.471101699, 60.252624672),(102.706909288, 44.455353667, 60.252624672))
DUPLICATION CHECK at (102.706909288, 43.963227683, 60.252624672):
Cluster sleeves: CT# (ID:2069706)
SKIP: Duct 1951563 host FamilyInstance 5098679 duplicate sleeve (individual or cluster) exists near (102.706909288, 43.963227683, 60.252624672)
PROCESSING: Duct 1951726 Line Start=(95.250534113, 19.745107647, 60.252624672), End=(101.484129913, 19.745107647, 60.252624672)
HOST: Duct 1951726 intersects FamilyInstance 5100513 BBox=((97.123658094, 19.745107647, 60.252624672),(98.600036047, 19.745107647, 60.252624672))
DUPLICATION CHECK at (97.861847071, 19.745107647, 60.252624672):
Individual sleeves: DS# (ID:2069658)
SKIP: Duct 1951726 host FamilyInstance 5100513 duplicate sleeve (individual or cluster) exists near (97.861847071, 19.745107647, 60.252624672)
PROCESSING: Duct 1951727 Line Start=(95.250534113, 19.974766439, 60.252624672), End=(100.171793955, 19.974766439, 60.252624672)
HOST: Duct 1951727 intersects FamilyInstance 5100513 BBox=((97.123658094, 19.974766439, 60.252624672),(98.600036047, 19.974766439, 60.252624672))
DUPLICATION CHECK at (97.861847071, 19.974766439, 60.252624672):
Individual sleeves: DS# (ID:2069658)
SKIP: Duct 1951727 host FamilyInstance 5100513 duplicate sleeve (individual or cluster) exists near (97.861847071, 19.974766439, 60.252624672)
PROCESSING: Duct 1958680 Line Start=(95.250534113, 21.352719195, 60.252624672), End=(100.171793955, 21.352719195, 60.252624672)
HOST: Duct 1958680 intersects FamilyInstance 5100513 BBox=((97.123658094, 21.352719195, 60.252624672),(98.600036047, 21.352719195, 60.252624672))
DUPLICATION CHECK at (97.861847071, 21.352719195, 60.252624672):
Individual sleeves: DS# (ID:2069660)
SKIP: Duct 1958680 host FamilyInstance 5100513 duplicate sleeve (individual or cluster) exists near (97.861847071, 21.352719195, 60.252624672)
PROCESSING: Duct 2047679 Line Start=(102.535816902, 25.812588226, 62.697660362), End=(102.535816902, 25.812588226, 54.628801967)
HOST: Duct 2047679 intersects Floor 3240340 BBox=((102.535816902, 25.812588226, 61.335301837),(102.535816902, 25.812588226, 62.188320210))
DUPLICATION CHECK at (102.535816902, 25.812588226, 61.761811024):
Cluster sleeves: DS# (ID:2069709)
SKIP: Duct 2047679 host Floor 3240340 duplicate sleeve (individual or cluster) exists near (102.535816902, 25.812588226, 61.761811024)
PROCESSING: Duct 2047862 Line Start=(102.535816902, 26.403139407, 62.697660362), End=(102.535816902, 26.403139407, 54.628801967)
HOST: Duct 2047862 intersects Floor 3240340 BBox=((102.535816902, 26.403139407, 61.335301837),(102.535816902, 26.403139407, 62.188320210))
DUPLICATION CHECK at (102.535816902, 26.403139407, 61.761811024):
Cluster sleeves: DS# (ID:2069709)
SKIP: Duct 2047862 host Floor 3240340 duplicate sleeve (individual or cluster) exists near (102.535816902, 26.403139407, 61.761811024)
PROCESSING: Duct 1743336 Line Start=(27.129265092, 25.401134475, 59.957349081), End=(27.129265092, 25.778431063, 59.957349081)
SKIP: Duct 1743336 no intersection with any structural element
PROCESSING: Duct 1743506 Line Start=(25.206692913, 22.917538675, 59.875328084), End=(22.352362205, 22.917538675, 59.875328084)
SKIP: Duct 1743506 no intersection with any structural element
PROCESSING: Duct 1743701 Line Start=(25.813648294, 35.374887756, 59.842519685), End=(25.813648294, 26.778431063, 59.842519685)
SKIP: Duct 1743701 no intersection with any structural element
PROCESSING: Duct 1743803 Line Start=(25.813648294, 36.374887756, 59.842519685), End=(25.813648294, 41.961942258, 59.842519685)
SKIP: Duct 1743803 no intersection with any structural element
PROCESSING: Duct 1743815 Line Start=(25.124671916, 42.650918636, 59.842519685), End=(22.460618080, 42.650918636, 59.842519685)
SKIP: Duct 1743815 no intersection with any structural element
PROCESSING: Duct 1744263 Line Start=(21.804450101, 41.814304462, 59.055118110), End=(22.460618080, 41.814304462, 59.055118110)
SKIP: Duct 1744263 no intersection with any structural element
PROCESSING: Duct 1744368 Line Start=(21.804450101, 31.316774543, 59.055118110), End=(22.460618080, 31.316774543, 59.055118110)
SKIP: Duct 1744368 no intersection with any structural element
PROCESSING: Duct 1744538 Line Start=(24.993438320, 30.486773113, 59.957349081), End=(22.460618080, 30.486773113, 59.957349081)
SKIP: Duct 1744538 no intersection with any structural element
PROCESSING: Duct 1744655 Line Start=(23.330964123, 24.484635873, 59.875328084), End=(23.330964123, 27.623939068, 59.875328084)
SKIP: Duct 1744655 no intersection with any structural element
PROCESSING: Duct 1744896 Line Start=(23.393419460, 21.407435280, 59.875328084), End=(23.393419460, 20.112420564, 59.875328084)
SKIP: Duct 1744896 no intersection with any structural element
PROCESSING: Duct 1744907 Line Start=(22.802868279, 19.521869383, 59.875328084), End=(21.949849906, 19.521869383, 59.875328084)
SKIP: Duct 1744907 no intersection with any structural element
PROCESSING: Duct 1745115 Line Start=(27.312992178, 28.648740248, 61.023622047), End=(25.628635976, 28.648740248, 61.023622047)
SKIP: Duct 1745115 no intersection with any structural element
PROCESSING: Duct 1745121 Line Start=(24.808426002, 28.648740248, 61.023622047), End=(24.577322321, 28.648740248, 61.023622047)
SKIP: Duct 1745121 no intersection with any structural element
PROCESSING: Duct 1745156 Line Start=(24.282046730, 28.944015838, 61.023622047), End=(24.282046730, 35.046378043, 61.023622047)
SKIP: Duct 1745156 no intersection with any structural element
PROCESSING: Duct 1745261 Line Start=(27.420826258, 35.341653634, 59.547244094), End=(27.760393187, 35.341653634, 59.547244094)
SKIP: Duct 1745261 no intersection with any structural element
PROCESSING: Duct 1745297 Line Start=(26.154601866, 28.074593266, 61.023622047), End=(26.154601866, 19.075181394, 61.023622047)
SKIP: Duct 1745297 no intersection with any structural element
PROCESSING: Duct 1745520 Line Start=(24.577322321, 35.341653634, 61.023622047), End=(26.621941743, 35.341653634, 61.023622047)
SKIP: Duct 1745520 no intersection with any structural element
PROCESSING: Duct 1745611 Line Start=(26.818792137, 35.341653634, 59.744094488), End=(26.818792137, 35.341653634, 60.826771654)
SKIP: Duct 1745611 no intersection with any structural element
PROCESSING: Duct 1746168 Line Start=(26.154601866, 18.878331000, 60.826771654), End=(26.154601866, 18.878331000, 59.842519685)
SKIP: Duct 1746168 no intersection with any structural element
PROCESSING: Duct 1746229 Line Start=(26.852436511, 18.878331000, 59.547244094), End=(27.506679319, 18.878331000, 59.547244094)
SKIP: Duct 1746229 no intersection with any structural element
PROCESSING: Duct 1746461 Line Start=(27.344710828, 30.870529961, 61.023622047), End=(26.683070866, 30.870529961, 61.023622047)
SKIP: Duct 1746461 no intersection with any structural element
PROCESSING: Duct 1746469 Line Start=(26.387795275, 31.165805552, 61.023622047), End=(26.387795275, 31.428272743, 61.023622047)
SKIP: Duct 1746469 no intersection with any structural element
PROCESSING: Duct 1746503 Line Start=(23.164842318, 31.723548334, 59.383202100), End=(22.460618080, 31.723548334, 59.383202100)
SKIP: Duct 1746503 no intersection with any structural element
PROCESSING: Duct 1746805 Line Start=(26.092519685, 31.723548334, 61.023622047), End=(25.156390618, 31.723548334, 61.023622047)
SKIP: Duct 1746805 no intersection with any structural element
PROCESSING: Duct 1746877 Line Start=(23.921693326, 32.297695315, 59.383202100), End=(23.921693326, 40.926304239, 59.383202100)
SKIP: Duct 1746877 no intersection with any structural element
PROCESSING: Duct 1746885 Line Start=(23.101596858, 41.221579830, 59.383202100), End=(22.460618080, 41.221579830, 59.383202100)
SKIP: Duct 1746885 no intersection with any structural element
PROCESSING: Duct 1746920 Line Start=(24.861115028, 31.723548334, 60.728346457), End=(24.861115028, 31.723548334, 59.678477690)
SKIP: Duct 1746920 no intersection with any structural element
PROCESSING: Duct 1746992 Line Start=(23.617451934, 32.646096630, 59.875328084), End=(23.617451934, 39.273393218, 59.875328084)
SKIP: Duct 1746992 no intersection with any structural element
PROCESSING: Duct 1747236 Line Start=(26.449877456, 18.878331000, 59.547244094), End=(26.524352522, 18.878331000, 59.547244094)
SKIP: Duct 1747236 no intersection with any structural element
PROCESSING: Duct 1747509 Line Start=(27.015642531, 35.341653634, 59.547244094), End=(27.092742268, 35.341653634, 59.547244094)
SKIP: Duct 1747509 no intersection with any structural element
PROCESSING: Duct 1747540 Line Start=(24.565839437, 31.723548334, 59.383202100), End=(23.492926307, 31.723548334, 59.383202100)
SKIP: Duct 1747540 no intersection with any structural element
PROCESSING: Duct 1747564 Line Start=(23.626417735, 41.221579830, 59.383202100), End=(23.429680847, 41.221579830, 59.383202100)
SKIP: Duct 1747564 no intersection with any structural element
PROCESSING: Duct 1747602 Line Start=(23.330964123, 23.737748648, 59.875328084), End=(23.330964123, 24.156551884, 59.875328084)
SKIP: Duct 1747602 no intersection with any structural element
PROCESSING: Duct 1747621 Line Start=(23.393419460, 22.015307704, 59.875328084), End=(23.393419460, 21.735519269, 59.875328084)
SKIP: Duct 1747621 no intersection with any structural element
PROCESSING: Duct 1747675 Line Start=(28.017283007, 30.870529961, 61.023622047), End=(27.672794818, 30.870529961, 61.023622047)
SKIP: Duct 1747675 no intersection with any structural element
PROCESSING: Duct 1747690 Line Start=(28.017283007, 28.648740248, 61.023622047), End=(27.641076168, 28.648740248, 61.023622047)
SKIP: Duct 1747690 no intersection with any structural element
DUCT SLEEVE SUMMARY: Placed=0, Skipped=79, Errors=0
