PROCESSING: Duct 1950980 Line Start=(100.946031966, 26.377346247, 62.697660362), End=(100.946031966, 26.377346247, 54.628801967)
HOST: Duct 1950980 intersects Floor 1713828 BBox=((100.946031966, 26.377346247, 62.089895013),(100.946031966, 26.377346247, 62.335958005))
FLOOR DEBUG: Duct 1950980 intersects Floor 1713828 - Status: NON-STRUCTURAL
SKIP: Duct 1950980 host Floor 1713828 is NON-STRUCTURAL. Sleeve will NOT be placed.
HOST: Duct 1950980 intersects Floor 10934404 BBox=((100.946031966, 26.377346247, 61.236876640),(100.946031966, 26.377346247, 62.089895013))
FLOOR DEBUG: Duct 1950980 intersects Floor 10934404 - Status: STRUCTURAL
FLOOR SYMBOL: Found floor symbol: DuctOpeningOnSlab - DS#
DUPLICATION CHECK at (100.946031966, 26.377346247, 61.663385827):
No sleeves found at location
PLACED: Duct 1950980 host Floor 10934404 at (100.946031966, 26.377346247, 61.663385827) size=(1.31233595800525,0.820209973753281)
PROCESSING: Duct 1950997 Line Start=(100.081193146, 26.356028745, 62.697660362), End=(100.081193146, 26.356028745, 55.151728604)
HOST: Duct 1950997 intersects Floor 1713828 BBox=((100.081193146, 26.356028745, 62.089895013),(100.081193146, 26.356028745, 62.335958005))
FLOOR DEBUG: Duct 1950997 intersects Floor 1713828 - Status: NON-STRUCTURAL
SKIP: Duct 1950997 host Floor 1713828 is NON-STRUCTURAL. Sleeve will NOT be placed.
HOST: Duct 1950997 intersects Floor 10934404 BBox=((100.081193146, 26.356028745, 61.236876640),(100.081193146, 26.356028745, 62.089895013))
FLOOR DEBUG: Duct 1950997 intersects Floor 10934404 - Status: STRUCTURAL
FLOOR SYMBOL: Found floor symbol: DuctOpeningOnSlab - DS#
DUPLICATION CHECK at (100.081193146, 26.356028745, 61.663385827):
No sleeves found at location
PLACED: Duct 1950997 host Floor 10934404 at (100.081193146, 26.356028745, 61.663385827) size=(1.31233595800525,0.820209973753281)
DUCT SLEEVE SUMMARY: Placed=2, Skipped=2, Errors=0
