PROCESSING: Duct 1845367 Line Start=(106.250532160, 31.606679418, 60.269028871), End=(106.250532160, 31.737913013, 60.269028871)
SKIP: Duct 1845367 no intersection with any structural element
PROCESSING: Duct 1845413 Line Start=(104.610112212, 32.065997003, 60.301837270), End=(107.890952107, 32.065997003, 60.301837270)
SKIP: Duct 1845413 no intersection with any structural element
PROCESSING: Duct 1933792 Line Start=(99.753919125, 30.347622614, 63.057742782), End=(99.753919125, 30.347622614, 55.511811024)
HOST: Duct 1933792 intersects Floor 1713828 BBox=((99.753919125, 30.347622614, 62.089895013),(99.753919125, 30.347622614, 62.335958005))
FLOOR DEBUG: Duct 1933792 intersects Floor 1713828 - Status: NON-STRUCTURAL
SKIP: Duct 1933792 host Floor 1713828 is NON-STRUCTURAL. Sleeve will NOT be placed.
HOST: Duct 1933792 intersects Floor 10934404 BBox=((99.753919125, 30.347622614, 61.236876640),(99.753919125, 30.347622614, 62.089895013))
FLOOR DEBUG: Duct 1933792 intersects Floor 10934404 - Status: STRUCTURAL
FLOOR SYMBOL: Found floor symbol: DuctOpeningOnSlab - DS#
DUPLICATION CHECK at (99.753919125, 30.347622614, 61.663385827):
No sleeves found at location
PLACED: Duct 1933792 host Floor 10934404 at (99.753919125, 30.347622614, 61.663385827) size=(0.820209973753281,1.96850393700787)
PROCESSING: Duct 1935079 Line Start=(109.030454629, 28.024919218, 60.252624672), End=(112.311294524, 28.024919218, 60.252624672)
SKIP: Duct 1935079 no intersection with any structural element
PROCESSING: Duct 1936185 Line Start=(109.030454629, 28.254578011, 60.252624672), End=(112.311294524, 28.254578011, 60.252624672)
SKIP: Duct 1936185 no intersection with any structural element
PROCESSING: Duct 1950980 Line Start=(100.946031966, 26.377346247, 62.697660362), End=(100.946031966, 26.377346247, 54.628801967)
HOST: Duct 1950980 intersects Floor 1713828 BBox=((100.946031966, 26.377346247, 62.089895013),(100.946031966, 26.377346247, 62.335958005))
FLOOR DEBUG: Duct 1950980 intersects Floor 1713828 - Status: NON-STRUCTURAL
SKIP: Duct 1950980 host Floor 1713828 is NON-STRUCTURAL. Sleeve will NOT be placed.
HOST: Duct 1950980 intersects Floor 10934404 BBox=((100.946031966, 26.377346247, 61.236876640),(100.946031966, 26.377346247, 62.089895013))
FLOOR DEBUG: Duct 1950980 intersects Floor 10934404 - Status: STRUCTURAL
FLOOR SYMBOL: Found floor symbol: DuctOpeningOnSlab - DS#
DUPLICATION CHECK at (100.946031966, 26.377346247, 61.663385827):
No sleeves found at location
PLACED: Duct 1950980 host Floor 10934404 at (100.946031966, 26.377346247, 61.663385827) size=(1.31233595800525,0.820209973753281)
PROCESSING: Duct 1950997 Line Start=(100.081193146, 26.356028745, 62.697660362), End=(100.081193146, 26.356028745, 55.151728604)
HOST: Duct 1950997 intersects Floor 1713828 BBox=((100.081193146, 26.356028745, 62.089895013),(100.081193146, 26.356028745, 62.335958005))
FLOOR DEBUG: Duct 1950997 intersects Floor 1713828 - Status: NON-STRUCTURAL
SKIP: Duct 1950997 host Floor 1713828 is NON-STRUCTURAL. Sleeve will NOT be placed.
HOST: Duct 1950997 intersects Floor 10934404 BBox=((100.081193146, 26.356028745, 61.236876640),(100.081193146, 26.356028745, 62.089895013))
FLOOR DEBUG: Duct 1950997 intersects Floor 10934404 - Status: STRUCTURAL
FLOOR SYMBOL: Found floor symbol: DuctOpeningOnSlab - DS#
DUPLICATION CHECK at (100.081193146, 26.356028745, 61.663385827):
No sleeves found at location
PLACED: Duct 1950997 host Floor 10934404 at (100.081193146, 26.356028745, 61.663385827) size=(1.31233595800525,0.820209973753281)
PROCESSING: Duct 2047679 Line Start=(102.535816902, 25.812588226, 62.697660362), End=(102.535816902, 25.812588226, 54.628801967)
HOST: Duct 2047679 intersects Floor 1713828 BBox=((102.535816902, 25.812588226, 62.089895013),(102.535816902, 25.812588226, 62.335958005))
FLOOR DEBUG: Duct 2047679 intersects Floor 1713828 - Status: NON-STRUCTURAL
SKIP: Duct 2047679 host Floor 1713828 is NON-STRUCTURAL. Sleeve will NOT be placed.
HOST: Duct 2047679 intersects Floor 10934404 BBox=((102.535816902, 25.812588226, 61.236876640),(102.535816902, 25.812588226, 62.089895013))
FLOOR DEBUG: Duct 2047679 intersects Floor 10934404 - Status: STRUCTURAL
FLOOR SYMBOL: Found floor symbol: DuctOpeningOnSlab - DS#
DUPLICATION CHECK at (102.535816902, 25.812588226, 61.663385827):
No sleeves found at location
PLACED: Duct 2047679 host Floor 10934404 at (102.535816902, 25.812588226, 61.663385827) size=(1.31233595800525,0.820209973753281)
PROCESSING: Duct 2047862 Line Start=(102.535816902, 26.403139407, 62.697660362), End=(102.535816902, 26.403139407, 54.628801967)
HOST: Duct 2047862 intersects Floor 1713828 BBox=((102.535816902, 26.403139407, 62.089895013),(102.535816902, 26.403139407, 62.335958005))
FLOOR DEBUG: Duct 2047862 intersects Floor 1713828 - Status: NON-STRUCTURAL
SKIP: Duct 2047862 host Floor 1713828 is NON-STRUCTURAL. Sleeve will NOT be placed.
HOST: Duct 2047862 intersects Floor 10934404 BBox=((102.535816902, 26.403139407, 61.236876640),(102.535816902, 26.403139407, 62.089895013))
FLOOR DEBUG: Duct 2047862 intersects Floor 10934404 - Status: STRUCTURAL
FLOOR SYMBOL: Found floor symbol: DuctOpeningOnSlab - DS#
DUPLICATION CHECK at (102.535816902, 26.403139407, 61.663385827):
No sleeves found at location
PLACED: Duct 2047862 host Floor 10934404 at (102.535816902, 26.403139407, 61.663385827) size=(1.31233595800525,0.820209973753281)
DUCT SLEEVE SUMMARY: Placed=5, Skipped=9, Errors=0
