PROCESSING: Duct 1836713 Line Start=(102.683727016, 34.609359324, 60.252624672), End=(102.749343814, 34.609359324, 60.252624672)
SKIP: Duct 1836713 no intersection with any structural element
PROCESSING: Duct 1836766 Line Start=(103.749343814, 34.609359324, 60.252624672), End=(104.740813630, 34.609359324, 60.252624672)
SKIP: Duct 1836766 no intersection with any structural element
PROCESSING: Duct 1836773 Line Start=(106.069553788, 33.280619166, 60.252624672), End=(106.069553788, 32.394080992, 60.252624672)
SKIP: Duct 1836773 no intersection with any structural element
PROCESSING: Duct 1837887 Line Start=(99.596456675, 32.873795019, 60.252624672), End=(99.596456675, 36.344923628, 60.252624672)
SKIP: Duct 1837887 no intersection with any structural element
PROCESSING: Duct 1837990 Line Start=(100.400262449, 34.609359324, 60.252624672), End=(100.334645651, 34.609359324, 60.252624672)
SKIP: Duct 1837990 no intersection with any structural element
PROCESSING: Duct 1838056 Line Start=(99.596456675, 36.344923628, 60.252624672), End=(99.596456675, 36.391155860, 60.252624672)
SKIP: Duct 1838056 no intersection with any structural element
PROCESSING: Duct 1838225 Line Start=(103.872375310, 37.719896017, 60.252624672), End=(104.326315355, 37.719896017, 60.252624672)
SKIP: Duct 1838225 no intersection with any structural element
PROCESSING: Duct 1838752 Line Start=(101.048228328, 38.765809567, 60.613517060), End=(101.959306363, 38.765809567, 60.613517060)
SKIP: Duct 1838752 no intersection with any structural element
PROCESSING: Duct 1838862 Line Start=(99.998904536, 38.765809567, 60.408364713), End=(100.048316800, 38.765809567, 60.457777019)
SKIP: Duct 1838862 no intersection with any structural element
PROCESSING: Duct 1838872 Line Start=(102.467836547, 40.574976177, 60.613517060), End=(102.467836547, 41.088211029, 60.613517060)
SKIP: Duct 1838872 no intersection with any structural element
PROCESSING: Duct 1838882 Line Start=(102.467836547, 41.856793931, 60.941601050), End=(102.467836547, 43.244156023, 60.941601050)
SKIP: Duct 1838882 no intersection with any structural element
PROCESSING: Duct 1839034 Line Start=(102.467836547, 41.464200370, 60.769256945), End=(102.467836547, 41.480804591, 60.785861166)
SKIP: Duct 1839034 no intersection with any structural element
PROCESSING: Duct 1839044 Line Start=(99.280854764, 43.752686207, 60.941601050), End=(101.959306363, 43.752686207, 60.941601050)
SKIP: Duct 1839044 no intersection with any structural element
PROCESSING: Duct 1839407 Line Start=(107.452417747, 32.394080992, 59.793307087), End=(107.452417747, 41.088835287, 59.793307087)
SKIP: Duct 1839407 no intersection with any structural element
PROCESSING: Duct 1839417 Line Start=(98.624686785, 41.597365470, 59.793307087), End=(98.251957282, 41.597365470, 59.793307087)
SKIP: Duct 1839417 no intersection with any structural element
PROCESSING: Duct 1839431 Line Start=(97.743427098, 41.597365470, 62.664041995), End=(97.743427098, 41.597365470, 60.301837270)
SKIP: Duct 1839431 no intersection with any structural element
PROCESSING: Duct 1839557 Line Start=(98.055106888, 43.752686207, 61.450131234), End=(98.055106888, 43.752686207, 63.238188976)
SKIP: Duct 1839557 no intersection with any structural element
PROCESSING: Duct 1840373 Line Start=(100.925196832, 37.719896017, 60.252624672), End=(103.380249326, 37.719896017, 60.252624672)
SKIP: Duct 1840373 no intersection with any structural element
PROCESSING: Duct 1840618 Line Start=(100.424306287, 38.765809567, 60.613517060), End=(100.556102344, 38.765809567, 60.613517060)
SKIP: Duct 1840618 no intersection with any structural element
PROCESSING: Duct 1841005 Line Start=(104.483943632, 41.597365470, 59.793307087), End=(100.703740139, 41.597365470, 59.793307087)
SKIP: Duct 1841005 no intersection with any structural element
PROCESSING: Duct 1844367 Line Start=(101.387550419, 42.708507283, 59.383202100), End=(101.959306363, 42.708507283, 59.383202100)
SKIP: Duct 1844367 no intersection with any structural element
PROCESSING: Duct 1844602 Line Start=(100.170330774, 42.001394958, 59.383202100), End=(100.239939181, 42.001394958, 59.383202100)
SKIP: Duct 1844602 no intersection with any structural element
PROCESSING: Duct 1844609 Line Start=(101.011561078, 42.552767399, 59.383202100), End=(100.615928521, 42.157134842, 59.383202100)
SKIP: Duct 1844609 no intersection with any structural element
PROCESSING: Duct 1844877 Line Start=(102.467836547, 42.708507283, 60.433070866), End=(102.467836547, 42.708507283, 59.891732283)
SKIP: Duct 1844877 no intersection with any structural element
PROCESSING: Duct 1844998 Line Start=(99.622915049, 38.765809567, 60.252624672), End=(98.143481137, 38.765809567, 60.252624672)
HOST: Duct 1844998 intersects FamilyInstance 5100513 BBox=((98.600036047, 38.765809567, 60.252624672),(98.600036047, 38.765809567, 60.252624672))
DUPLICATION CHECK at (98.600036047, 38.765809567, 60.252624672):
No sleeves found at location
PLACED: Duct 1844998 host FamilyInstance 5100513 at (98.600036047, 38.765809567, 60.252624672) size=(0.820209973753281,0.820209973753281)
PROCESSING: Duct 1845367 Line Start=(106.250532160, 31.606679418, 60.269028871), End=(106.250532160, 31.737913013, 60.269028871)
SKIP: Duct 1845367 no intersection with any structural element
PROCESSING: Duct 1845413 Line Start=(104.610112212, 32.065997003, 60.301837270), End=(107.890952107, 32.065997003, 60.301837270)
SKIP: Duct 1845413 no intersection with any structural element
PROCESSING: Duct 1871832 Line Start=(98.563637072, 43.752686207, 60.941601050), End=(98.624686785, 43.752686207, 60.941601050)
HOST: Duct 1871832 intersects FamilyInstance 5098679 BBox=((98.596414794, 43.752686207, 60.941601050),(98.596414794, 43.752686207, 60.941601050))
DUPLICATION CHECK at (98.596414794, 43.752686207, 60.941601050):
No sleeves found at location
PLACED: Duct 1871832 host FamilyInstance 5098679 at (98.596414794, 43.752686207, 60.941601050) size=(0.820209973753281,0.820209973753281)
PROCESSING: Duct 1872157 Line Start=(100.211614155, 41.597365470, 59.793307087), End=(99.280854764, 41.597365470, 59.793307087)
SKIP: Duct 1872157 no intersection with any structural element
PROCESSING: Duct 1875986 Line Start=(106.943887564, 41.597365470, 59.793307087), End=(104.812027622, 41.597365470, 59.793307087)
SKIP: Duct 1875986 no intersection with any structural element
PROCESSING: Duct 1876236 Line Start=(102.467836547, 39.274339750, 60.613517060), End=(102.467836547, 39.918808198, 60.613517060)
SKIP: Duct 1876236 no intersection with any structural element
PROCESSING: Duct 1933792 Line Start=(99.753919125, 30.347622614, 63.057742782), End=(99.753919125, 30.347622614, 55.511811024)
HOST: Duct 1933792 intersects Floor 3240340 BBox=((99.753919125, 30.347622614, 61.597769029),(99.753919125, 30.347622614, 62.450787402))
FLOOR DEBUG: Duct 1933792 intersects Floor 3240340 - Status: STRUCTURAL
FLOOR SYMBOL: Found floor symbol: DuctOpeningOnSlab - DS#
DUPLICATION CHECK at (99.753919125, 30.347622614, 62.024278215):
No sleeves found at location
PLACED: Duct 1933792 host Floor 3240340 at (99.753919125, 30.347622614, 62.024278215) size=(0.820209973753281,1.96850393700787)
PROCESSING: Duct 1935079 Line Start=(109.030454629, 28.024919218, 60.252624672), End=(112.311294524, 28.024919218, 60.252624672)
HOST: Duct 1935079 intersects FamilyInstance 5098632 BBox=((110.072178460, 28.024919218, 60.252624672),(111.548556412, 28.024919218, 60.252624672))
DUPLICATION CHECK at (110.810367436, 28.024919218, 60.252624672):
No sleeves found at location
PLACED: Duct 1935079 host FamilyInstance 5098632 at (110.810367436, 28.024919218, 60.252624672) size=(0.492125984251969,0.820209973753281)
PROCESSING: Duct 1936185 Line Start=(109.030454629, 28.254578011, 60.252624672), End=(112.311294524, 28.254578011, 60.252624672)
HOST: Duct 1936185 intersects FamilyInstance 5098632 BBox=((110.072178460, 28.254578011, 60.252624672),(111.548556412, 28.254578011, 60.252624672))
DUPLICATION CHECK at (110.810367436, 28.254578011, 60.252624672):
No sleeves found at location
PLACED: Duct 1936185 host FamilyInstance 5098632 at (110.810367436, 28.254578011, 60.252624672) size=(0.492125984251969,0.820209973753281)
PROCESSING: Duct 1950980 Line Start=(100.946031966, 26.377346247, 62.697660362), End=(100.946031966, 26.377346247, 54.628801967)
HOST: Duct 1950980 intersects Floor 3240340 BBox=((100.946031966, 26.377346247, 61.597769029),(100.946031966, 26.377346247, 62.450787402))
FLOOR DEBUG: Duct 1950980 intersects Floor 3240340 - Status: STRUCTURAL
FLOOR SYMBOL: Found floor symbol: DuctOpeningOnSlab - DS#
DUPLICATION CHECK at (100.946031966, 26.377346247, 62.024278215):
Cluster sleeves: DS# (ID:2145881)
SKIP: Duct 1950980 host Floor 3240340 duplicate sleeve (individual or cluster) exists near (100.946031966, 26.377346247, 62.024278215)
PROCESSING: Duct 1950997 Line Start=(100.081193146, 26.356028745, 62.697660362), End=(100.081193146, 26.356028745, 55.151728604)
HOST: Duct 1950997 intersects Floor 3240340 BBox=((100.081193146, 26.356028745, 61.597769029),(100.081193146, 26.356028745, 62.450787402))
FLOOR DEBUG: Duct 1950997 intersects Floor 3240340 - Status: STRUCTURAL
FLOOR SYMBOL: Found floor symbol: DuctOpeningOnSlab - DS#
DUPLICATION CHECK at (100.081193146, 26.356028745, 62.024278215):
Cluster sleeves: DS# (ID:2145881)
SKIP: Duct 1950997 host Floor 3240340 duplicate sleeve (individual or cluster) exists near (100.081193146, 26.356028745, 62.024278215)
PROCESSING: Duct 1951504 Line Start=(103.428694065, 46.363676193, 60.252624672), End=(103.428694065, 43.175853106, 60.252624672)
HOST: Duct 1951504 intersects FamilyInstance 5098679 BBox=((103.428694065, 43.471101699, 60.252624672),(103.428694065, 44.455353667, 60.252624672))
DUPLICATION CHECK at (103.428694065, 43.963227683, 60.252624672):
No sleeves found at location
PLACED: Duct 1951504 host FamilyInstance 5098679 at (103.428694065, 43.963227683, 60.252624672) size=(0.984251968503937,0.820209973753281)
PROCESSING: Duct 1951563 Line Start=(102.706909288, 46.363676193, 60.252624672), End=(102.706909288, 43.214069894, 60.252624672)
HOST: Duct 1951563 intersects FamilyInstance 5098679 BBox=((102.706909288, 43.471101699, 60.252624672),(102.706909288, 44.455353667, 60.252624672))
DUPLICATION CHECK at (102.706909288, 43.963227683, 60.252624672):
No sleeves found at location
PLACED: Duct 1951563 host FamilyInstance 5098679 at (102.706909288, 43.963227683, 60.252624672) size=(0.820209973753281,0.984251968503937)
PROCESSING: Duct 1951726 Line Start=(95.250534113, 19.745107647, 60.252624672), End=(101.484129913, 19.745107647, 60.252624672)
HOST: Duct 1951726 intersects FamilyInstance 5100513 BBox=((97.123658094, 19.745107647, 60.252624672),(98.600036047, 19.745107647, 60.252624672))
DUPLICATION CHECK at (97.861847071, 19.745107647, 60.252624672):
No sleeves found at location
PLACED: Duct 1951726 host FamilyInstance 5100513 at (97.861847071, 19.745107647, 60.252624672) size=(0.492125984251969,0.492125984251969)
PROCESSING: Duct 1951727 Line Start=(95.250534113, 19.974766439, 60.252624672), End=(100.171793955, 19.974766439, 60.252624672)
HOST: Duct 1951727 intersects FamilyInstance 5100513 BBox=((97.123658094, 19.974766439, 60.252624672),(98.600036047, 19.974766439, 60.252624672))
DUPLICATION CHECK at (97.861847071, 19.974766439, 60.252624672):
No sleeves found at location
PLACED: Duct 1951727 host FamilyInstance 5100513 at (97.861847071, 19.974766439, 60.252624672) size=(0.492125984251969,0.492125984251969)
PROCESSING: Duct 1958680 Line Start=(95.250534113, 21.352719195, 60.252624672), End=(100.171793955, 21.352719195, 60.252624672)
HOST: Duct 1958680 intersects FamilyInstance 5100513 BBox=((97.123658094, 21.352719195, 60.252624672),(98.600036047, 21.352719195, 60.252624672))
DUPLICATION CHECK at (97.861847071, 21.352719195, 60.252624672):
No sleeves found at location
PLACED: Duct 1958680 host FamilyInstance 5100513 at (97.861847071, 21.352719195, 60.252624672) size=(0.492125984251969,0.492125984251969)
PROCESSING: Duct 2047679 Line Start=(102.535816902, 25.812588226, 62.697660362), End=(102.535816902, 25.812588226, 54.628801967)
HOST: Duct 2047679 intersects Floor 3240340 BBox=((102.535816902, 25.812588226, 61.597769029),(102.535816902, 25.812588226, 62.450787402))
FLOOR DEBUG: Duct 2047679 intersects Floor 3240340 - Status: STRUCTURAL
FLOOR SYMBOL: Found floor symbol: DuctOpeningOnSlab - DS#
DUPLICATION CHECK at (102.535816902, 25.812588226, 62.024278215):
Cluster sleeves: DS# (ID:2145882)
SKIP: Duct 2047679 host Floor 3240340 duplicate sleeve (individual or cluster) exists near (102.535816902, 25.812588226, 62.024278215)
PROCESSING: Duct 2047862 Line Start=(102.535816902, 26.403139407, 62.697660362), End=(102.535816902, 26.403139407, 54.628801967)
HOST: Duct 2047862 intersects Floor 3240340 BBox=((102.535816902, 26.403139407, 61.597769029),(102.535816902, 26.403139407, 62.450787402))
FLOOR DEBUG: Duct 2047862 intersects Floor 3240340 - Status: STRUCTURAL
FLOOR SYMBOL: Found floor symbol: DuctOpeningOnSlab - DS#
DUPLICATION CHECK at (102.535816902, 26.403139407, 62.024278215):
Cluster sleeves: DS# (ID:2145882)
SKIP: Duct 2047862 host Floor 3240340 duplicate sleeve (individual or cluster) exists near (102.535816902, 26.403139407, 62.024278215)
PROCESSING: Duct 2138765 Line Start=(95.543864657, 20.549180323, 60.252624672), End=(98.824704552, 20.549180323, 60.252624672)
HOST: Duct 2138765 intersects FamilyInstance 5100513 BBox=((97.123658094, 20.549180323, 60.252624672),(98.600036047, 20.549180323, 60.252624672))
DUPLICATION CHECK at (97.861847071, 20.549180323, 60.252624672):
No sleeves found at location
PLACED: Duct 2138765 host FamilyInstance 5100513 at (97.861847071, 20.549180323, 60.252624672) size=(0.492125984251969,0.820209973753281)
PROCESSING: Duct 2138766 Line Start=(95.543864657, 20.778839116, 60.252624672), End=(98.824704552, 20.778839116, 60.252624672)
HOST: Duct 2138766 intersects FamilyInstance 5100513 BBox=((97.123658094, 20.778839116, 60.252624672),(98.600036047, 20.778839116, 60.252624672))
DUPLICATION CHECK at (97.861847071, 20.778839116, 60.252624672):
No sleeves found at location
PLACED: Duct 2138766 host FamilyInstance 5100513 at (97.861847071, 20.778839116, 60.252624672) size=(0.492125984251969,0.820209973753281)
PROCESSING: Duct 1743336 Line Start=(105.412139267, -12.868528876, 60.187007874), End=(105.412139267, -12.491232288, 60.187007874)
SKIP: Duct 1743336 no intersection with any structural element
PROCESSING: Duct 1743506 Line Start=(103.489567089, -15.352124677, 60.104986877), End=(100.635236380, -15.352124677, 60.104986877)
SKIP: Duct 1743506 no intersection with any structural element
PROCESSING: Duct 1743701 Line Start=(104.096522469, -2.894775595, 60.072178478), End=(104.096522469, -11.491232288, 60.072178478)
SKIP: Duct 1743701 no intersection with any structural element
PROCESSING: Duct 1743803 Line Start=(104.096522469, -1.894775595, 60.072178478), End=(104.096522469, 3.692278906, 60.072178478)
SKIP: Duct 1743803 no intersection with any structural element
PROCESSING: Duct 1743815 Line Start=(103.407546091, 4.381255284, 60.072178478), End=(100.743492256, 4.381255284, 60.072178478)
SKIP: Duct 1743815 no intersection with any structural element
PROCESSING: Duct 1744263 Line Start=(100.087324277, 3.544641111, 59.284776903), End=(100.743492256, 3.544641111, 59.284776903)
SKIP: Duct 1744263 no intersection with any structural element
PROCESSING: Duct 1744368 Line Start=(100.087324277, -6.952888808, 59.284776903), End=(100.743492256, -6.952888808, 59.284776903)
SKIP: Duct 1744368 no intersection with any structural element
PROCESSING: Duct 1744538 Line Start=(103.276312495, -7.782890238, 60.187007874), End=(100.743492256, -7.782890238, 60.187007874)
SKIP: Duct 1744538 no intersection with any structural element
PROCESSING: Duct 1744655 Line Start=(101.613838299, -13.785027478, 60.104986877), End=(101.613838299, -10.645724284, 60.104986877)
SKIP: Duct 1744655 no intersection with any structural element
PROCESSING: Duct 1744896 Line Start=(101.676293635, -16.862228071, 60.104986877), End=(101.676293635, -18.157242787, 60.104986877)
SKIP: Duct 1744896 no intersection with any structural element
PROCESSING: Duct 1744907 Line Start=(101.085742454, -18.747793968, 60.104986877), End=(100.232724082, -18.747793968, 60.104986877)
SKIP: Duct 1744907 no intersection with any structural element
PROCESSING: Duct 1745115 Line Start=(105.595866353, -9.620923104, 61.253280840), End=(103.911510151, -9.620923104, 61.253280840)
SKIP: Duct 1745115 no intersection with any structural element
PROCESSING: Duct 1745121 Line Start=(103.091300178, -9.620923104, 61.253280840), End=(102.860196496, -9.620923104, 61.253280840)
SKIP: Duct 1745121 no intersection with any structural element
PROCESSING: Duct 1745156 Line Start=(102.564920906, -9.325647513, 61.253280840), End=(102.564920906, -3.223285308, 61.253280840)
SKIP: Duct 1745156 no intersection with any structural element
PROCESSING: Duct 1745261 Line Start=(105.703700433, -2.928009718, 59.776902887), End=(106.043267362, -2.928009718, 59.776902887)
SKIP: Duct 1745261 no intersection with any structural element
PROCESSING: Duct 1745297 Line Start=(104.437476041, -10.195070085, 61.253280840), End=(104.437476041, -19.194481957, 61.253280840)
SKIP: Duct 1745297 no intersection with any structural element
PROCESSING: Duct 1745520 Line Start=(102.860196496, -2.928009718, 61.253280840), End=(104.904815919, -2.928009718, 61.253280840)
SKIP: Duct 1745520 no intersection with any structural element
PROCESSING: Duct 1745611 Line Start=(105.101666312, -2.928009718, 59.973753281), End=(105.101666312, -2.928009718, 61.056430446)
SKIP: Duct 1745611 no intersection with any structural element
PROCESSING: Duct 1746168 Line Start=(104.437476041, -19.391332351, 61.056430446), End=(104.437476041, -19.391332351, 60.072178478)
SKIP: Duct 1746168 no intersection with any structural element
PROCESSING: Duct 1746229 Line Start=(105.135310686, -19.391332351, 59.776902887), End=(105.789553495, -19.391332351, 59.776902887)
SKIP: Duct 1746229 no intersection with any structural element
PROCESSING: Duct 1746461 Line Start=(105.627585004, -7.399133390, 61.253280840), End=(104.965945041, -7.399133390, 61.253280840)
SKIP: Duct 1746461 no intersection with any structural element
PROCESSING: Duct 1746469 Line Start=(104.670669451, -7.103857800, 61.253280840), End=(104.670669451, -6.841390608, 61.253280840)
SKIP: Duct 1746469 no intersection with any structural element
PROCESSING: Duct 1746503 Line Start=(101.447716493, -6.546115018, 59.612860892), End=(100.743492256, -6.546115018, 59.612860892)
SKIP: Duct 1746503 no intersection with any structural element
PROCESSING: Duct 1746805 Line Start=(104.375393860, -6.546115018, 61.253280840), End=(103.439264794, -6.546115018, 61.253280840)
SKIP: Duct 1746805 no intersection with any structural element
PROCESSING: Duct 1746877 Line Start=(102.204567501, -5.971968036, 59.612860892), End=(102.204567501, 2.656640888, 59.612860892)
SKIP: Duct 1746877 no intersection with any structural element
PROCESSING: Duct 1746885 Line Start=(101.384471033, 2.951916479, 59.612860892), End=(100.743492256, 2.951916479, 59.612860892)
SKIP: Duct 1746885 no intersection with any structural element
PROCESSING: Duct 1746920 Line Start=(103.143989203, -6.546115018, 60.958005249), End=(103.143989203, -6.546115018, 59.908136483)
SKIP: Duct 1746920 no intersection with any structural element
PROCESSING: Duct 1746992 Line Start=(101.900326110, -5.623566721, 60.104986877), End=(101.900326110, 1.003729867, 60.104986877)
SKIP: Duct 1746992 no intersection with any structural element
PROCESSING: Duct 1747236 Line Start=(104.732751631, -19.391332351, 59.776902887), End=(104.807226697, -19.391332351, 59.776902887)
SKIP: Duct 1747236 no intersection with any structural element
PROCESSING: Duct 1747509 Line Start=(105.298516706, -2.928009718, 59.776902887), End=(105.375616444, -2.928009718, 59.776902887)
SKIP: Duct 1747509 no intersection with any structural element
PROCESSING: Duct 1747540 Line Start=(102.848713613, -6.546115018, 59.612860892), End=(101.775800483, -6.546115018, 59.612860892)
SKIP: Duct 1747540 no intersection with any structural element
PROCESSING: Duct 1747564 Line Start=(101.909291911, 2.951916479, 59.612860892), End=(101.712555022, 2.951916479, 59.612860892)
SKIP: Duct 1747564 no intersection with any structural element
PROCESSING: Duct 1747602 Line Start=(101.613838299, -14.531914703, 60.104986877), End=(101.613838299, -14.113111468, 60.104986877)
SKIP: Duct 1747602 no intersection with any structural element
PROCESSING: Duct 1747621 Line Start=(101.676293635, -16.254355648, 60.104986877), End=(101.676293635, -16.534144082, 60.104986877)
SKIP: Duct 1747621 no intersection with any structural element
PROCESSING: Duct 1747675 Line Start=(106.300157182, -7.399133390, 61.253280840), End=(105.955668993, -7.399133390, 61.253280840)
SKIP: Duct 1747675 no intersection with any structural element
PROCESSING: Duct 1747690 Line Start=(106.300157182, -9.620923104, 61.253280840), End=(105.923950343, -9.620923104, 61.253280840)
SKIP: Duct 1747690 no intersection with any structural element
DUCT SLEEVE SUMMARY: Placed=12, Skipped=69, Errors=0
