===== STRUCTURAL ELEMENTS SLEEVE PLACEMENT LOG =====
Session Started: 2025-08-04 13:34:15
Log File: StructuralElements_SleeveLog_20250804_133415.log
JSE RevitAddin MEP Openings - Structural Elements Support
====================================================

[2025-08-04 13:34:15.365] DIAGNOSTIC ID=0: CT_FAMILY_SEARCH - Found 110 family symbols in project
[2025-08-04 13:34:15.367] DIAGNOSTIC ID=1049: CT_FAMILY_FOUND - Family: Section Head - Filled, Symbol: Section Head - Filled
[2025-08-04 13:34:15.367] DIAGNOSTIC ID=16216: CT_FAMILY_FOUND - Family: Rectangular Handrail, Symbol: 50 x 50mm
[2025-08-04 13:34:15.369] DIAGNOSTIC ID=28045: CT_FAMILY_FOUND - Family: Section Tail - Filled, Symbol: Section Tail - Filled
[2025-08-04 13:34:15.370] DIAGNOSTIC ID=112441: CT_FAMILY_FOUND - Family: Rectangular Union, Symbol: Standard
[2025-08-04 13:34:15.372] DIAGNOSTIC ID=498585: CT_FAMILY_FOUND - Family: Rectangular Medium Radius Bend - Flanged, Symbol: Standard
[2025-08-04 13:34:15.373] DIAGNOSTIC ID=498587: CT_FAMILY_FOUND - Family: Rectangular Square Tee - Flanged, Symbol: Standard
[2025-08-04 13:34:15.375] DIAGNOSTIC ID=498589: CT_FAMILY_FOUND - Family: Rectangular Shoe Branch - Flanged, Symbol: Standard
[2025-08-04 13:34:15.377] DIAGNOSTIC ID=498591: CT_FAMILY_FOUND - Family: Rectangular Concentric Taper - Flanged, Symbol: Standard
[2025-08-04 13:34:15.379] DIAGNOSTIC ID=498593: CT_FAMILY_FOUND - Family: Rectangular - Round Transformation - Flanged, Symbol: Standard
[2025-08-04 13:34:15.381] DIAGNOSTIC ID=499382: CT_FAMILY_FOUND - Family: Rectangular Blank End, Symbol: Standard
[2025-08-04 13:34:15.384] SUCCESS ID=2124183: CT_FAMILY_FOUND - Using cable tray wall sleeve family: CableTrayOpeningOnWall, Symbol: CT#
[2025-08-04 13:34:15.385] SUCCESS ID=2126788: CT_FAMILY_FOUND - Using cable tray slab sleeve family: CabletrayOpeningOnSlab, Symbol: CT#
[2025-08-04 13:34:15.493] SYSTEM ID=0: PROCESSING STARTED - Total cable trays to process: 13
[2025-08-04 13:34:15.604] WALLS ID=10933084: ELEMENT DETECTED - Hit by cable tray 1874033
[2025-08-04 13:34:15.606] CABLETRAY-WALL INTERSECTION ID=0: INTERSECTION_DETAILS - CableTray ID=1874033, Wall ID=10933084, Position=(104.401832393, 41.813914866, 60.744750656)
[2025-08-04 13:34:15.878] WALLS ID=10933084: ELEMENT DETECTED - Hit by cable tray 1874043
[2025-08-04 13:34:15.880] CABLETRAY-WALL INTERSECTION ID=0: INTERSECTION_DETAILS - CableTray ID=1874043, Wall ID=10933084, Position=(104.073748404, 36.472706423, 60.744750656)
[2025-08-04 13:34:15.943] WALLS ID=10933084: SLEEVE_FAILED - Reason: Existing sleeve found at location
[2025-08-04 13:34:16.026] WALLS ID=10933084: ELEMENT DETECTED - Hit by cable tray 1874995
[2025-08-04 13:34:16.028] CABLETRAY-WALL INTERSECTION ID=0: INTERSECTION_DETAILS - CableTray ID=1874995, Wall ID=10933084, Position=(104.401832393, 41.019952705, 60.744750656)
[2025-08-04 13:34:16.283] WALLS ID=10933084: ELEMENT DETECTED - Hit by cable tray 1875003
[2025-08-04 13:34:16.285] CABLETRAY-WALL INTERSECTION ID=0: INTERSECTION_DETAILS - CableTray ID=1875003, Wall ID=10933084, Position=(104.073748404, 35.852629870, 60.744750656)
[2025-08-04 13:34:16.355] WALLS ID=10933084: SLEEVE_FAILED - Reason: Existing sleeve found at location
[2025-08-04 13:34:16.610] STRUCTURAL FRAMING ID=5100513: STRUCTURAL DETECTED - Hit by cable tray 1951625
[2025-08-04 13:34:16.611] CABLETRAY-STRUCTURAL INTERSECTION ID=0: INTERSECTION_DETAILS - CableTray ID=1951625, Structural ID=5100513, Position=(97.861847071, 22.060818482, 60.810730318)
[2025-08-04 13:34:16.925] STRUCTURAL FRAMING ID=5100513: STRUCTURAL DETECTED - Hit by cable tray 1951626
[2025-08-04 13:34:16.926] CABLETRAY-STRUCTURAL INTERSECTION ID=0: INTERSECTION_DETAILS - CableTray ID=1951626, Structural ID=5100513, Position=(97.861847071, 22.724139449, 60.810730318)
[2025-08-04 13:34:17.239] STRUCTURAL FRAMING ID=5100513: STRUCTURAL DETECTED - Hit by cable tray 1953336
[2025-08-04 13:34:17.239] CABLETRAY-STRUCTURAL INTERSECTION ID=0: INTERSECTION_DETAILS - CableTray ID=1953336, Structural ID=5100513, Position=(97.861847071, 24.052223439, 60.810730318)
[2025-08-04 13:34:17.520] FLOORS ID=3240340: STRUCTURAL DETECTED - Hit by cable tray 1953384
[2025-08-04 13:34:17.521] CABLETRAY-STRUCTURAL INTERSECTION ID=0: INTERSECTION_DETAILS - CableTray ID=1953384, Structural ID=3240340, Position=(106.969486514, 25.145670788, 62.024278215)
[2025-08-04 13:34:17.839] FLOORS ID=3240340: STRUCTURAL DETECTED - Hit by cable tray 1953421
[2025-08-04 13:34:17.840] CABLETRAY-STRUCTURAL INTERSECTION ID=0: INTERSECTION_DETAILS - CableTray ID=1953421, Structural ID=3240340, Position=(107.533334452, 25.131574589, 62.024278215)
[2025-08-04 13:34:18.107] FLOORS ID=3240340: STRUCTURAL DETECTED - Hit by cable tray 1953426
[2025-08-04 13:34:18.108] CABLETRAY-STRUCTURAL INTERSECTION ID=0: INTERSECTION_DETAILS - CableTray ID=1953426, Structural ID=3240340, Position=(107.223218086, 28.105872462, 62.024278215)
[2025-08-04 13:34:18.418] FLOORS ID=3240340: STRUCTURAL DETECTED - Hit by cable tray 2142742
[2025-08-04 13:34:18.420] CABLETRAY-STRUCTURAL INTERSECTION ID=0: INTERSECTION_DETAILS - CableTray ID=2142742, Structural ID=3240340, Position=(106.848044906, 26.601182763, 62.024278215)

[2025-08-04 13:34:26.487] ===== CABLETRAYSLEEVECOMMAND STRUCTURAL ELEMENTS SUMMARY =====
Total Elements Processed: 13
Structural Elements Detected: 7
Sleeves Successfully Placed: 7
Placement Failures: 0
Success Rate: 100.0%
=========================================

[2025-08-04 13:34:26.488] SYSTEM ID=0: COMMAND COMPLETED - Structural sleeve placement finished. Log file: c:\JSE_CSharp_Projects\JSE_RevitAddin_MEP_OPENINGS\JSE_RevitAddin_MEP_OPENINGS\Logs\StructuralElements_SleeveLog_20250804_133415.log
