===== STRUCTURAL ELEMENTS SLEEVE PLACEMENT LOG =====
Session Started: 2025-08-02 18:59:22
Log File: StructuralElements_SleeveLog_20250802_185922.log
JSE RevitAddin MEP Openings - Structural Elements Support
====================================================

[2025-08-02 18:59:22.409] DIAGNOSTIC ID=0: CT_FAMILY_SEARCH - Found 110 family symbols in project
[2025-08-02 18:59:22.411] DIAGNOSTIC ID=1049: CT_FAMILY_FOUND - Family: Section Head - Filled, Symbol: Section Head - Filled
[2025-08-02 18:59:22.412] DIAGNOSTIC ID=16216: CT_FAMILY_FOUND - Family: Rectangular Handrail, Symbol: 50 x 50mm
[2025-08-02 18:59:22.416] DIAGNOSTIC ID=28045: CT_FAMILY_FOUND - Family: Section Tail - Filled, Symbol: Section Tail - Filled
[2025-08-02 18:59:22.418] DIAGNOSTIC ID=112441: CT_FAMILY_FOUND - Family: Rectangular Union, Symbol: Standard
[2025-08-02 18:59:22.420] DIAGNOSTIC ID=498585: CT_FAMILY_FOUND - Family: Rectangular Medium Radius Bend - Flanged, Symbol: Standard
[2025-08-02 18:59:22.422] DIAGNOSTIC ID=498587: CT_FAMILY_FOUND - Family: Rectangular Square Tee - Flanged, Symbol: Standard
[2025-08-02 18:59:22.424] DIAGNOSTIC ID=498589: CT_FAMILY_FOUND - Family: Rectangular Shoe Branch - Flanged, Symbol: Standard
[2025-08-02 18:59:22.425] DIAGNOSTIC ID=498591: CT_FAMILY_FOUND - Family: Rectangular Concentric Taper - Flanged, Symbol: Standard
[2025-08-02 18:59:22.427] DIAGNOSTIC ID=498593: CT_FAMILY_FOUND - Family: Rectangular - Round Transformation - Flanged, Symbol: Standard
[2025-08-02 18:59:22.428] DIAGNOSTIC ID=499382: CT_FAMILY_FOUND - Family: Rectangular Blank End, Symbol: Standard
[2025-08-02 18:59:22.431] SUCCESS ID=2124183: CT_FAMILY_FOUND - Using cable tray wall sleeve family: CableTrayOpeningOnWall, Symbol: CT#
[2025-08-02 18:59:22.432] SUCCESS ID=2126788: CT_FAMILY_FOUND - Using cable tray slab sleeve family: CabletrayOpeningOnSlab, Symbol: CT#
[2025-08-02 18:59:22.491] DEBUG_WALLS ID=0: WALL_SOLID_TEST - Testing wall detection using direct solid approach like structural elements
[2025-08-02 18:59:22.506] DEBUG_WALLS ID=2069893: LINKED_WALLS_FOUND - Found 0 walls in ME-1722-2024-21-06-2025.rvt : 19 : location <Not Shared>
[2025-08-02 18:59:22.520] DEBUG_WALLS ID=2140496: LINKED_WALLS_FOUND - Found 64 walls in Architecture_detached.rvt : 22 : location <Not Shared>
[2025-08-02 18:59:22.525] DEBUG_WALLS ID=2140829: LINKED_WALLS_FOUND - Found 0 walls in Structure.rvt : 23 : location <Not Shared>
[2025-08-02 18:59:22.529] DIRECT_INTERSECTION ID=1874033: STARTING_INTERSECTION - Testing cable tray against 64 structural elements
[2025-08-02 18:59:22.530] DIRECT_INTERSECTION ID=2082287: TESTING_ELEMENT - Testing element 1/64: Wall, IsLinked: True
[2025-08-02 18:59:22.531] DIRECT_INTERSECTION ID=2082287: APPLIED_TRANSFORM - Applied linkTransform: Autodesk.Revit.DB.Transform
[2025-08-02 18:59:22.532] DIRECT_INTERSECTION ID=2082287: STRUCT_BBOX - Min=(-0.33,-4.29,-5.31), Max=(0.33,4.29,5.31)
[2025-08-02 18:59:22.534] DIRECT_INTERSECTION ID=2082287: NO_INTERSECTION - No intersection found with cable tray centerline
[2025-08-02 18:59:22.534] DIRECT_INTERSECTION ID=2082305: TESTING_ELEMENT - Testing element 2/64: Wall, IsLinked: True
[2025-08-02 18:59:22.535] DIRECT_INTERSECTION ID=2082305: APPLIED_TRANSFORM - Applied linkTransform: Autodesk.Revit.DB.Transform
[2025-08-02 18:59:22.536] DIRECT_INTERSECTION ID=2082305: STRUCT_BBOX - Min=(-0.25,-2.58,-5.31), Max=(0.25,2.58,5.31)
[2025-08-02 18:59:22.537] DIRECT_INTERSECTION ID=2082305: NO_INTERSECTION - No intersection found with cable tray centerline
[2025-08-02 18:59:22.538] DIRECT_INTERSECTION ID=2082306: TESTING_ELEMENT - Testing element 3/64: Wall, IsLinked: True
[2025-08-02 18:59:22.539] DIRECT_INTERSECTION ID=2082306: APPLIED_TRANSFORM - Applied linkTransform: Autodesk.Revit.DB.Transform
[2025-08-02 18:59:22.566] DIRECT_INTERSECTION ID=2082306: STRUCT_BBOX - Min=(-0.25,-2.26,-5.31), Max=(0.25,2.26,5.31)
[2025-08-02 18:59:22.567] DIRECT_INTERSECTION ID=2082306: NO_INTERSECTION - No intersection found with cable tray centerline
[2025-08-02 18:59:22.568] DIRECT_INTERSECTION ID=2082307: TESTING_ELEMENT - Testing element 4/64: Wall, IsLinked: True
[2025-08-02 18:59:22.569] DIRECT_INTERSECTION ID=2082307: APPLIED_TRANSFORM - Applied linkTransform: Autodesk.Revit.DB.Transform
[2025-08-02 18:59:22.569] DIRECT_INTERSECTION ID=2082307: STRUCT_BBOX - Min=(-1.65,-0.25,-5.31), Max=(1.65,0.25,5.31)
[2025-08-02 18:59:22.570] DIRECT_INTERSECTION ID=2082307: NO_INTERSECTION - No intersection found with cable tray centerline
[2025-08-02 18:59:22.571] DIRECT_INTERSECTION ID=2082316: TESTING_ELEMENT - Testing element 5/64: Wall, IsLinked: True
[2025-08-02 18:59:22.573] DIRECT_INTERSECTION ID=2082316: APPLIED_TRANSFORM - Applied linkTransform: Autodesk.Revit.DB.Transform
[2025-08-02 18:59:22.575] DIRECT_INTERSECTION ID=2082316: STRUCT_BBOX - Min=(-2.12,-0.33,-5.31), Max=(2.12,0.33,5.31)
[2025-08-02 18:59:22.576] DIRECT_INTERSECTION ID=2082316: INTERSECTION_POINT - Entry=(105.261750351, 43.963254681, 60.744750656), Exit=(105.261750351, 44.619422660, 60.744750656), Midpoint=(105.261750351, 44.291338671, 60.744750656)
[2025-08-02 18:59:22.577] DIRECT_INTERSECTION ID=2700957: TESTING_ELEMENT - Testing element 6/64: Wall, IsLinked: True
[2025-08-02 18:59:22.578] DIRECT_INTERSECTION ID=2700957: APPLIED_TRANSFORM - Applied linkTransform: Autodesk.Revit.DB.Transform
[2025-08-02 18:59:22.579] DIRECT_INTERSECTION ID=2700957: STRUCT_BBOX - Min=(-0.33,-7.07,-5.31), Max=(0.33,7.07,5.31)
[2025-08-02 18:59:22.580] DIRECT_INTERSECTION ID=2700957: NO_INTERSECTION - No intersection found with cable tray centerline
[2025-08-02 18:59:22.581] DIRECT_INTERSECTION ID=3979480: TESTING_ELEMENT - Testing element 7/64: Wall, IsLinked: True
[2025-08-02 18:59:22.582] DIRECT_INTERSECTION ID=3979480: APPLIED_TRANSFORM - Applied linkTransform: Autodesk.Revit.DB.Transform
[2025-08-02 18:59:22.583] DIRECT_INTERSECTION ID=3979480: STRUCT_BBOX - Min=(-1.90,-0.33,-5.31), Max=(1.90,0.33,5.31)
[2025-08-02 18:59:22.584] DIRECT_INTERSECTION ID=3979480: NO_INTERSECTION - No intersection found with cable tray centerline
[2025-08-02 18:59:22.584] DIRECT_INTERSECTION ID=3979488: TESTING_ELEMENT - Testing element 8/64: Wall, IsLinked: True
[2025-08-02 18:59:22.585] DIRECT_INTERSECTION ID=3979488: APPLIED_TRANSFORM - Applied linkTransform: Autodesk.Revit.DB.Transform
[2025-08-02 18:59:22.586] DIRECT_INTERSECTION ID=3979488: STRUCT_BBOX - Min=(-2.41,-0.33,-5.31), Max=(2.41,0.33,5.31)
[2025-08-02 18:59:22.587] DIRECT_INTERSECTION ID=3979488: NO_INTERSECTION - No intersection found with cable tray centerline
[2025-08-02 18:59:22.588] DIRECT_INTERSECTION ID=6150398: TESTING_ELEMENT - Testing element 9/64: Wall, IsLinked: True
[2025-08-02 18:59:22.589] DIRECT_INTERSECTION ID=6150398: APPLIED_TRANSFORM - Applied linkTransform: Autodesk.Revit.DB.Transform
[2025-08-02 18:59:22.590] DIRECT_INTERSECTION ID=6150398: STRUCT_BBOX - Min=(-0.33,-0.33,-5.31), Max=(0.33,0.33,5.31)
[2025-08-02 18:59:22.590] DIRECT_INTERSECTION ID=6150398: NO_INTERSECTION - No intersection found with cable tray centerline
[2025-08-02 18:59:22.591] DIRECT_INTERSECTION ID=10932962: TESTING_ELEMENT - Testing element 10/64: Wall, IsLinked: True
[2025-08-02 18:59:22.592] DIRECT_INTERSECTION ID=10932962: APPLIED_TRANSFORM - Applied linkTransform: Autodesk.Revit.DB.Transform
[2025-08-02 18:59:22.593] DIRECT_INTERSECTION ID=10932962: STRUCT_BBOX - Min=(-2.36,-0.16,-5.25), Max=(2.36,0.16,5.25)
[2025-08-02 18:59:22.594] DIRECT_INTERSECTION ID=10932962: NO_INTERSECTION - No intersection found with cable tray centerline
[2025-08-02 18:59:22.595] DIRECT_INTERSECTION ID=10932963: TESTING_ELEMENT - Testing element 11/64: Wall, IsLinked: True
[2025-08-02 18:59:22.596] DIRECT_INTERSECTION ID=10932963: APPLIED_TRANSFORM - Applied linkTransform: Autodesk.Revit.DB.Transform
[2025-08-02 18:59:22.597] DIRECT_INTERSECTION ID=10932963: STRUCT_BBOX - Min=(-1.75,-0.25,-5.13), Max=(1.75,0.25,5.13)
[2025-08-02 18:59:22.598] DIRECT_INTERSECTION ID=10932963: INTERSECTION_POINT - Entry=(105.261750351, 44.619422661, 60.744750656), Exit=(105.261750351, 44.127296677, 60.744750656), Midpoint=(105.261750351, 44.373359669, 60.744750656)
[2025-08-02 18:59:22.599] DIRECT_INTERSECTION ID=10932964: TESTING_ELEMENT - Testing element 12/64: Wall, IsLinked: True
[2025-08-02 18:59:22.600] DIRECT_INTERSECTION ID=10932964: APPLIED_TRANSFORM - Applied linkTransform: Autodesk.Revit.DB.Transform
[2025-08-02 18:59:22.601] DIRECT_INTERSECTION ID=10932964: STRUCT_BBOX - Min=(-0.35,-0.33,-5.13), Max=(0.35,0.33,5.13)
[2025-08-02 18:59:22.602] DIRECT_INTERSECTION ID=10932964: NO_INTERSECTION - No intersection found with cable tray centerline
[2025-08-02 18:59:22.602] DIRECT_INTERSECTION ID=10932974: TESTING_ELEMENT - Testing element 13/64: Wall, IsLinked: True
[2025-08-02 18:59:22.603] DIRECT_INTERSECTION ID=10932974: APPLIED_TRANSFORM - Applied linkTransform: Autodesk.Revit.DB.Transform
[2025-08-02 18:59:22.604] DIRECT_INTERSECTION ID=10932974: STRUCT_BBOX - Min=(-0.01,-1.74,-5.13), Max=(0.01,1.74,5.13)
[2025-08-02 18:59:22.605] DIRECT_INTERSECTION ID=10932974: NO_INTERSECTION - No intersection found with cable tray centerline
[2025-08-02 18:59:22.606] DIRECT_INTERSECTION ID=10932975: TESTING_ELEMENT - Testing element 14/64: Wall, IsLinked: True
[2025-08-02 18:59:22.607] DIRECT_INTERSECTION ID=10932975: APPLIED_TRANSFORM - Applied linkTransform: Autodesk.Revit.DB.Transform
[2025-08-02 18:59:22.608] DIRECT_INTERSECTION ID=10932975: STRUCT_BBOX - Min=(-0.02,-0.84,-4.43), Max=(0.02,0.84,4.43)
[2025-08-02 18:59:22.608] DIRECT_INTERSECTION ID=10932975: NO_INTERSECTION - No intersection found with cable tray centerline
[2025-08-02 18:59:22.609] DIRECT_INTERSECTION ID=10932976: TESTING_ELEMENT - Testing element 15/64: Wall, IsLinked: True
[2025-08-02 18:59:22.610] DIRECT_INTERSECTION ID=10932976: APPLIED_TRANSFORM - Applied linkTransform: Autodesk.Revit.DB.Transform
[2025-08-02 18:59:22.611] DIRECT_INTERSECTION ID=10932976: STRUCT_BBOX - Min=(-1.93,-0.02,-4.43), Max=(1.93,0.02,4.43)
[2025-08-02 18:59:22.612] DIRECT_INTERSECTION ID=10932976: NO_INTERSECTION - No intersection found with cable tray centerline
[2025-08-02 18:59:22.613] DIRECT_INTERSECTION ID=10932977: TESTING_ELEMENT - Testing element 16/64: Wall, IsLinked: True
[2025-08-02 18:59:22.614] DIRECT_INTERSECTION ID=10932977: APPLIED_TRANSFORM - Applied linkTransform: Autodesk.Revit.DB.Transform
[2025-08-02 18:59:22.615] DIRECT_INTERSECTION ID=10932977: STRUCT_BBOX - Min=(-0.02,-0.84,-4.43), Max=(0.02,0.84,4.43)
[2025-08-02 18:59:22.616] DIRECT_INTERSECTION ID=10932977: NO_INTERSECTION - No intersection found with cable tray centerline
[2025-08-02 18:59:22.616] DIRECT_INTERSECTION ID=10932979: TESTING_ELEMENT - Testing element 17/64: Wall, IsLinked: True
[2025-08-02 18:59:22.617] DIRECT_INTERSECTION ID=10932979: APPLIED_TRANSFORM - Applied linkTransform: Autodesk.Revit.DB.Transform
[2025-08-02 18:59:22.618] DIRECT_INTERSECTION ID=10932979: STRUCT_BBOX - Min=(-0.02,-2.08,-1.94), Max=(0.02,2.08,1.94)
[2025-08-02 18:59:22.619] DIRECT_INTERSECTION ID=10932979: NO_INTERSECTION - No intersection found with cable tray centerline
[2025-08-02 18:59:22.620] DIRECT_INTERSECTION ID=10932980: TESTING_ELEMENT - Testing element 18/64: Wall, IsLinked: True
[2025-08-02 18:59:22.621] DIRECT_INTERSECTION ID=10932980: APPLIED_TRANSFORM - Applied linkTransform: Autodesk.Revit.DB.Transform
[2025-08-02 18:59:22.622] DIRECT_INTERSECTION ID=10932980: STRUCT_BBOX - Min=(-2.12,-0.02,-4.02), Max=(2.12,0.02,4.02)
[2025-08-02 18:59:22.623] DIRECT_INTERSECTION ID=10932980: NO_INTERSECTION - No intersection found with cable tray centerline
[2025-08-02 18:59:22.624] DIRECT_INTERSECTION ID=10932981: TESTING_ELEMENT - Testing element 19/64: Wall, IsLinked: True
[2025-08-02 18:59:22.625] DIRECT_INTERSECTION ID=10932981: APPLIED_TRANSFORM - Applied linkTransform: Autodesk.Revit.DB.Transform
[2025-08-02 18:59:22.626] DIRECT_INTERSECTION ID=10932981: STRUCT_BBOX - Min=(-0.02,-2.06,-2.46), Max=(0.02,2.06,2.46)
[2025-08-02 18:59:22.627] DIRECT_INTERSECTION ID=10932981: NO_INTERSECTION - No intersection found with cable tray centerline
[2025-08-02 18:59:22.627] DIRECT_INTERSECTION ID=10932982: TESTING_ELEMENT - Testing element 20/64: Wall, IsLinked: True
[2025-08-02 18:59:22.628] DIRECT_INTERSECTION ID=10932982: APPLIED_TRANSFORM - Applied linkTransform: Autodesk.Revit.DB.Transform
[2025-08-02 18:59:22.629] DIRECT_INTERSECTION ID=10932982: STRUCT_BBOX - Min=(-0.25,-0.02,-1.97), Max=(0.25,0.02,1.97)
[2025-08-02 18:59:22.630] DIRECT_INTERSECTION ID=10932982: NO_INTERSECTION - No intersection found with cable tray centerline
[2025-08-02 18:59:22.631] DIRECT_INTERSECTION ID=10932983: TESTING_ELEMENT - Testing element 21/64: Wall, IsLinked: True
[2025-08-02 18:59:22.632] DIRECT_INTERSECTION ID=10932983: APPLIED_TRANSFORM - Applied linkTransform: Autodesk.Revit.DB.Transform
[2025-08-02 18:59:22.633] DIRECT_INTERSECTION ID=10932983: STRUCT_BBOX - Min=(-0.02,-2.06,-3.94), Max=(0.02,2.06,3.94)
[2025-08-02 18:59:22.634] DIRECT_INTERSECTION ID=10932983: NO_INTERSECTION - No intersection found with cable tray centerline
[2025-08-02 18:59:22.634] DIRECT_INTERSECTION ID=10932984: TESTING_ELEMENT - Testing element 22/64: Wall, IsLinked: True
[2025-08-02 18:59:22.635] DIRECT_INTERSECTION ID=10932984: APPLIED_TRANSFORM - Applied linkTransform: Autodesk.Revit.DB.Transform
[2025-08-02 18:59:22.636] DIRECT_INTERSECTION ID=10932984: STRUCT_BBOX - Min=(-2.12,-0.02,-4.02), Max=(2.12,0.02,4.02)
[2025-08-02 18:59:22.637] DIRECT_INTERSECTION ID=10932984: NO_INTERSECTION - No intersection found with cable tray centerline
[2025-08-02 18:59:22.638] DIRECT_INTERSECTION ID=10932996: TESTING_ELEMENT - Testing element 23/64: Wall, IsLinked: True
[2025-08-02 18:59:22.639] DIRECT_INTERSECTION ID=10932996: APPLIED_TRANSFORM - Applied linkTransform: Autodesk.Revit.DB.Transform
[2025-08-02 18:59:22.640] DIRECT_INTERSECTION ID=10932996: STRUCT_BBOX - Min=(-0.69,-0.69,-4.45), Max=(0.69,0.69,4.45)
[2025-08-02 18:59:22.641] DIRECT_INTERSECTION ID=10932996: NO_INTERSECTION - No intersection found with cable tray centerline
[2025-08-02 18:59:22.642] DIRECT_INTERSECTION ID=10932997: TESTING_ELEMENT - Testing element 24/64: Wall, IsLinked: True
[2025-08-02 18:59:22.643] DIRECT_INTERSECTION ID=10932997: APPLIED_TRANSFORM - Applied linkTransform: Autodesk.Revit.DB.Transform
[2025-08-02 18:59:22.644] DIRECT_INTERSECTION ID=10932997: STRUCT_BBOX - Min=(-0.69,-0.69,-4.43), Max=(0.69,0.69,4.43)
[2025-08-02 18:59:22.645] DIRECT_INTERSECTION ID=10932997: NO_INTERSECTION - No intersection found with cable tray centerline
[2025-08-02 18:59:22.646] DIRECT_INTERSECTION ID=10932998: TESTING_ELEMENT - Testing element 25/64: Wall, IsLinked: True
[2025-08-02 18:59:22.647] DIRECT_INTERSECTION ID=10932998: APPLIED_TRANSFORM - Applied linkTransform: Autodesk.Revit.DB.Transform
[2025-08-02 18:59:22.648] DIRECT_INTERSECTION ID=10932998: STRUCT_BBOX - Min=(-0.69,-0.69,-5.13), Max=(0.69,0.69,5.13)
[2025-08-02 18:59:22.649] DIRECT_INTERSECTION ID=10932998: NO_INTERSECTION - No intersection found with cable tray centerline
[2025-08-02 18:59:22.650] DIRECT_INTERSECTION ID=10933003: TESTING_ELEMENT - Testing element 26/64: Wall, IsLinked: True
[2025-08-02 18:59:22.651] DIRECT_INTERSECTION ID=10933003: APPLIED_TRANSFORM - Applied linkTransform: Autodesk.Revit.DB.Transform
[2025-08-02 18:59:22.652] DIRECT_INTERSECTION ID=10933003: STRUCT_BBOX - Min=(-0.08,-0.02,-3.94), Max=(0.08,0.02,3.94)
[2025-08-02 18:59:22.653] DIRECT_INTERSECTION ID=10933003: NO_INTERSECTION - No intersection found with cable tray centerline
[2025-08-02 18:59:22.654] DIRECT_INTERSECTION ID=10933015: TESTING_ELEMENT - Testing element 27/64: Wall, IsLinked: True
[2025-08-02 18:59:22.655] DIRECT_INTERSECTION ID=10933015: APPLIED_TRANSFORM - Applied linkTransform: Autodesk.Revit.DB.Transform
[2025-08-02 18:59:22.656] DIRECT_INTERSECTION ID=10933015: STRUCT_BBOX - Min=(-0.25,-2.10,-1.94), Max=(0.25,2.10,1.94)
[2025-08-02 18:59:22.657] DIRECT_INTERSECTION ID=10933015: NO_INTERSECTION - No intersection found with cable tray centerline
[2025-08-02 18:59:22.658] DIRECT_INTERSECTION ID=10933016: TESTING_ELEMENT - Testing element 28/64: Wall, IsLinked: True
[2025-08-02 18:59:22.659] DIRECT_INTERSECTION ID=10933016: APPLIED_TRANSFORM - Applied linkTransform: Autodesk.Revit.DB.Transform
[2025-08-02 18:59:22.660] DIRECT_INTERSECTION ID=10933016: STRUCT_BBOX - Min=(-0.25,-0.02,-1.97), Max=(0.25,0.02,1.97)
[2025-08-02 18:59:22.661] DIRECT_INTERSECTION ID=10933016: NO_INTERSECTION - No intersection found with cable tray centerline
[2025-08-02 18:59:22.661] DIRECT_INTERSECTION ID=10933017: TESTING_ELEMENT - Testing element 29/64: Wall, IsLinked: True
[2025-08-02 18:59:22.663] DIRECT_INTERSECTION ID=10933017: APPLIED_TRANSFORM - Applied linkTransform: Autodesk.Revit.DB.Transform
[2025-08-02 18:59:22.663] DIRECT_INTERSECTION ID=10933017: STRUCT_BBOX - Min=(-0.33,-0.16,-5.13), Max=(0.33,0.16,5.13)
[2025-08-02 18:59:22.664] DIRECT_INTERSECTION ID=10933017: NO_INTERSECTION - No intersection found with cable tray centerline
[2025-08-02 18:59:22.665] DIRECT_INTERSECTION ID=10933024: TESTING_ELEMENT - Testing element 30/64: Wall, IsLinked: True
[2025-08-02 18:59:22.667] DIRECT_INTERSECTION ID=10933024: APPLIED_TRANSFORM - Applied linkTransform: Autodesk.Revit.DB.Transform
[2025-08-02 18:59:22.668] DIRECT_INTERSECTION ID=10933024: STRUCT_BBOX - Min=(-0.02,-0.11,-3.94), Max=(0.02,0.11,3.94)
[2025-08-02 18:59:22.668] DIRECT_INTERSECTION ID=10933024: NO_INTERSECTION - No intersection found with cable tray centerline
[2025-08-02 18:59:22.669] DIRECT_INTERSECTION ID=10933025: TESTING_ELEMENT - Testing element 31/64: Wall, IsLinked: True
[2025-08-02 18:59:22.670] DIRECT_INTERSECTION ID=10933025: APPLIED_TRANSFORM - Applied linkTransform: Autodesk.Revit.DB.Transform
[2025-08-02 18:59:22.672] DIRECT_INTERSECTION ID=10933025: STRUCT_BBOX - Min=(-0.70,-0.76,-5.13), Max=(0.70,0.76,5.13)
[2025-08-02 18:59:22.673] DIRECT_INTERSECTION ID=10933025: NO_INTERSECTION - No intersection found with cable tray centerline
[2025-08-02 18:59:22.673] DIRECT_INTERSECTION ID=10933057: TESTING_ELEMENT - Testing element 32/64: Wall, IsLinked: True
[2025-08-02 18:59:22.675] DIRECT_INTERSECTION ID=10933057: APPLIED_TRANSFORM - Applied linkTransform: Autodesk.Revit.DB.Transform
[2025-08-02 18:59:22.676] DIRECT_INTERSECTION ID=10933057: STRUCT_BBOX - Min=(-0.01,-6.22,-4.10), Max=(0.01,6.22,4.10)
[2025-08-02 18:59:22.677] DIRECT_INTERSECTION ID=10933057: NO_INTERSECTION - No intersection found with cable tray centerline
[2025-08-02 18:59:22.678] DIRECT_INTERSECTION ID=10933073: TESTING_ELEMENT - Testing element 33/64: Wall, IsLinked: True
[2025-08-02 18:59:22.679] DIRECT_INTERSECTION ID=10933073: APPLIED_TRANSFORM - Applied linkTransform: Autodesk.Revit.DB.Transform
[2025-08-02 18:59:22.680] DIRECT_INTERSECTION ID=10933073: STRUCT_BBOX - Min=(-0.02,-7.07,-0.02), Max=(0.02,7.07,0.02)
[2025-08-02 18:59:22.681] DIRECT_INTERSECTION ID=10933073: NO_INTERSECTION - No intersection found with cable tray centerline
[2025-08-02 18:59:22.682] DIRECT_INTERSECTION ID=10933083: TESTING_ELEMENT - Testing element 34/64: Wall, IsLinked: True
[2025-08-02 18:59:22.683] DIRECT_INTERSECTION ID=10933083: APPLIED_TRANSFORM - Applied linkTransform: Autodesk.Revit.DB.Transform
[2025-08-02 18:59:22.684] DIRECT_INTERSECTION ID=10933083: STRUCT_BBOX - Min=(-0.16,-0.02,-3.94), Max=(0.16,0.02,3.94)
[2025-08-02 18:59:22.685] DIRECT_INTERSECTION ID=10933083: NO_INTERSECTION - No intersection found with cable tray centerline
[2025-08-02 18:59:22.686] DIRECT_INTERSECTION ID=10933084: TESTING_ELEMENT - Testing element 35/64: Wall, IsLinked: True
[2025-08-02 18:59:22.687] DIRECT_INTERSECTION ID=10933084: APPLIED_TRANSFORM - Applied linkTransform: Autodesk.Revit.DB.Transform
[2025-08-02 18:59:22.688] DIRECT_INTERSECTION ID=10933084: STRUCT_BBOX - Min=(-0.16,-5.03,-5.25), Max=(0.16,5.03,5.25)
[2025-08-02 18:59:22.689] DIRECT_INTERSECTION ID=10933084: NO_INTERSECTION - No intersection found with cable tray centerline
[2025-08-02 18:59:22.689] DIRECT_INTERSECTION ID=10933085: TESTING_ELEMENT - Testing element 36/64: Wall, IsLinked: True
[2025-08-02 18:59:22.691] DIRECT_INTERSECTION ID=10933085: APPLIED_TRANSFORM - Applied linkTransform: Autodesk.Revit.DB.Transform
[2025-08-02 18:59:22.692] DIRECT_INTERSECTION ID=10933085: STRUCT_BBOX - Min=(-0.16,-1.02,-5.30), Max=(0.16,1.02,5.30)
[2025-08-02 18:59:22.693] DIRECT_INTERSECTION ID=10933085: NO_INTERSECTION - No intersection found with cable tray centerline
[2025-08-02 18:59:22.694] DIRECT_INTERSECTION ID=10933095: TESTING_ELEMENT - Testing element 37/64: Wall, IsLinked: True
[2025-08-02 18:59:22.695] DIRECT_INTERSECTION ID=10933095: APPLIED_TRANSFORM - Applied linkTransform: Autodesk.Revit.DB.Transform
[2025-08-02 18:59:22.696] DIRECT_INTERSECTION ID=10933095: STRUCT_BBOX - Min=(-0.15,-0.08,-5.13), Max=(0.15,0.08,5.13)
[2025-08-02 18:59:22.697] DIRECT_INTERSECTION ID=10933095: NO_INTERSECTION - No intersection found with cable tray centerline
[2025-08-02 18:59:22.698] DIRECT_INTERSECTION ID=10933096: TESTING_ELEMENT - Testing element 38/64: Wall, IsLinked: True
[2025-08-02 18:59:22.699] DIRECT_INTERSECTION ID=10933096: APPLIED_TRANSFORM - Applied linkTransform: Autodesk.Revit.DB.Transform
[2025-08-02 18:59:22.699] DIRECT_INTERSECTION ID=10933096: STRUCT_BBOX - Min=(-0.15,-0.01,-0.02), Max=(0.15,0.01,0.02)
[2025-08-02 18:59:22.700] DIRECT_INTERSECTION ID=10933096: NO_INTERSECTION - No intersection found with cable tray centerline
[2025-08-02 18:59:22.701] DIRECT_INTERSECTION ID=10933101: TESTING_ELEMENT - Testing element 39/64: Wall, IsLinked: True
[2025-08-02 18:59:22.703] DIRECT_INTERSECTION ID=10933101: APPLIED_TRANSFORM - Applied linkTransform: Autodesk.Revit.DB.Transform
[2025-08-02 18:59:22.704] DIRECT_INTERSECTION ID=10933101: STRUCT_BBOX - Min=(-0.01,-0.34,-0.02), Max=(0.01,0.34,0.02)
[2025-08-02 18:59:22.705] DIRECT_INTERSECTION ID=10933101: NO_INTERSECTION - No intersection found with cable tray centerline
[2025-08-02 18:59:22.706] DIRECT_INTERSECTION ID=10933104: TESTING_ELEMENT - Testing element 40/64: Wall, IsLinked: True
[2025-08-02 18:59:22.707] DIRECT_INTERSECTION ID=10933104: APPLIED_TRANSFORM - Applied linkTransform: Autodesk.Revit.DB.Transform
[2025-08-02 18:59:22.708] DIRECT_INTERSECTION ID=10933104: STRUCT_BBOX - Min=(-0.16,-0.08,-5.13), Max=(0.16,0.08,5.13)
[2025-08-02 18:59:22.709] DIRECT_INTERSECTION ID=10933104: NO_INTERSECTION - No intersection found with cable tray centerline
[2025-08-02 18:59:22.710] DIRECT_INTERSECTION ID=10933105: TESTING_ELEMENT - Testing element 41/64: Wall, IsLinked: True
[2025-08-02 18:59:22.710] DIRECT_INTERSECTION ID=10933105: APPLIED_TRANSFORM - Applied linkTransform: Autodesk.Revit.DB.Transform
[2025-08-02 18:59:22.711] DIRECT_INTERSECTION ID=10933105: STRUCT_BBOX - Min=(-0.08,-1.27,-3.63), Max=(0.08,1.27,3.63)
[2025-08-02 18:59:22.712] DIRECT_INTERSECTION ID=10933105: NO_INTERSECTION - No intersection found with cable tray centerline
[2025-08-02 18:59:22.713] DIRECT_INTERSECTION ID=10933126: TESTING_ELEMENT - Testing element 42/64: Wall, IsLinked: True
[2025-08-02 18:59:22.714] DIRECT_INTERSECTION ID=10933126: APPLIED_TRANSFORM - Applied linkTransform: Autodesk.Revit.DB.Transform
[2025-08-02 18:59:22.715] DIRECT_INTERSECTION ID=10933126: STRUCT_BBOX - Min=(-0.02,-0.85,-4.43), Max=(0.02,0.85,4.43)
[2025-08-02 18:59:22.716] DIRECT_INTERSECTION ID=10933126: NO_INTERSECTION - No intersection found with cable tray centerline
[2025-08-02 18:59:22.717] DIRECT_INTERSECTION ID=10933127: TESTING_ELEMENT - Testing element 43/64: Wall, IsLinked: True
[2025-08-02 18:59:22.718] DIRECT_INTERSECTION ID=10933127: APPLIED_TRANSFORM - Applied linkTransform: Autodesk.Revit.DB.Transform
[2025-08-02 18:59:22.719] DIRECT_INTERSECTION ID=10933127: STRUCT_BBOX - Min=(-0.02,-0.26,-4.43), Max=(0.02,0.26,4.43)
[2025-08-02 18:59:22.719] DIRECT_INTERSECTION ID=10933127: NO_INTERSECTION - No intersection found with cable tray centerline
[2025-08-02 18:59:22.720] DIRECT_INTERSECTION ID=10933139: TESTING_ELEMENT - Testing element 44/64: Wall, IsLinked: True
[2025-08-02 18:59:22.721] DIRECT_INTERSECTION ID=10933139: APPLIED_TRANSFORM - Applied linkTransform: Autodesk.Revit.DB.Transform
[2025-08-02 18:59:22.722] DIRECT_INTERSECTION ID=10933139: STRUCT_BBOX - Min=(-3.46,-0.16,-5.25), Max=(3.46,0.16,5.25)
[2025-08-02 18:59:22.723] DIRECT_INTERSECTION ID=10933139: NO_INTERSECTION - No intersection found with cable tray centerline
[2025-08-02 18:59:22.724] DIRECT_INTERSECTION ID=10933146: TESTING_ELEMENT - Testing element 45/64: Wall, IsLinked: True
[2025-08-02 18:59:22.725] DIRECT_INTERSECTION ID=10933146: APPLIED_TRANSFORM - Applied linkTransform: Autodesk.Revit.DB.Transform
[2025-08-02 18:59:22.726] DIRECT_INTERSECTION ID=10933146: STRUCT_BBOX - Min=(-3.28,-0.02,-4.35), Max=(3.28,0.02,4.35)
[2025-08-02 18:59:22.726] DIRECT_INTERSECTION ID=10933146: NO_INTERSECTION - No intersection found with cable tray centerline
[2025-08-02 18:59:22.727] DIRECT_INTERSECTION ID=10933148: TESTING_ELEMENT - Testing element 46/64: Wall, IsLinked: True
[2025-08-02 18:59:22.728] DIRECT_INTERSECTION ID=10933148: APPLIED_TRANSFORM - Applied linkTransform: Autodesk.Revit.DB.Transform
[2025-08-02 18:59:22.729] DIRECT_INTERSECTION ID=10933148: STRUCT_BBOX - Min=(-3.44,-0.01,-0.02), Max=(3.44,0.01,0.02)
[2025-08-02 18:59:22.730] DIRECT_INTERSECTION ID=10933148: NO_INTERSECTION - No intersection found with cable tray centerline
[2025-08-02 18:59:22.731] DIRECT_INTERSECTION ID=10933151: TESTING_ELEMENT - Testing element 47/64: Wall, IsLinked: True
[2025-08-02 18:59:22.732] DIRECT_INTERSECTION ID=10933151: APPLIED_TRANSFORM - Applied linkTransform: Autodesk.Revit.DB.Transform
[2025-08-02 18:59:22.733] DIRECT_INTERSECTION ID=10933151: STRUCT_BBOX - Min=(-0.29,-0.08,-5.13), Max=(0.29,0.08,5.13)
[2025-08-02 18:59:22.734] DIRECT_INTERSECTION ID=10933151: NO_INTERSECTION - No intersection found with cable tray centerline
[2025-08-02 18:59:22.735] DIRECT_INTERSECTION ID=10933155: TESTING_ELEMENT - Testing element 48/64: Wall, IsLinked: True
[2025-08-02 18:59:22.736] DIRECT_INTERSECTION ID=10933155: APPLIED_TRANSFORM - Applied linkTransform: Autodesk.Revit.DB.Transform
[2025-08-02 18:59:22.737] DIRECT_INTERSECTION ID=10933155: STRUCT_BBOX - Min=(-0.35,-0.25,-5.13), Max=(0.35,0.25,5.13)
[2025-08-02 18:59:22.738] DIRECT_INTERSECTION ID=10933155: NO_INTERSECTION - No intersection found with cable tray centerline
[2025-08-02 18:59:22.739] DIRECT_INTERSECTION ID=10933156: TESTING_ELEMENT - Testing element 49/64: Wall, IsLinked: True
[2025-08-02 18:59:22.740] DIRECT_INTERSECTION ID=10933156: APPLIED_TRANSFORM - Applied linkTransform: Autodesk.Revit.DB.Transform
[2025-08-02 18:59:22.741] DIRECT_INTERSECTION ID=10933156: STRUCT_BBOX - Min=(-0.35,-0.25,-5.13), Max=(0.35,0.25,5.13)
[2025-08-02 18:59:22.742] DIRECT_INTERSECTION ID=10933156: NO_INTERSECTION - No intersection found with cable tray centerline
[2025-08-02 18:59:22.743] DIRECT_INTERSECTION ID=10933159: TESTING_ELEMENT - Testing element 50/64: Wall, IsLinked: True
[2025-08-02 18:59:22.744] DIRECT_INTERSECTION ID=10933159: APPLIED_TRANSFORM - Applied linkTransform: Autodesk.Revit.DB.Transform
[2025-08-02 18:59:22.745] DIRECT_INTERSECTION ID=10933159: STRUCT_BBOX - Min=(-0.37,-0.08,-5.13), Max=(0.37,0.08,5.13)
[2025-08-02 18:59:22.745] DIRECT_INTERSECTION ID=10933159: NO_INTERSECTION - No intersection found with cable tray centerline
[2025-08-02 18:59:22.746] DIRECT_INTERSECTION ID=10933164: TESTING_ELEMENT - Testing element 51/64: Wall, IsLinked: True
[2025-08-02 18:59:22.747] DIRECT_INTERSECTION ID=10933164: APPLIED_TRANSFORM - Applied linkTransform: Autodesk.Revit.DB.Transform
[2025-08-02 18:59:22.748] DIRECT_INTERSECTION ID=10933164: STRUCT_BBOX - Min=(-0.08,-0.82,-5.13), Max=(0.08,0.82,5.13)
[2025-08-02 18:59:22.749] DIRECT_INTERSECTION ID=10933164: NO_INTERSECTION - No intersection found with cable tray centerline
[2025-08-02 18:59:22.750] DIRECT_INTERSECTION ID=10933171: TESTING_ELEMENT - Testing element 52/64: Wall, IsLinked: True
[2025-08-02 18:59:22.751] DIRECT_INTERSECTION ID=10933171: APPLIED_TRANSFORM - Applied linkTransform: Autodesk.Revit.DB.Transform
[2025-08-02 18:59:22.752] DIRECT_INTERSECTION ID=10933171: STRUCT_BBOX - Min=(-0.37,-0.08,-5.13), Max=(0.37,0.08,5.13)
[2025-08-02 18:59:22.753] DIRECT_INTERSECTION ID=10933171: NO_INTERSECTION - No intersection found with cable tray centerline
[2025-08-02 18:59:22.754] DIRECT_INTERSECTION ID=10933172: TESTING_ELEMENT - Testing element 53/64: Wall, IsLinked: True
[2025-08-02 18:59:22.755] DIRECT_INTERSECTION ID=10933172: APPLIED_TRANSFORM - Applied linkTransform: Autodesk.Revit.DB.Transform
[2025-08-02 18:59:22.757] DIRECT_INTERSECTION ID=10933172: STRUCT_BBOX - Min=(-0.38,-0.01,-0.02), Max=(0.38,0.01,0.02)
[2025-08-02 18:59:22.758] DIRECT_INTERSECTION ID=10933172: NO_INTERSECTION - No intersection found with cable tray centerline
[2025-08-02 18:59:22.758] DIRECT_INTERSECTION ID=10933176: TESTING_ELEMENT - Testing element 54/64: Wall, IsLinked: True
[2025-08-02 18:59:22.760] DIRECT_INTERSECTION ID=10933176: APPLIED_TRANSFORM - Applied linkTransform: Autodesk.Revit.DB.Transform
[2025-08-02 18:59:22.761] DIRECT_INTERSECTION ID=10933176: STRUCT_BBOX - Min=(-0.25,-1.11,-5.13), Max=(0.25,1.11,5.13)
[2025-08-02 18:59:22.762] DIRECT_INTERSECTION ID=10933176: NO_INTERSECTION - No intersection found with cable tray centerline
[2025-08-02 18:59:22.763] DIRECT_INTERSECTION ID=10933177: TESTING_ELEMENT - Testing element 55/64: Wall, IsLinked: True
[2025-08-02 18:59:22.764] DIRECT_INTERSECTION ID=10933177: APPLIED_TRANSFORM - Applied linkTransform: Autodesk.Revit.DB.Transform
[2025-08-02 18:59:22.765] DIRECT_INTERSECTION ID=10933177: STRUCT_BBOX - Min=(-0.08,-2.22,-5.13), Max=(0.08,2.22,5.13)
[2025-08-02 18:59:22.766] DIRECT_INTERSECTION ID=10933177: NO_INTERSECTION - No intersection found with cable tray centerline
[2025-08-02 18:59:22.767] DIRECT_INTERSECTION ID=10933178: TESTING_ELEMENT - Testing element 56/64: Wall, IsLinked: True
[2025-08-02 18:59:22.768] DIRECT_INTERSECTION ID=10933178: APPLIED_TRANSFORM - Applied linkTransform: Autodesk.Revit.DB.Transform
[2025-08-02 18:59:22.769] DIRECT_INTERSECTION ID=10933178: STRUCT_BBOX - Min=(-0.01,-1.71,-0.02), Max=(0.01,1.71,0.02)
[2025-08-02 18:59:22.770] DIRECT_INTERSECTION ID=10933178: NO_INTERSECTION - No intersection found with cable tray centerline
[2025-08-02 18:59:22.771] DIRECT_INTERSECTION ID=10933182: TESTING_ELEMENT - Testing element 57/64: Wall, IsLinked: True
[2025-08-02 18:59:22.773] DIRECT_INTERSECTION ID=10933182: APPLIED_TRANSFORM - Applied linkTransform: Autodesk.Revit.DB.Transform
[2025-08-02 18:59:22.774] DIRECT_INTERSECTION ID=10933182: STRUCT_BBOX - Min=(-0.01,-2.56,-3.94), Max=(0.01,2.56,3.94)
[2025-08-02 18:59:22.775] DIRECT_INTERSECTION ID=10933182: NO_INTERSECTION - No intersection found with cable tray centerline
[2025-08-02 18:59:22.776] DIRECT_INTERSECTION ID=10933186: TESTING_ELEMENT - Testing element 58/64: Wall, IsLinked: True
[2025-08-02 18:59:22.777] DIRECT_INTERSECTION ID=10933186: APPLIED_TRANSFORM - Applied linkTransform: Autodesk.Revit.DB.Transform
[2025-08-02 18:59:22.778] DIRECT_INTERSECTION ID=10933186: STRUCT_BBOX - Min=(-0.08,-1.53,-5.13), Max=(0.08,1.53,5.13)
[2025-08-02 18:59:22.779] DIRECT_INTERSECTION ID=10933186: NO_INTERSECTION - No intersection found with cable tray centerline
[2025-08-02 18:59:22.780] DIRECT_INTERSECTION ID=10933187: TESTING_ELEMENT - Testing element 59/64: Wall, IsLinked: True
[2025-08-02 18:59:22.781] DIRECT_INTERSECTION ID=10933187: APPLIED_TRANSFORM - Applied linkTransform: Autodesk.Revit.DB.Transform
[2025-08-02 18:59:22.782] DIRECT_INTERSECTION ID=10933187: STRUCT_BBOX - Min=(-0.01,-2.42,-0.02), Max=(0.01,2.42,0.02)
[2025-08-02 18:59:22.783] DIRECT_INTERSECTION ID=10933187: NO_INTERSECTION - No intersection found with cable tray centerline
[2025-08-02 18:59:22.784] DIRECT_INTERSECTION ID=10933190: TESTING_ELEMENT - Testing element 60/64: Wall, IsLinked: True
[2025-08-02 18:59:22.785] DIRECT_INTERSECTION ID=10933190: APPLIED_TRANSFORM - Applied linkTransform: Autodesk.Revit.DB.Transform
[2025-08-02 18:59:22.786] DIRECT_INTERSECTION ID=10933190: STRUCT_BBOX - Min=(-0.38,-0.01,-0.02), Max=(0.38,0.01,0.02)
[2025-08-02 18:59:22.787] DIRECT_INTERSECTION ID=10933190: NO_INTERSECTION - No intersection found with cable tray centerline
[2025-08-02 18:59:22.788] DIRECT_INTERSECTION ID=10933200: TESTING_ELEMENT - Testing element 61/64: Wall, IsLinked: True
[2025-08-02 18:59:22.789] DIRECT_INTERSECTION ID=10933200: APPLIED_TRANSFORM - Applied linkTransform: Autodesk.Revit.DB.Transform
[2025-08-02 18:59:22.790] DIRECT_INTERSECTION ID=10933200: STRUCT_BBOX - Min=(-0.02,-0.08,-3.94), Max=(0.02,0.08,3.94)
[2025-08-02 18:59:22.791] DIRECT_INTERSECTION ID=10933200: NO_INTERSECTION - No intersection found with cable tray centerline
[2025-08-02 18:59:22.792] DIRECT_INTERSECTION ID=10933202: TESTING_ELEMENT - Testing element 62/64: Wall, IsLinked: True
[2025-08-02 18:59:22.793] DIRECT_INTERSECTION ID=10933202: NO_SOLID - No solid geometry found in structural element
[2025-08-02 18:59:22.794] DIRECT_INTERSECTION ID=10933207: TESTING_ELEMENT - Testing element 63/64: Wall, IsLinked: True
[2025-08-02 18:59:22.795] DIRECT_INTERSECTION ID=10933207: APPLIED_TRANSFORM - Applied linkTransform: Autodesk.Revit.DB.Transform
[2025-08-02 18:59:22.796] DIRECT_INTERSECTION ID=10933207: STRUCT_BBOX - Min=(-0.01,-0.80,-4.10), Max=(0.01,0.80,4.10)
[2025-08-02 18:59:22.797] DIRECT_INTERSECTION ID=10933207: NO_INTERSECTION - No intersection found with cable tray centerline
[2025-08-02 18:59:22.798] DIRECT_INTERSECTION ID=10933210: TESTING_ELEMENT - Testing element 64/64: Wall, IsLinked: True
[2025-08-02 18:59:22.798] DIRECT_INTERSECTION ID=10933210: APPLIED_TRANSFORM - Applied linkTransform: Autodesk.Revit.DB.Transform
[2025-08-02 18:59:22.799] DIRECT_INTERSECTION ID=10933210: STRUCT_BBOX - Min=(-0.08,-1.07,-1.49), Max=(0.08,1.07,1.49)
[2025-08-02 18:59:22.800] DIRECT_INTERSECTION ID=10933210: NO_INTERSECTION - No intersection found with cable tray centerline
[2025-08-02 18:59:22.801] DIRECT_INTERSECTION ID=1874033: INTERSECTION_COMPLETE - Tested 64 elements, found 2 intersections
[2025-08-02 18:59:22.802] DEBUG_WALLS ID=1874033: WALL_SOLID_RESULT - Direct solid method found 2 wall intersections
[2025-08-02 18:59:22.903] SYSTEM ID=0: PROCESSING STARTED - Total cable trays to process: 13
[2025-08-02 18:59:22.945] WALLS ID=2082316: STRUCTURAL DETECTED - Hit by cable tray 1874033
[2025-08-02 18:59:22.946] CABLETRAY-STRUCTURAL INTERSECTION ID=0: INTERSECTION_DETAILS - CableTray ID=1874033, Structural ID=2082316, Position=(105.261750351, 44.291338671, 60.744750656)
[2025-08-02 18:59:23.152] WALLS ID=10933084: STRUCTURAL DETECTED - Hit by cable tray 1874043
[2025-08-02 18:59:23.153] CABLETRAY-STRUCTURAL INTERSECTION ID=0: INTERSECTION_DETAILS - CableTray ID=1874043, Structural ID=10933084, Position=(104.237790398, 36.472706423, 60.744750656)
[2025-08-02 18:59:23.331] WALLS ID=2082316: STRUCTURAL DETECTED - Hit by cable tray 1874995
[2025-08-02 18:59:23.332] CABLETRAY-STRUCTURAL INTERSECTION ID=0: INTERSECTION_DETAILS - CableTray ID=1874995, Structural ID=2082316, Position=(105.684448127, 44.291338671, 60.744750656)
[2025-08-02 18:59:23.501] WALLS ID=10933084: STRUCTURAL DETECTED - Hit by cable tray 1875003
[2025-08-02 18:59:23.502] CABLETRAY-STRUCTURAL INTERSECTION ID=0: INTERSECTION_DETAILS - CableTray ID=1875003, Structural ID=10933084, Position=(104.237790398, 35.852629870, 60.744750656)
[2025-08-02 18:59:23.660] WALLS ID=10933172: ELEMENT DETECTED - Hit by cable tray 1935283
[2025-08-02 18:59:23.662] CABLETRAY-WALL INTERSECTION ID=0: INTERSECTION_DETAILS - CableTray ID=1935283, Wall ID=10933172, Position=(110.012439698, 21.499344008, 58.448162730)
[2025-08-02 18:59:23.723] WALLS ID=10933172: SLEEVE_FAILED - Reason: Existing sleeve found at location
[2025-08-02 18:59:23.757] WALLS ID=10933172: ELEMENT DETECTED - Hit by cable tray 1935473
[2025-08-02 18:59:23.758] CABLETRAY-WALL INTERSECTION ID=0: INTERSECTION_DETAILS - CableTray ID=1935473, Wall ID=10933172, Position=(109.988665861, 21.499344008, 58.448162730)
[2025-08-02 18:59:23.807] WALLS ID=10933172: SLEEVE_FAILED - Reason: Existing sleeve found at location
[2025-08-02 18:59:23.835] WALLS ID=2700957: STRUCTURAL DETECTED - Hit by cable tray 1951625
[2025-08-02 18:59:23.836] CABLETRAY-STRUCTURAL INTERSECTION ID=0: INTERSECTION_DETAILS - CableTray ID=1951625, Structural ID=2700957, Position=(97.112860892, 22.060818482, 60.810730318)
[2025-08-02 18:59:24.062] WALLS ID=2700957: STRUCTURAL DETECTED - Hit by cable tray 1951626
[2025-08-02 18:59:24.063] CABLETRAY-STRUCTURAL INTERSECTION ID=0: INTERSECTION_DETAILS - CableTray ID=1951626, Structural ID=2700957, Position=(97.112860892, 22.724139449, 60.810730318)
[2025-08-02 18:59:24.213] WALLS ID=2700957: STRUCTURAL DETECTED - Hit by cable tray 1953336
[2025-08-02 18:59:24.215] CABLETRAY-STRUCTURAL INTERSECTION ID=0: INTERSECTION_DETAILS - CableTray ID=1953336, Structural ID=2700957, Position=(97.112860892, 24.052223439, 60.810730318)
[2025-08-02 18:59:24.371] FLOORS ID=1713828: STRUCTURAL DETECTED - Hit by cable tray 1953384
[2025-08-02 18:59:24.372] CABLETRAY-STRUCTURAL INTERSECTION ID=0: INTERSECTION_DETAILS - CableTray ID=1953384, Structural ID=1713828, Position=(106.969486514, 25.145670788, 62.212926509)
[2025-08-02 18:59:24.424] FLOORS ID=1713828: STRUCTURAL DETECTED - Hit by cable tray 1953421
[2025-08-02 18:59:24.425] CABLETRAY-STRUCTURAL INTERSECTION ID=0: INTERSECTION_DETAILS - CableTray ID=1953421, Structural ID=1713828, Position=(107.533334452, 25.131574589, 62.212926509)
[2025-08-02 18:59:24.474] FLOORS ID=1713828: STRUCTURAL DETECTED - Hit by cable tray 1953426
[2025-08-02 18:59:24.475] CABLETRAY-STRUCTURAL INTERSECTION ID=0: INTERSECTION_DETAILS - CableTray ID=1953426, Structural ID=1713828, Position=(107.223218086, 28.105872462, 62.212926509)
[2025-08-02 18:59:24.477] WALLS ID=10933073: ELEMENT DETECTED - Hit by cable tray 1953426
[2025-08-02 18:59:24.478] CABLETRAY-WALL INTERSECTION ID=0: INTERSECTION_DETAILS - CableTray ID=1953426, Wall ID=10933073, Position=(107.223218086, 28.105872462, 63.784618355)
[2025-08-02 18:59:24.584] FLOORS ID=1713828: STRUCTURAL DETECTED - Hit by cable tray 2142742
[2025-08-02 18:59:24.585] CABLETRAY-STRUCTURAL INTERSECTION ID=0: INTERSECTION_DETAILS - CableTray ID=2142742, Structural ID=1713828, Position=(106.848044906, 26.601182763, 62.212926509)

[2025-08-02 18:59:24.615] ===== CABLETRAYSLEEVECOMMAND STRUCTURAL ELEMENTS SUMMARY =====
Total Elements Processed: 13
Structural Elements Detected: 11
Sleeves Successfully Placed: 7
Placement Failures: 4
Success Rate: 63.6%
=========================================

[2025-08-02 18:59:24.616] SYSTEM ID=0: COMMAND COMPLETED - Structural sleeve placement finished. Log file: c:\JSE_CSharp_Projects\JSE_RevitAddin_MEP_OPENINGS\JSE_RevitAddin_MEP_OPENINGS\Logs\StructuralElements_SleeveLog_20250802_185922.log
