===== STRUCTURAL ELEMENTS SLEEVE PLACEMENT LOG =====
Session Started: 2025-08-02 19:04:47
Log File: StructuralElements_SleeveLog_20250802_190447.log
JSE RevitAddin MEP Openings - Structural Elements Support
====================================================

[2025-08-02 19:04:47.455] DIAGNOSTIC ID=0: CT_FAMILY_SEARCH - Found 110 family symbols in project
[2025-08-02 19:04:47.457] DIAGNOSTIC ID=1049: CT_FAMILY_FOUND - Family: Section Head - Filled, Symbol: Section Head - Filled
[2025-08-02 19:04:47.458] DIAGNOSTIC ID=16216: CT_FAMILY_FOUND - Family: Rectangular Handrail, Symbol: 50 x 50mm
[2025-08-02 19:04:47.460] DIAGNOSTIC ID=28045: CT_FAMILY_FOUND - Family: Section Tail - Filled, Symbol: Section Tail - Filled
[2025-08-02 19:04:47.461] DIAGNOSTIC ID=112441: CT_FAMILY_FOUND - Family: Rectangular Union, Symbol: Standard
[2025-08-02 19:04:47.462] DIAGNOSTIC ID=498585: CT_FAMILY_FOUND - Family: Rectangular Medium Radius Bend - Flanged, Symbol: Standard
[2025-08-02 19:04:47.463] DIAGNOSTIC ID=498587: CT_FAMILY_FOUND - Family: Rectangular Square Tee - Flanged, Symbol: Standard
[2025-08-02 19:04:47.465] DIAGNOSTIC ID=498589: CT_FAMILY_FOUND - Family: Rectangular Shoe Branch - Flanged, Symbol: Standard
[2025-08-02 19:04:47.466] DIAGNOSTIC ID=498591: CT_FAMILY_FOUND - Family: Rectangular Concentric Taper - Flanged, Symbol: Standard
[2025-08-02 19:04:47.467] DIAGNOSTIC ID=498593: CT_FAMILY_FOUND - Family: Rectangular - Round Transformation - Flanged, Symbol: Standard
[2025-08-02 19:04:47.468] DIAGNOSTIC ID=499382: CT_FAMILY_FOUND - Family: Rectangular Blank End, Symbol: Standard
[2025-08-02 19:04:47.470] SUCCESS ID=2124183: CT_FAMILY_FOUND - Using cable tray wall sleeve family: CableTrayOpeningOnWall, Symbol: CT#
[2025-08-02 19:04:47.470] SUCCESS ID=2126788: CT_FAMILY_FOUND - Using cable tray slab sleeve family: CabletrayOpeningOnSlab, Symbol: CT#
[2025-08-02 19:04:47.524] DEBUG_WALLS ID=0: WALL_SOLID_TEST - Testing wall detection using direct solid approach like structural elements
[2025-08-02 19:04:47.539] DEBUG_WALLS ID=2069893: LINKED_WALLS_FOUND - Found 0 walls in ME-1722-2024-21-06-2025.rvt : 19 : location <Not Shared>
[2025-08-02 19:04:47.565] DEBUG_WALLS ID=2140496: LINKED_WALLS_FOUND - Found 64 walls in Architecture_detached.rvt : 22 : location <Not Shared>
[2025-08-02 19:04:47.571] DEBUG_WALLS ID=2140829: LINKED_WALLS_FOUND - Found 0 walls in Structure.rvt : 23 : location <Not Shared>
[2025-08-02 19:04:47.576] DIRECT_INTERSECTION ID=1874033: STARTING_INTERSECTION - Testing cable tray against 64 structural elements
[2025-08-02 19:04:47.577] DIRECT_INTERSECTION ID=2082287: TESTING_ELEMENT - Testing element 1/64: Wall, IsLinked: True
[2025-08-02 19:04:47.578] DIRECT_INTERSECTION ID=2082287: APPLIED_TRANSFORM - Applied linkTransform: Autodesk.Revit.DB.Transform
[2025-08-02 19:04:47.579] DIRECT_INTERSECTION ID=2082287: STRUCT_BBOX - Min=(-0.33,-4.29,-5.31), Max=(0.33,4.29,5.31)
[2025-08-02 19:04:47.580] DIRECT_INTERSECTION ID=2082287: NO_INTERSECTION - No intersection found with cable tray centerline
[2025-08-02 19:04:47.582] DIRECT_INTERSECTION ID=2082305: TESTING_ELEMENT - Testing element 2/64: Wall, IsLinked: True
[2025-08-02 19:04:47.583] DIRECT_INTERSECTION ID=2082305: APPLIED_TRANSFORM - Applied linkTransform: Autodesk.Revit.DB.Transform
[2025-08-02 19:04:47.584] DIRECT_INTERSECTION ID=2082305: STRUCT_BBOX - Min=(-0.25,-2.58,-5.31), Max=(0.25,2.58,5.31)
[2025-08-02 19:04:47.585] DIRECT_INTERSECTION ID=2082305: NO_INTERSECTION - No intersection found with cable tray centerline
[2025-08-02 19:04:47.585] DIRECT_INTERSECTION ID=2082306: TESTING_ELEMENT - Testing element 3/64: Wall, IsLinked: True
[2025-08-02 19:04:47.586] DIRECT_INTERSECTION ID=2082306: APPLIED_TRANSFORM - Applied linkTransform: Autodesk.Revit.DB.Transform
[2025-08-02 19:04:47.587] DIRECT_INTERSECTION ID=2082306: STRUCT_BBOX - Min=(-0.25,-2.26,-5.31), Max=(0.25,2.26,5.31)
[2025-08-02 19:04:47.588] DIRECT_INTERSECTION ID=2082306: NO_INTERSECTION - No intersection found with cable tray centerline
[2025-08-02 19:04:47.589] DIRECT_INTERSECTION ID=2082307: TESTING_ELEMENT - Testing element 4/64: Wall, IsLinked: True
[2025-08-02 19:04:47.590] DIRECT_INTERSECTION ID=2082307: APPLIED_TRANSFORM - Applied linkTransform: Autodesk.Revit.DB.Transform
[2025-08-02 19:04:47.591] DIRECT_INTERSECTION ID=2082307: STRUCT_BBOX - Min=(-1.65,-0.25,-5.31), Max=(1.65,0.25,5.31)
[2025-08-02 19:04:47.592] DIRECT_INTERSECTION ID=2082307: NO_INTERSECTION - No intersection found with cable tray centerline
[2025-08-02 19:04:47.592] DIRECT_INTERSECTION ID=2082316: TESTING_ELEMENT - Testing element 5/64: Wall, IsLinked: True
[2025-08-02 19:04:47.593] DIRECT_INTERSECTION ID=2082316: APPLIED_TRANSFORM - Applied linkTransform: Autodesk.Revit.DB.Transform
[2025-08-02 19:04:47.594] DIRECT_INTERSECTION ID=2082316: STRUCT_BBOX - Min=(-2.12,-0.33,-5.31), Max=(2.12,0.33,5.31)
[2025-08-02 19:04:47.595] DIRECT_INTERSECTION ID=2082316: INTERSECTION_POINT - Entry=(105.261750351, 43.963254681, 60.744750656), Exit=(105.261750351, 44.619422660, 60.744750656), Midpoint=(105.261750351, 44.291338671, 60.744750656)
[2025-08-02 19:04:47.597] DIRECT_INTERSECTION ID=2700957: TESTING_ELEMENT - Testing element 6/64: Wall, IsLinked: True
[2025-08-02 19:04:47.598] DIRECT_INTERSECTION ID=2700957: APPLIED_TRANSFORM - Applied linkTransform: Autodesk.Revit.DB.Transform
[2025-08-02 19:04:47.599] DIRECT_INTERSECTION ID=2700957: STRUCT_BBOX - Min=(-0.33,-7.07,-5.31), Max=(0.33,7.07,5.31)
[2025-08-02 19:04:47.600] DIRECT_INTERSECTION ID=2700957: NO_INTERSECTION - No intersection found with cable tray centerline
[2025-08-02 19:04:47.601] DIRECT_INTERSECTION ID=3979480: TESTING_ELEMENT - Testing element 7/64: Wall, IsLinked: True
[2025-08-02 19:04:47.602] DIRECT_INTERSECTION ID=3979480: APPLIED_TRANSFORM - Applied linkTransform: Autodesk.Revit.DB.Transform
[2025-08-02 19:04:47.604] DIRECT_INTERSECTION ID=3979480: STRUCT_BBOX - Min=(-1.90,-0.33,-5.31), Max=(1.90,0.33,5.31)
[2025-08-02 19:04:47.605] DIRECT_INTERSECTION ID=3979480: NO_INTERSECTION - No intersection found with cable tray centerline
[2025-08-02 19:04:47.606] DIRECT_INTERSECTION ID=3979488: TESTING_ELEMENT - Testing element 8/64: Wall, IsLinked: True
[2025-08-02 19:04:47.607] DIRECT_INTERSECTION ID=3979488: APPLIED_TRANSFORM - Applied linkTransform: Autodesk.Revit.DB.Transform
[2025-08-02 19:04:47.608] DIRECT_INTERSECTION ID=3979488: STRUCT_BBOX - Min=(-2.41,-0.33,-5.31), Max=(2.41,0.33,5.31)
[2025-08-02 19:04:47.609] DIRECT_INTERSECTION ID=3979488: NO_INTERSECTION - No intersection found with cable tray centerline
[2025-08-02 19:04:47.610] DIRECT_INTERSECTION ID=6150398: TESTING_ELEMENT - Testing element 9/64: Wall, IsLinked: True
[2025-08-02 19:04:47.611] DIRECT_INTERSECTION ID=6150398: APPLIED_TRANSFORM - Applied linkTransform: Autodesk.Revit.DB.Transform
[2025-08-02 19:04:47.613] DIRECT_INTERSECTION ID=6150398: STRUCT_BBOX - Min=(-0.33,-0.33,-5.31), Max=(0.33,0.33,5.31)
[2025-08-02 19:04:47.614] DIRECT_INTERSECTION ID=6150398: NO_INTERSECTION - No intersection found with cable tray centerline
[2025-08-02 19:04:47.614] DIRECT_INTERSECTION ID=10932962: TESTING_ELEMENT - Testing element 10/64: Wall, IsLinked: True
[2025-08-02 19:04:47.616] DIRECT_INTERSECTION ID=10932962: APPLIED_TRANSFORM - Applied linkTransform: Autodesk.Revit.DB.Transform
[2025-08-02 19:04:47.617] DIRECT_INTERSECTION ID=10932962: STRUCT_BBOX - Min=(-2.36,-0.16,-5.25), Max=(2.36,0.16,5.25)
[2025-08-02 19:04:47.618] DIRECT_INTERSECTION ID=10932962: NO_INTERSECTION - No intersection found with cable tray centerline
[2025-08-02 19:04:47.619] DIRECT_INTERSECTION ID=10932963: TESTING_ELEMENT - Testing element 11/64: Wall, IsLinked: True
[2025-08-02 19:04:47.621] DIRECT_INTERSECTION ID=10932963: APPLIED_TRANSFORM - Applied linkTransform: Autodesk.Revit.DB.Transform
[2025-08-02 19:04:47.623] DIRECT_INTERSECTION ID=10932963: STRUCT_BBOX - Min=(-1.75,-0.25,-5.13), Max=(1.75,0.25,5.13)
[2025-08-02 19:04:47.625] DIRECT_INTERSECTION ID=10932963: INTERSECTION_POINT - Entry=(105.261750351, 44.619422661, 60.744750656), Exit=(105.261750351, 44.127296677, 60.744750656), Midpoint=(105.261750351, 44.373359669, 60.744750656)
[2025-08-02 19:04:47.627] DIRECT_INTERSECTION ID=10932964: TESTING_ELEMENT - Testing element 12/64: Wall, IsLinked: True
[2025-08-02 19:04:47.628] DIRECT_INTERSECTION ID=10932964: APPLIED_TRANSFORM - Applied linkTransform: Autodesk.Revit.DB.Transform
[2025-08-02 19:04:47.629] DIRECT_INTERSECTION ID=10932964: STRUCT_BBOX - Min=(-0.35,-0.33,-5.13), Max=(0.35,0.33,5.13)
[2025-08-02 19:04:47.649] DIRECT_INTERSECTION ID=10932964: NO_INTERSECTION - No intersection found with cable tray centerline
[2025-08-02 19:04:47.650] DIRECT_INTERSECTION ID=10932974: TESTING_ELEMENT - Testing element 13/64: Wall, IsLinked: True
[2025-08-02 19:04:47.652] DIRECT_INTERSECTION ID=10932974: APPLIED_TRANSFORM - Applied linkTransform: Autodesk.Revit.DB.Transform
[2025-08-02 19:04:47.653] DIRECT_INTERSECTION ID=10932974: STRUCT_BBOX - Min=(-0.01,-1.74,-5.13), Max=(0.01,1.74,5.13)
[2025-08-02 19:04:47.653] DIRECT_INTERSECTION ID=10932974: NO_INTERSECTION - No intersection found with cable tray centerline
[2025-08-02 19:04:47.654] DIRECT_INTERSECTION ID=10932975: TESTING_ELEMENT - Testing element 14/64: Wall, IsLinked: True
[2025-08-02 19:04:47.655] DIRECT_INTERSECTION ID=10932975: APPLIED_TRANSFORM - Applied linkTransform: Autodesk.Revit.DB.Transform
[2025-08-02 19:04:47.656] DIRECT_INTERSECTION ID=10932975: STRUCT_BBOX - Min=(-0.02,-0.84,-4.43), Max=(0.02,0.84,4.43)
[2025-08-02 19:04:47.657] DIRECT_INTERSECTION ID=10932975: NO_INTERSECTION - No intersection found with cable tray centerline
[2025-08-02 19:04:47.658] DIRECT_INTERSECTION ID=10932976: TESTING_ELEMENT - Testing element 15/64: Wall, IsLinked: True
[2025-08-02 19:04:47.659] DIRECT_INTERSECTION ID=10932976: APPLIED_TRANSFORM - Applied linkTransform: Autodesk.Revit.DB.Transform
[2025-08-02 19:04:47.659] DIRECT_INTERSECTION ID=10932976: STRUCT_BBOX - Min=(-1.93,-0.02,-4.43), Max=(1.93,0.02,4.43)
[2025-08-02 19:04:47.660] DIRECT_INTERSECTION ID=10932976: NO_INTERSECTION - No intersection found with cable tray centerline
[2025-08-02 19:04:47.661] DIRECT_INTERSECTION ID=10932977: TESTING_ELEMENT - Testing element 16/64: Wall, IsLinked: True
[2025-08-02 19:04:47.662] DIRECT_INTERSECTION ID=10932977: APPLIED_TRANSFORM - Applied linkTransform: Autodesk.Revit.DB.Transform
[2025-08-02 19:04:47.663] DIRECT_INTERSECTION ID=10932977: STRUCT_BBOX - Min=(-0.02,-0.84,-4.43), Max=(0.02,0.84,4.43)
[2025-08-02 19:04:47.665] DIRECT_INTERSECTION ID=10932977: NO_INTERSECTION - No intersection found with cable tray centerline
[2025-08-02 19:04:47.666] DIRECT_INTERSECTION ID=10932979: TESTING_ELEMENT - Testing element 17/64: Wall, IsLinked: True
[2025-08-02 19:04:47.667] DIRECT_INTERSECTION ID=10932979: APPLIED_TRANSFORM - Applied linkTransform: Autodesk.Revit.DB.Transform
[2025-08-02 19:04:47.668] DIRECT_INTERSECTION ID=10932979: STRUCT_BBOX - Min=(-0.02,-2.08,-1.94), Max=(0.02,2.08,1.94)
[2025-08-02 19:04:47.669] DIRECT_INTERSECTION ID=10932979: NO_INTERSECTION - No intersection found with cable tray centerline
[2025-08-02 19:04:47.669] DIRECT_INTERSECTION ID=10932980: TESTING_ELEMENT - Testing element 18/64: Wall, IsLinked: True
[2025-08-02 19:04:47.670] DIRECT_INTERSECTION ID=10932980: APPLIED_TRANSFORM - Applied linkTransform: Autodesk.Revit.DB.Transform
[2025-08-02 19:04:47.671] DIRECT_INTERSECTION ID=10932980: STRUCT_BBOX - Min=(-2.12,-0.02,-4.02), Max=(2.12,0.02,4.02)
[2025-08-02 19:04:47.673] DIRECT_INTERSECTION ID=10932980: NO_INTERSECTION - No intersection found with cable tray centerline
[2025-08-02 19:04:47.673] DIRECT_INTERSECTION ID=10932981: TESTING_ELEMENT - Testing element 19/64: Wall, IsLinked: True
[2025-08-02 19:04:47.674] DIRECT_INTERSECTION ID=10932981: APPLIED_TRANSFORM - Applied linkTransform: Autodesk.Revit.DB.Transform
[2025-08-02 19:04:47.675] DIRECT_INTERSECTION ID=10932981: STRUCT_BBOX - Min=(-0.02,-2.06,-2.46), Max=(0.02,2.06,2.46)
[2025-08-02 19:04:47.676] DIRECT_INTERSECTION ID=10932981: NO_INTERSECTION - No intersection found with cable tray centerline
[2025-08-02 19:04:47.677] DIRECT_INTERSECTION ID=10932982: TESTING_ELEMENT - Testing element 20/64: Wall, IsLinked: True
[2025-08-02 19:04:47.678] DIRECT_INTERSECTION ID=10932982: APPLIED_TRANSFORM - Applied linkTransform: Autodesk.Revit.DB.Transform
[2025-08-02 19:04:47.679] DIRECT_INTERSECTION ID=10932982: STRUCT_BBOX - Min=(-0.25,-0.02,-1.97), Max=(0.25,0.02,1.97)
[2025-08-02 19:04:47.680] DIRECT_INTERSECTION ID=10932982: NO_INTERSECTION - No intersection found with cable tray centerline
[2025-08-02 19:04:47.681] DIRECT_INTERSECTION ID=10932983: TESTING_ELEMENT - Testing element 21/64: Wall, IsLinked: True
[2025-08-02 19:04:47.682] DIRECT_INTERSECTION ID=10932983: APPLIED_TRANSFORM - Applied linkTransform: Autodesk.Revit.DB.Transform
[2025-08-02 19:04:47.682] DIRECT_INTERSECTION ID=10932983: STRUCT_BBOX - Min=(-0.02,-2.06,-3.94), Max=(0.02,2.06,3.94)
[2025-08-02 19:04:47.683] DIRECT_INTERSECTION ID=10932983: NO_INTERSECTION - No intersection found with cable tray centerline
[2025-08-02 19:04:47.684] DIRECT_INTERSECTION ID=10932984: TESTING_ELEMENT - Testing element 22/64: Wall, IsLinked: True
[2025-08-02 19:04:47.686] DIRECT_INTERSECTION ID=10932984: APPLIED_TRANSFORM - Applied linkTransform: Autodesk.Revit.DB.Transform
[2025-08-02 19:04:47.687] DIRECT_INTERSECTION ID=10932984: STRUCT_BBOX - Min=(-2.12,-0.02,-4.02), Max=(2.12,0.02,4.02)
[2025-08-02 19:04:47.688] DIRECT_INTERSECTION ID=10932984: NO_INTERSECTION - No intersection found with cable tray centerline
[2025-08-02 19:04:47.689] DIRECT_INTERSECTION ID=10932996: TESTING_ELEMENT - Testing element 23/64: Wall, IsLinked: True
[2025-08-02 19:04:47.690] DIRECT_INTERSECTION ID=10932996: APPLIED_TRANSFORM - Applied linkTransform: Autodesk.Revit.DB.Transform
[2025-08-02 19:04:47.691] DIRECT_INTERSECTION ID=10932996: STRUCT_BBOX - Min=(-0.69,-0.69,-4.45), Max=(0.69,0.69,4.45)
[2025-08-02 19:04:47.692] DIRECT_INTERSECTION ID=10932996: NO_INTERSECTION - No intersection found with cable tray centerline
[2025-08-02 19:04:47.693] DIRECT_INTERSECTION ID=10932997: TESTING_ELEMENT - Testing element 24/64: Wall, IsLinked: True
[2025-08-02 19:04:47.694] DIRECT_INTERSECTION ID=10932997: APPLIED_TRANSFORM - Applied linkTransform: Autodesk.Revit.DB.Transform
[2025-08-02 19:04:47.695] DIRECT_INTERSECTION ID=10932997: STRUCT_BBOX - Min=(-0.69,-0.69,-4.43), Max=(0.69,0.69,4.43)
[2025-08-02 19:04:47.696] DIRECT_INTERSECTION ID=10932997: NO_INTERSECTION - No intersection found with cable tray centerline
[2025-08-02 19:04:47.697] DIRECT_INTERSECTION ID=10932998: TESTING_ELEMENT - Testing element 25/64: Wall, IsLinked: True
[2025-08-02 19:04:47.698] DIRECT_INTERSECTION ID=10932998: APPLIED_TRANSFORM - Applied linkTransform: Autodesk.Revit.DB.Transform
[2025-08-02 19:04:47.698] DIRECT_INTERSECTION ID=10932998: STRUCT_BBOX - Min=(-0.69,-0.69,-5.13), Max=(0.69,0.69,5.13)
[2025-08-02 19:04:47.699] DIRECT_INTERSECTION ID=10932998: NO_INTERSECTION - No intersection found with cable tray centerline
[2025-08-02 19:04:47.700] DIRECT_INTERSECTION ID=10933003: TESTING_ELEMENT - Testing element 26/64: Wall, IsLinked: True
[2025-08-02 19:04:47.702] DIRECT_INTERSECTION ID=10933003: APPLIED_TRANSFORM - Applied linkTransform: Autodesk.Revit.DB.Transform
[2025-08-02 19:04:47.703] DIRECT_INTERSECTION ID=10933003: STRUCT_BBOX - Min=(-0.08,-0.02,-3.94), Max=(0.08,0.02,3.94)
[2025-08-02 19:04:47.704] DIRECT_INTERSECTION ID=10933003: NO_INTERSECTION - No intersection found with cable tray centerline
[2025-08-02 19:04:47.705] DIRECT_INTERSECTION ID=10933015: TESTING_ELEMENT - Testing element 27/64: Wall, IsLinked: True
[2025-08-02 19:04:47.706] DIRECT_INTERSECTION ID=10933015: APPLIED_TRANSFORM - Applied linkTransform: Autodesk.Revit.DB.Transform
[2025-08-02 19:04:47.707] DIRECT_INTERSECTION ID=10933015: STRUCT_BBOX - Min=(-0.25,-2.10,-1.94), Max=(0.25,2.10,1.94)
[2025-08-02 19:04:47.708] DIRECT_INTERSECTION ID=10933015: NO_INTERSECTION - No intersection found with cable tray centerline
[2025-08-02 19:04:47.709] DIRECT_INTERSECTION ID=10933016: TESTING_ELEMENT - Testing element 28/64: Wall, IsLinked: True
[2025-08-02 19:04:47.710] DIRECT_INTERSECTION ID=10933016: APPLIED_TRANSFORM - Applied linkTransform: Autodesk.Revit.DB.Transform
[2025-08-02 19:04:47.711] DIRECT_INTERSECTION ID=10933016: STRUCT_BBOX - Min=(-0.25,-0.02,-1.97), Max=(0.25,0.02,1.97)
[2025-08-02 19:04:47.712] DIRECT_INTERSECTION ID=10933016: NO_INTERSECTION - No intersection found with cable tray centerline
[2025-08-02 19:04:47.713] DIRECT_INTERSECTION ID=10933017: TESTING_ELEMENT - Testing element 29/64: Wall, IsLinked: True
[2025-08-02 19:04:47.714] DIRECT_INTERSECTION ID=10933017: APPLIED_TRANSFORM - Applied linkTransform: Autodesk.Revit.DB.Transform
[2025-08-02 19:04:47.715] DIRECT_INTERSECTION ID=10933017: STRUCT_BBOX - Min=(-0.33,-0.16,-5.13), Max=(0.33,0.16,5.13)
[2025-08-02 19:04:47.715] DIRECT_INTERSECTION ID=10933017: NO_INTERSECTION - No intersection found with cable tray centerline
[2025-08-02 19:04:47.716] DIRECT_INTERSECTION ID=10933024: TESTING_ELEMENT - Testing element 30/64: Wall, IsLinked: True
[2025-08-02 19:04:47.718] DIRECT_INTERSECTION ID=10933024: APPLIED_TRANSFORM - Applied linkTransform: Autodesk.Revit.DB.Transform
[2025-08-02 19:04:47.719] DIRECT_INTERSECTION ID=10933024: STRUCT_BBOX - Min=(-0.02,-0.11,-3.94), Max=(0.02,0.11,3.94)
[2025-08-02 19:04:47.720] DIRECT_INTERSECTION ID=10933024: NO_INTERSECTION - No intersection found with cable tray centerline
[2025-08-02 19:04:47.721] DIRECT_INTERSECTION ID=10933025: TESTING_ELEMENT - Testing element 31/64: Wall, IsLinked: True
[2025-08-02 19:04:47.723] DIRECT_INTERSECTION ID=10933025: APPLIED_TRANSFORM - Applied linkTransform: Autodesk.Revit.DB.Transform
[2025-08-02 19:04:47.724] DIRECT_INTERSECTION ID=10933025: STRUCT_BBOX - Min=(-0.70,-0.76,-5.13), Max=(0.70,0.76,5.13)
[2025-08-02 19:04:47.725] DIRECT_INTERSECTION ID=10933025: NO_INTERSECTION - No intersection found with cable tray centerline
[2025-08-02 19:04:47.726] DIRECT_INTERSECTION ID=10933057: TESTING_ELEMENT - Testing element 32/64: Wall, IsLinked: True
[2025-08-02 19:04:47.728] DIRECT_INTERSECTION ID=10933057: APPLIED_TRANSFORM - Applied linkTransform: Autodesk.Revit.DB.Transform
[2025-08-02 19:04:47.729] DIRECT_INTERSECTION ID=10933057: STRUCT_BBOX - Min=(-0.01,-6.22,-4.10), Max=(0.01,6.22,4.10)
[2025-08-02 19:04:47.730] DIRECT_INTERSECTION ID=10933057: NO_INTERSECTION - No intersection found with cable tray centerline
[2025-08-02 19:04:47.731] DIRECT_INTERSECTION ID=10933073: TESTING_ELEMENT - Testing element 33/64: Wall, IsLinked: True
[2025-08-02 19:04:47.733] DIRECT_INTERSECTION ID=10933073: APPLIED_TRANSFORM - Applied linkTransform: Autodesk.Revit.DB.Transform
[2025-08-02 19:04:47.742] DIRECT_INTERSECTION ID=10933073: STRUCT_BBOX - Min=(-0.02,-7.07,-0.02), Max=(0.02,7.07,0.02)
[2025-08-02 19:04:47.743] DIRECT_INTERSECTION ID=10933073: NO_INTERSECTION - No intersection found with cable tray centerline
[2025-08-02 19:04:47.744] DIRECT_INTERSECTION ID=10933083: TESTING_ELEMENT - Testing element 34/64: Wall, IsLinked: True
[2025-08-02 19:04:47.746] DIRECT_INTERSECTION ID=10933083: APPLIED_TRANSFORM - Applied linkTransform: Autodesk.Revit.DB.Transform
[2025-08-02 19:04:47.747] DIRECT_INTERSECTION ID=10933083: STRUCT_BBOX - Min=(-0.16,-0.02,-3.94), Max=(0.16,0.02,3.94)
[2025-08-02 19:04:47.748] DIRECT_INTERSECTION ID=10933083: NO_INTERSECTION - No intersection found with cable tray centerline
[2025-08-02 19:04:47.749] DIRECT_INTERSECTION ID=10933084: TESTING_ELEMENT - Testing element 35/64: Wall, IsLinked: True
[2025-08-02 19:04:47.750] DIRECT_INTERSECTION ID=10933084: APPLIED_TRANSFORM - Applied linkTransform: Autodesk.Revit.DB.Transform
[2025-08-02 19:04:47.751] DIRECT_INTERSECTION ID=10933084: STRUCT_BBOX - Min=(-0.16,-5.03,-5.25), Max=(0.16,5.03,5.25)
[2025-08-02 19:04:47.752] DIRECT_INTERSECTION ID=10933084: NO_INTERSECTION - No intersection found with cable tray centerline
[2025-08-02 19:04:47.753] DIRECT_INTERSECTION ID=10933085: TESTING_ELEMENT - Testing element 36/64: Wall, IsLinked: True
[2025-08-02 19:04:47.755] DIRECT_INTERSECTION ID=10933085: APPLIED_TRANSFORM - Applied linkTransform: Autodesk.Revit.DB.Transform
[2025-08-02 19:04:47.756] DIRECT_INTERSECTION ID=10933085: STRUCT_BBOX - Min=(-0.16,-1.02,-5.30), Max=(0.16,1.02,5.30)
[2025-08-02 19:04:47.757] DIRECT_INTERSECTION ID=10933085: NO_INTERSECTION - No intersection found with cable tray centerline
[2025-08-02 19:04:47.758] DIRECT_INTERSECTION ID=10933095: TESTING_ELEMENT - Testing element 37/64: Wall, IsLinked: True
[2025-08-02 19:04:47.759] DIRECT_INTERSECTION ID=10933095: APPLIED_TRANSFORM - Applied linkTransform: Autodesk.Revit.DB.Transform
[2025-08-02 19:04:47.760] DIRECT_INTERSECTION ID=10933095: STRUCT_BBOX - Min=(-0.15,-0.08,-5.13), Max=(0.15,0.08,5.13)
[2025-08-02 19:04:47.761] DIRECT_INTERSECTION ID=10933095: NO_INTERSECTION - No intersection found with cable tray centerline
[2025-08-02 19:04:47.762] DIRECT_INTERSECTION ID=10933096: TESTING_ELEMENT - Testing element 38/64: Wall, IsLinked: True
[2025-08-02 19:04:47.763] DIRECT_INTERSECTION ID=10933096: APPLIED_TRANSFORM - Applied linkTransform: Autodesk.Revit.DB.Transform
[2025-08-02 19:04:47.764] DIRECT_INTERSECTION ID=10933096: STRUCT_BBOX - Min=(-0.15,-0.01,-0.02), Max=(0.15,0.01,0.02)
[2025-08-02 19:04:47.765] DIRECT_INTERSECTION ID=10933096: NO_INTERSECTION - No intersection found with cable tray centerline
[2025-08-02 19:04:47.766] DIRECT_INTERSECTION ID=10933101: TESTING_ELEMENT - Testing element 39/64: Wall, IsLinked: True
[2025-08-02 19:04:47.767] DIRECT_INTERSECTION ID=10933101: APPLIED_TRANSFORM - Applied linkTransform: Autodesk.Revit.DB.Transform
[2025-08-02 19:04:47.768] DIRECT_INTERSECTION ID=10933101: STRUCT_BBOX - Min=(-0.01,-0.34,-0.02), Max=(0.01,0.34,0.02)
[2025-08-02 19:04:47.769] DIRECT_INTERSECTION ID=10933101: NO_INTERSECTION - No intersection found with cable tray centerline
[2025-08-02 19:04:47.770] DIRECT_INTERSECTION ID=10933104: TESTING_ELEMENT - Testing element 40/64: Wall, IsLinked: True
[2025-08-02 19:04:47.770] DIRECT_INTERSECTION ID=10933104: APPLIED_TRANSFORM - Applied linkTransform: Autodesk.Revit.DB.Transform
[2025-08-02 19:04:47.771] DIRECT_INTERSECTION ID=10933104: STRUCT_BBOX - Min=(-0.16,-0.08,-5.13), Max=(0.16,0.08,5.13)
[2025-08-02 19:04:47.772] DIRECT_INTERSECTION ID=10933104: NO_INTERSECTION - No intersection found with cable tray centerline
[2025-08-02 19:04:47.773] DIRECT_INTERSECTION ID=10933105: TESTING_ELEMENT - Testing element 41/64: Wall, IsLinked: True
[2025-08-02 19:04:47.774] DIRECT_INTERSECTION ID=10933105: APPLIED_TRANSFORM - Applied linkTransform: Autodesk.Revit.DB.Transform
[2025-08-02 19:04:47.775] DIRECT_INTERSECTION ID=10933105: STRUCT_BBOX - Min=(-0.08,-1.27,-3.63), Max=(0.08,1.27,3.63)
[2025-08-02 19:04:47.776] DIRECT_INTERSECTION ID=10933105: NO_INTERSECTION - No intersection found with cable tray centerline
[2025-08-02 19:04:47.777] DIRECT_INTERSECTION ID=10933126: TESTING_ELEMENT - Testing element 42/64: Wall, IsLinked: True
[2025-08-02 19:04:47.778] DIRECT_INTERSECTION ID=10933126: APPLIED_TRANSFORM - Applied linkTransform: Autodesk.Revit.DB.Transform
[2025-08-02 19:04:47.779] DIRECT_INTERSECTION ID=10933126: STRUCT_BBOX - Min=(-0.02,-0.85,-4.43), Max=(0.02,0.85,4.43)
[2025-08-02 19:04:47.780] DIRECT_INTERSECTION ID=10933126: NO_INTERSECTION - No intersection found with cable tray centerline
[2025-08-02 19:04:47.781] DIRECT_INTERSECTION ID=10933127: TESTING_ELEMENT - Testing element 43/64: Wall, IsLinked: True
[2025-08-02 19:04:47.782] DIRECT_INTERSECTION ID=10933127: APPLIED_TRANSFORM - Applied linkTransform: Autodesk.Revit.DB.Transform
[2025-08-02 19:04:47.783] DIRECT_INTERSECTION ID=10933127: STRUCT_BBOX - Min=(-0.02,-0.26,-4.43), Max=(0.02,0.26,4.43)
[2025-08-02 19:04:47.784] DIRECT_INTERSECTION ID=10933127: NO_INTERSECTION - No intersection found with cable tray centerline
[2025-08-02 19:04:47.785] DIRECT_INTERSECTION ID=10933139: TESTING_ELEMENT - Testing element 44/64: Wall, IsLinked: True
[2025-08-02 19:04:47.786] DIRECT_INTERSECTION ID=10933139: APPLIED_TRANSFORM - Applied linkTransform: Autodesk.Revit.DB.Transform
[2025-08-02 19:04:47.787] DIRECT_INTERSECTION ID=10933139: STRUCT_BBOX - Min=(-3.46,-0.16,-5.25), Max=(3.46,0.16,5.25)
[2025-08-02 19:04:47.789] DIRECT_INTERSECTION ID=10933139: NO_INTERSECTION - No intersection found with cable tray centerline
[2025-08-02 19:04:47.789] DIRECT_INTERSECTION ID=10933146: TESTING_ELEMENT - Testing element 45/64: Wall, IsLinked: True
[2025-08-02 19:04:47.790] DIRECT_INTERSECTION ID=10933146: APPLIED_TRANSFORM - Applied linkTransform: Autodesk.Revit.DB.Transform
[2025-08-02 19:04:47.791] DIRECT_INTERSECTION ID=10933146: STRUCT_BBOX - Min=(-3.28,-0.02,-4.35), Max=(3.28,0.02,4.35)
[2025-08-02 19:04:47.793] DIRECT_INTERSECTION ID=10933146: NO_INTERSECTION - No intersection found with cable tray centerline
[2025-08-02 19:04:47.793] DIRECT_INTERSECTION ID=10933148: TESTING_ELEMENT - Testing element 46/64: Wall, IsLinked: True
[2025-08-02 19:04:47.795] DIRECT_INTERSECTION ID=10933148: APPLIED_TRANSFORM - Applied linkTransform: Autodesk.Revit.DB.Transform
[2025-08-02 19:04:47.796] DIRECT_INTERSECTION ID=10933148: STRUCT_BBOX - Min=(-3.44,-0.01,-0.02), Max=(3.44,0.01,0.02)
[2025-08-02 19:04:47.797] DIRECT_INTERSECTION ID=10933148: NO_INTERSECTION - No intersection found with cable tray centerline
[2025-08-02 19:04:47.797] DIRECT_INTERSECTION ID=10933151: TESTING_ELEMENT - Testing element 47/64: Wall, IsLinked: True
[2025-08-02 19:04:47.799] DIRECT_INTERSECTION ID=10933151: APPLIED_TRANSFORM - Applied linkTransform: Autodesk.Revit.DB.Transform
[2025-08-02 19:04:47.800] DIRECT_INTERSECTION ID=10933151: STRUCT_BBOX - Min=(-0.29,-0.08,-5.13), Max=(0.29,0.08,5.13)
[2025-08-02 19:04:47.800] DIRECT_INTERSECTION ID=10933151: NO_INTERSECTION - No intersection found with cable tray centerline
[2025-08-02 19:04:47.801] DIRECT_INTERSECTION ID=10933155: TESTING_ELEMENT - Testing element 48/64: Wall, IsLinked: True
[2025-08-02 19:04:47.802] DIRECT_INTERSECTION ID=10933155: APPLIED_TRANSFORM - Applied linkTransform: Autodesk.Revit.DB.Transform
[2025-08-02 19:04:47.804] DIRECT_INTERSECTION ID=10933155: STRUCT_BBOX - Min=(-0.35,-0.25,-5.13), Max=(0.35,0.25,5.13)
[2025-08-02 19:04:47.805] DIRECT_INTERSECTION ID=10933155: NO_INTERSECTION - No intersection found with cable tray centerline
[2025-08-02 19:04:47.806] DIRECT_INTERSECTION ID=10933156: TESTING_ELEMENT - Testing element 49/64: Wall, IsLinked: True
[2025-08-02 19:04:47.807] DIRECT_INTERSECTION ID=10933156: APPLIED_TRANSFORM - Applied linkTransform: Autodesk.Revit.DB.Transform
[2025-08-02 19:04:47.807] DIRECT_INTERSECTION ID=10933156: STRUCT_BBOX - Min=(-0.35,-0.25,-5.13), Max=(0.35,0.25,5.13)
[2025-08-02 19:04:47.809] DIRECT_INTERSECTION ID=10933156: NO_INTERSECTION - No intersection found with cable tray centerline
[2025-08-02 19:04:47.809] DIRECT_INTERSECTION ID=10933159: TESTING_ELEMENT - Testing element 50/64: Wall, IsLinked: True
[2025-08-02 19:04:47.810] DIRECT_INTERSECTION ID=10933159: APPLIED_TRANSFORM - Applied linkTransform: Autodesk.Revit.DB.Transform
[2025-08-02 19:04:47.811] DIRECT_INTERSECTION ID=10933159: STRUCT_BBOX - Min=(-0.37,-0.08,-5.13), Max=(0.37,0.08,5.13)
[2025-08-02 19:04:47.812] DIRECT_INTERSECTION ID=10933159: NO_INTERSECTION - No intersection found with cable tray centerline
[2025-08-02 19:04:47.813] DIRECT_INTERSECTION ID=10933164: TESTING_ELEMENT - Testing element 51/64: Wall, IsLinked: True
[2025-08-02 19:04:47.814] DIRECT_INTERSECTION ID=10933164: APPLIED_TRANSFORM - Applied linkTransform: Autodesk.Revit.DB.Transform
[2025-08-02 19:04:47.815] DIRECT_INTERSECTION ID=10933164: STRUCT_BBOX - Min=(-0.08,-0.82,-5.13), Max=(0.08,0.82,5.13)
[2025-08-02 19:04:47.816] DIRECT_INTERSECTION ID=10933164: NO_INTERSECTION - No intersection found with cable tray centerline
[2025-08-02 19:04:47.817] DIRECT_INTERSECTION ID=10933171: TESTING_ELEMENT - Testing element 52/64: Wall, IsLinked: True
[2025-08-02 19:04:47.818] DIRECT_INTERSECTION ID=10933171: APPLIED_TRANSFORM - Applied linkTransform: Autodesk.Revit.DB.Transform
[2025-08-02 19:04:47.819] DIRECT_INTERSECTION ID=10933171: STRUCT_BBOX - Min=(-0.37,-0.08,-5.13), Max=(0.37,0.08,5.13)
[2025-08-02 19:04:47.820] DIRECT_INTERSECTION ID=10933171: NO_INTERSECTION - No intersection found with cable tray centerline
[2025-08-02 19:04:47.821] DIRECT_INTERSECTION ID=10933172: TESTING_ELEMENT - Testing element 53/64: Wall, IsLinked: True
[2025-08-02 19:04:47.822] DIRECT_INTERSECTION ID=10933172: APPLIED_TRANSFORM - Applied linkTransform: Autodesk.Revit.DB.Transform
[2025-08-02 19:04:47.823] DIRECT_INTERSECTION ID=10933172: STRUCT_BBOX - Min=(-0.38,-0.01,-0.02), Max=(0.38,0.01,0.02)
[2025-08-02 19:04:47.824] DIRECT_INTERSECTION ID=10933172: NO_INTERSECTION - No intersection found with cable tray centerline
[2025-08-02 19:04:47.824] DIRECT_INTERSECTION ID=10933176: TESTING_ELEMENT - Testing element 54/64: Wall, IsLinked: True
[2025-08-02 19:04:47.825] DIRECT_INTERSECTION ID=10933176: APPLIED_TRANSFORM - Applied linkTransform: Autodesk.Revit.DB.Transform
[2025-08-02 19:04:47.826] DIRECT_INTERSECTION ID=10933176: STRUCT_BBOX - Min=(-0.25,-1.11,-5.13), Max=(0.25,1.11,5.13)
[2025-08-02 19:04:47.827] DIRECT_INTERSECTION ID=10933176: NO_INTERSECTION - No intersection found with cable tray centerline
[2025-08-02 19:04:47.828] DIRECT_INTERSECTION ID=10933177: TESTING_ELEMENT - Testing element 55/64: Wall, IsLinked: True
[2025-08-02 19:04:47.829] DIRECT_INTERSECTION ID=10933177: APPLIED_TRANSFORM - Applied linkTransform: Autodesk.Revit.DB.Transform
[2025-08-02 19:04:47.830] DIRECT_INTERSECTION ID=10933177: STRUCT_BBOX - Min=(-0.08,-2.22,-5.13), Max=(0.08,2.22,5.13)
[2025-08-02 19:04:47.831] DIRECT_INTERSECTION ID=10933177: NO_INTERSECTION - No intersection found with cable tray centerline
[2025-08-02 19:04:47.832] DIRECT_INTERSECTION ID=10933178: TESTING_ELEMENT - Testing element 56/64: Wall, IsLinked: True
[2025-08-02 19:04:47.833] DIRECT_INTERSECTION ID=10933178: APPLIED_TRANSFORM - Applied linkTransform: Autodesk.Revit.DB.Transform
[2025-08-02 19:04:47.834] DIRECT_INTERSECTION ID=10933178: STRUCT_BBOX - Min=(-0.01,-1.71,-0.02), Max=(0.01,1.71,0.02)
[2025-08-02 19:04:47.834] DIRECT_INTERSECTION ID=10933178: NO_INTERSECTION - No intersection found with cable tray centerline
[2025-08-02 19:04:47.836] DIRECT_INTERSECTION ID=10933182: TESTING_ELEMENT - Testing element 57/64: Wall, IsLinked: True
[2025-08-02 19:04:47.837] DIRECT_INTERSECTION ID=10933182: APPLIED_TRANSFORM - Applied linkTransform: Autodesk.Revit.DB.Transform
[2025-08-02 19:04:47.838] DIRECT_INTERSECTION ID=10933182: STRUCT_BBOX - Min=(-0.01,-2.56,-3.94), Max=(0.01,2.56,3.94)
[2025-08-02 19:04:47.838] DIRECT_INTERSECTION ID=10933182: NO_INTERSECTION - No intersection found with cable tray centerline
[2025-08-02 19:04:47.840] DIRECT_INTERSECTION ID=10933186: TESTING_ELEMENT - Testing element 58/64: Wall, IsLinked: True
[2025-08-02 19:04:47.840] DIRECT_INTERSECTION ID=10933186: APPLIED_TRANSFORM - Applied linkTransform: Autodesk.Revit.DB.Transform
[2025-08-02 19:04:47.841] DIRECT_INTERSECTION ID=10933186: STRUCT_BBOX - Min=(-0.08,-1.53,-5.13), Max=(0.08,1.53,5.13)
[2025-08-02 19:04:47.842] DIRECT_INTERSECTION ID=10933186: NO_INTERSECTION - No intersection found with cable tray centerline
[2025-08-02 19:04:47.842] DIRECT_INTERSECTION ID=10933187: TESTING_ELEMENT - Testing element 59/64: Wall, IsLinked: True
[2025-08-02 19:04:47.843] DIRECT_INTERSECTION ID=10933187: APPLIED_TRANSFORM - Applied linkTransform: Autodesk.Revit.DB.Transform
[2025-08-02 19:04:47.845] DIRECT_INTERSECTION ID=10933187: STRUCT_BBOX - Min=(-0.01,-2.42,-0.02), Max=(0.01,2.42,0.02)
[2025-08-02 19:04:47.845] DIRECT_INTERSECTION ID=10933187: NO_INTERSECTION - No intersection found with cable tray centerline
[2025-08-02 19:04:47.847] DIRECT_INTERSECTION ID=10933190: TESTING_ELEMENT - Testing element 60/64: Wall, IsLinked: True
[2025-08-02 19:04:47.847] DIRECT_INTERSECTION ID=10933190: APPLIED_TRANSFORM - Applied linkTransform: Autodesk.Revit.DB.Transform
[2025-08-02 19:04:47.848] DIRECT_INTERSECTION ID=10933190: STRUCT_BBOX - Min=(-0.38,-0.01,-0.02), Max=(0.38,0.01,0.02)
[2025-08-02 19:04:47.849] DIRECT_INTERSECTION ID=10933190: NO_INTERSECTION - No intersection found with cable tray centerline
[2025-08-02 19:04:47.850] DIRECT_INTERSECTION ID=10933200: TESTING_ELEMENT - Testing element 61/64: Wall, IsLinked: True
[2025-08-02 19:04:47.851] DIRECT_INTERSECTION ID=10933200: APPLIED_TRANSFORM - Applied linkTransform: Autodesk.Revit.DB.Transform
[2025-08-02 19:04:47.852] DIRECT_INTERSECTION ID=10933200: STRUCT_BBOX - Min=(-0.02,-0.08,-3.94), Max=(0.02,0.08,3.94)
[2025-08-02 19:04:47.853] DIRECT_INTERSECTION ID=10933200: NO_INTERSECTION - No intersection found with cable tray centerline
[2025-08-02 19:04:47.854] DIRECT_INTERSECTION ID=10933202: TESTING_ELEMENT - Testing element 62/64: Wall, IsLinked: True
[2025-08-02 19:04:47.855] DIRECT_INTERSECTION ID=10933202: NO_SOLID - No solid geometry found in structural element
[2025-08-02 19:04:47.856] DIRECT_INTERSECTION ID=10933207: TESTING_ELEMENT - Testing element 63/64: Wall, IsLinked: True
[2025-08-02 19:04:47.857] DIRECT_INTERSECTION ID=10933207: APPLIED_TRANSFORM - Applied linkTransform: Autodesk.Revit.DB.Transform
[2025-08-02 19:04:47.858] DIRECT_INTERSECTION ID=10933207: STRUCT_BBOX - Min=(-0.01,-0.80,-4.10), Max=(0.01,0.80,4.10)
[2025-08-02 19:04:47.859] DIRECT_INTERSECTION ID=10933207: NO_INTERSECTION - No intersection found with cable tray centerline
[2025-08-02 19:04:47.859] DIRECT_INTERSECTION ID=10933210: TESTING_ELEMENT - Testing element 64/64: Wall, IsLinked: True
[2025-08-02 19:04:47.860] DIRECT_INTERSECTION ID=10933210: APPLIED_TRANSFORM - Applied linkTransform: Autodesk.Revit.DB.Transform
[2025-08-02 19:04:47.861] DIRECT_INTERSECTION ID=10933210: STRUCT_BBOX - Min=(-0.08,-1.07,-1.49), Max=(0.08,1.07,1.49)
[2025-08-02 19:04:47.862] DIRECT_INTERSECTION ID=10933210: NO_INTERSECTION - No intersection found with cable tray centerline
[2025-08-02 19:04:47.863] DIRECT_INTERSECTION ID=1874033: INTERSECTION_COMPLETE - Tested 64 elements, found 2 intersections
[2025-08-02 19:04:47.864] DEBUG_WALLS ID=1874033: WALL_SOLID_RESULT - Direct solid method found 2 wall intersections
[2025-08-02 19:04:47.944] SYSTEM ID=0: PROCESSING STARTED - Total cable trays to process: 13
[2025-08-02 19:04:47.984] WALLS ID=2082316: STRUCTURAL DETECTED - Hit by cable tray 1874033
[2025-08-02 19:04:47.985] CABLETRAY-STRUCTURAL INTERSECTION ID=0: INTERSECTION_DETAILS - CableTray ID=1874033, Structural ID=2082316, Position=(105.261750351, 44.291338671, 60.744750656)
[2025-08-02 19:04:48.199] WALLS ID=10933084: STRUCTURAL DETECTED - Hit by cable tray 1874043
[2025-08-02 19:04:48.200] CABLETRAY-STRUCTURAL INTERSECTION ID=0: INTERSECTION_DETAILS - CableTray ID=1874043, Structural ID=10933084, Position=(104.237790398, 36.472706423, 60.744750656)
[2025-08-02 19:04:48.355] WALLS ID=2082316: STRUCTURAL DETECTED - Hit by cable tray 1874995
[2025-08-02 19:04:48.356] CABLETRAY-STRUCTURAL INTERSECTION ID=0: INTERSECTION_DETAILS - CableTray ID=1874995, Structural ID=2082316, Position=(105.684448127, 44.291338671, 60.744750656)
[2025-08-02 19:04:48.527] WALLS ID=10933084: STRUCTURAL DETECTED - Hit by cable tray 1875003
[2025-08-02 19:04:48.528] CABLETRAY-STRUCTURAL INTERSECTION ID=0: INTERSECTION_DETAILS - CableTray ID=1875003, Structural ID=10933084, Position=(104.237790398, 35.852629870, 60.744750656)
[2025-08-02 19:04:48.688] WALLS ID=10933172: ELEMENT DETECTED - Hit by cable tray 1935283
[2025-08-02 19:04:48.690] CABLETRAY-WALL INTERSECTION ID=0: INTERSECTION_DETAILS - CableTray ID=1935283, Wall ID=10933172, Position=(110.012439698, 21.499344008, 58.448162730)
[2025-08-02 19:04:48.743] WALLS ID=10933172: SLEEVE_FAILED - Reason: Existing sleeve found at location
[2025-08-02 19:04:48.773] WALLS ID=10933172: ELEMENT DETECTED - Hit by cable tray 1935473
[2025-08-02 19:04:48.774] CABLETRAY-WALL INTERSECTION ID=0: INTERSECTION_DETAILS - CableTray ID=1935473, Wall ID=10933172, Position=(109.988665861, 21.499344008, 58.448162730)
[2025-08-02 19:04:48.825] WALLS ID=10933172: SLEEVE_FAILED - Reason: Existing sleeve found at location
[2025-08-02 19:04:48.853] WALLS ID=2700957: STRUCTURAL DETECTED - Hit by cable tray 1951625
[2025-08-02 19:04:48.854] CABLETRAY-STRUCTURAL INTERSECTION ID=0: INTERSECTION_DETAILS - CableTray ID=1951625, Structural ID=2700957, Position=(97.112860892, 22.060818482, 60.810730318)
[2025-08-02 19:04:49.039] WALLS ID=2700957: STRUCTURAL DETECTED - Hit by cable tray 1951626
[2025-08-02 19:04:49.040] CABLETRAY-STRUCTURAL INTERSECTION ID=0: INTERSECTION_DETAILS - CableTray ID=1951626, Structural ID=2700957, Position=(97.112860892, 22.724139449, 60.810730318)
[2025-08-02 19:04:49.226] WALLS ID=2700957: STRUCTURAL DETECTED - Hit by cable tray 1953336
[2025-08-02 19:04:49.227] CABLETRAY-STRUCTURAL INTERSECTION ID=0: INTERSECTION_DETAILS - CableTray ID=1953336, Structural ID=2700957, Position=(97.112860892, 24.052223439, 60.810730318)
[2025-08-02 19:04:49.387] FLOORS ID=1713828: STRUCTURAL DETECTED - Hit by cable tray 1953384
[2025-08-02 19:04:49.388] CABLETRAY-STRUCTURAL INTERSECTION ID=0: INTERSECTION_DETAILS - CableTray ID=1953384, Structural ID=1713828, Position=(106.969486514, 25.145670788, 62.212926509)
[2025-08-02 19:04:49.427] FLOORS ID=1713828: STRUCTURAL DETECTED - Hit by cable tray 1953421
[2025-08-02 19:04:49.428] CABLETRAY-STRUCTURAL INTERSECTION ID=0: INTERSECTION_DETAILS - CableTray ID=1953421, Structural ID=1713828, Position=(107.533334452, 25.131574589, 62.212926509)
[2025-08-02 19:04:49.461] FLOORS ID=1713828: STRUCTURAL DETECTED - Hit by cable tray 1953426
[2025-08-02 19:04:49.461] CABLETRAY-STRUCTURAL INTERSECTION ID=0: INTERSECTION_DETAILS - CableTray ID=1953426, Structural ID=1713828, Position=(107.223218086, 28.105872462, 62.212926509)
[2025-08-02 19:04:49.464] WALLS ID=10933073: ELEMENT DETECTED - Hit by cable tray 1953426
[2025-08-02 19:04:49.464] CABLETRAY-WALL INTERSECTION ID=0: INTERSECTION_DETAILS - CableTray ID=1953426, Wall ID=10933073, Position=(107.223218086, 28.105872462, 63.784618355)
[2025-08-02 19:04:49.565] FLOORS ID=1713828: STRUCTURAL DETECTED - Hit by cable tray 2142742
[2025-08-02 19:04:49.566] CABLETRAY-STRUCTURAL INTERSECTION ID=0: INTERSECTION_DETAILS - CableTray ID=2142742, Structural ID=1713828, Position=(106.848044906, 26.601182763, 62.212926509)

[2025-08-02 19:04:49.607] ===== CABLETRAYSLEEVECOMMAND STRUCTURAL ELEMENTS SUMMARY =====
Total Elements Processed: 13
Structural Elements Detected: 11
Sleeves Successfully Placed: 7
Placement Failures: 4
Success Rate: 63.6%
=========================================

[2025-08-02 19:04:49.608] SYSTEM ID=0: COMMAND COMPLETED - Structural sleeve placement finished. Log file: c:\JSE_CSharp_Projects\JSE_RevitAddin_MEP_OPENINGS\JSE_RevitAddin_MEP_OPENINGS\Logs\StructuralElements_SleeveLog_20250802_190447.log
