===== STRUCTURAL ELEMENTS SLEEVE PLACEMENT LOG =====
Session Started: 2025-08-04 13:04:52
Log File: StructuralElements_SleeveLog_20250804_130452.log
JSE RevitAddin MEP Openings - Structural Elements Support
====================================================

[2025-08-04 13:04:52.747] SYSTEM ID=0: OPENINGS PLACE COMMAND STARTED - Master command executing all sleeve placement commands with structural support
[2025-08-04 13:04:52.747] DIAGNOSTIC ID=999: LOGGER_TEST - This is a test entry to verify logging is working
[2025-08-04 13:04:54.736] DIAGNOSTIC ID=0: CT_FAMILY_SEARCH - Found 110 family symbols in project
[2025-08-04 13:04:54.742] DIAGNOSTIC ID=1049: CT_FAMILY_FOUND - Family: Section Head - Filled, Symbol: Section Head - Filled
[2025-08-04 13:04:54.743] DIAGNOSTIC ID=16216: CT_FAMILY_FOUND - Family: Rectangular Handrail, Symbol: 50 x 50mm
[2025-08-04 13:04:54.744] DIAGNOSTIC ID=28045: CT_FAMILY_FOUND - Family: Section Tail - Filled, Symbol: Section Tail - Filled
[2025-08-04 13:04:54.745] DIAGNOSTIC ID=112441: CT_FAMILY_FOUND - Family: Rectangular Union, Symbol: Standard
[2025-08-04 13:04:54.746] DIAGNOSTIC ID=498585: CT_FAMILY_FOUND - Family: Rectangular Medium Radius Bend - Flanged, Symbol: Standard
[2025-08-04 13:04:54.747] DIAGNOSTIC ID=498587: CT_FAMILY_FOUND - Family: Rectangular Square Tee - Flanged, Symbol: Standard
[2025-08-04 13:04:54.749] DIAGNOSTIC ID=498589: CT_FAMILY_FOUND - Family: Rectangular Shoe Branch - Flanged, Symbol: Standard
[2025-08-04 13:04:54.750] DIAGNOSTIC ID=498591: CT_FAMILY_FOUND - Family: Rectangular Concentric Taper - Flanged, Symbol: Standard
[2025-08-04 13:04:54.752] DIAGNOSTIC ID=498593: CT_FAMILY_FOUND - Family: Rectangular - Round Transformation - Flanged, Symbol: Standard
[2025-08-04 13:04:54.753] DIAGNOSTIC ID=499382: CT_FAMILY_FOUND - Family: Rectangular Blank End, Symbol: Standard
[2025-08-04 13:04:54.755] SUCCESS ID=2124183: CT_FAMILY_FOUND - Using cable tray wall sleeve family: CableTrayOpeningOnWall, Symbol: CT#
[2025-08-04 13:04:54.757] SUCCESS ID=2126788: CT_FAMILY_FOUND - Using cable tray slab sleeve family: CabletrayOpeningOnSlab, Symbol: CT#
[2025-08-04 13:04:54.882] SYSTEM ID=0: PROCESSING STARTED - Total cable trays to process: 5
[2025-08-04 13:04:54.977] WALLS ID=10933148: ELEMENT DETECTED - Hit by cable tray 1953336
[2025-08-04 13:04:54.978] CABLETRAY-WALL INTERSECTION ID=0: INTERSECTION_DETAILS - CableTray ID=1953336, Wall ID=10933148, Position=(99.170878019, 31.523595942, 60.810730318)
[2025-08-04 13:04:55.048] WALLS ID=10933148: SLEEVE_FAILED - Reason: Existing sleeve found at location
[2025-08-04 13:04:55.154] FLOORS ID=1713828: STRUCTURAL DETECTED - Hit by cable tray 1953384
[2025-08-04 13:04:55.155] CABLETRAY-STRUCTURAL INTERSECTION ID=0: INTERSECTION_DETAILS - CableTray ID=1953384, Structural ID=1713828, Position=(106.969486514, 25.145670788, 62.212926509)
[2025-08-04 13:04:55.261] FLOORS ID=1713828: STRUCTURAL DETECTED - Hit by cable tray 1953421
[2025-08-04 13:04:55.262] CABLETRAY-STRUCTURAL INTERSECTION ID=0: INTERSECTION_DETAILS - CableTray ID=1953421, Structural ID=1713828, Position=(107.533334452, 25.131574589, 62.212926509)
[2025-08-04 13:04:55.355] FLOORS ID=1713828: STRUCTURAL DETECTED - Hit by cable tray 1953426
[2025-08-04 13:04:55.356] CABLETRAY-STRUCTURAL INTERSECTION ID=0: INTERSECTION_DETAILS - CableTray ID=1953426, Structural ID=1713828, Position=(107.223218086, 28.105872462, 62.212926509)
[2025-08-04 13:04:55.450] FLOORS ID=1713828: STRUCTURAL DETECTED - Hit by cable tray 2142742
[2025-08-04 13:04:55.451] CABLETRAY-STRUCTURAL INTERSECTION ID=0: INTERSECTION_DETAILS - CableTray ID=2142742, Structural ID=1713828, Position=(106.848044906, 26.601182763, 62.212926509)

[2025-08-04 13:04:55.456] ===== CABLETRAYSLEEVECOMMAND STRUCTURAL ELEMENTS SUMMARY =====
Total Elements Processed: 5
Structural Elements Detected: 4
Sleeves Successfully Placed: 0
Placement Failures: 4
Success Rate: 0.0%
=========================================

[2025-08-04 13:04:55.457] SYSTEM ID=0: COMMAND COMPLETED - Structural sleeve placement finished. Log file: c:\JSE_CSharp_Projects\JSE_RevitAddin_MEP_OPENINGS\JSE_RevitAddin_MEP_OPENINGS\Logs\StructuralElements_SleeveLog_20250804_130452.log
[2025-08-04 13:04:57.260] SYSTEM ID=0: OPENINGS PLACE COMMAND COMPLETED - All sleeve placement commands finished. Structural log file: c:\JSE_CSharp_Projects\JSE_RevitAddin_MEP_OPENINGS\JSE_RevitAddin_MEP_OPENINGS\Logs\StructuralElements_SleeveLog_20250804_130452.log
