===== STRUCTURAL ELEMENTS SLEEVE PLACEMENT LOG =====
Session Started: 2025-08-13 15:37:17
Log File: StructuralElements_SleeveLog_20250813_153717.log
JSE RevitAddin MEP Openings - Structural Elements Support
====================================================

[2025-08-13 15:37:17.840] SYSTEM ID=0: OPENINGS PLACE COMMAND STARTED - Master command executing all sleeve placement commands with structural support
[2025-08-13 15:37:17.841] DIAGNOSTIC ID=999: LOGGER_TEST - This is a test entry to verify logging is working
[2025-08-13 15:37:21.619] DIAGNOSTIC ID=0: CT_FAMILY_SEARCH - Found 110 family symbols in project
[2025-08-13 15:37:21.623] DIAGNOSTIC ID=1049: CT_FAMILY_FOUND - Family: Section Head - Filled, Symbol: Section Head - Filled
[2025-08-13 15:37:21.624] DIAGNOSTIC ID=16216: CT_FAMILY_FOUND - Family: Rectangular Handrail, Symbol: 50 x 50mm
[2025-08-13 15:37:21.625] DIAGNOSTIC ID=28045: CT_FAMILY_FOUND - Family: Section Tail - Filled, Symbol: Section Tail - Filled
[2025-08-13 15:37:21.626] DIAGNOSTIC ID=112441: CT_FAMILY_FOUND - Family: Rectangular Union, Symbol: Standard
[2025-08-13 15:37:21.627] DIAGNOSTIC ID=498585: CT_FAMILY_FOUND - Family: Rectangular Medium Radius Bend - Flanged, Symbol: Standard
[2025-08-13 15:37:21.628] DIAGNOSTIC ID=498587: CT_FAMILY_FOUND - Family: Rectangular Square Tee - Flanged, Symbol: Standard
[2025-08-13 15:37:21.630] DIAGNOSTIC ID=498589: CT_FAMILY_FOUND - Family: Rectangular Shoe Branch - Flanged, Symbol: Standard
[2025-08-13 15:37:21.631] DIAGNOSTIC ID=498591: CT_FAMILY_FOUND - Family: Rectangular Concentric Taper - Flanged, Symbol: Standard
[2025-08-13 15:37:21.632] DIAGNOSTIC ID=498593: CT_FAMILY_FOUND - Family: Rectangular - Round Transformation - Flanged, Symbol: Standard
[2025-08-13 15:37:21.633] DIAGNOSTIC ID=499382: CT_FAMILY_FOUND - Family: Rectangular Blank End, Symbol: Standard
[2025-08-13 15:37:21.636] SUCCESS ID=2124183: CT_FAMILY_FOUND - Using cable tray wall sleeve family: CableTrayOpeningOnWall, Symbol: CT#
[2025-08-13 15:37:21.637] SUCCESS ID=2126788: CT_FAMILY_FOUND - Using cable tray slab sleeve family: CabletrayOpeningOnSlab, Symbol: CT#
[2025-08-13 15:37:21.758] SYSTEM ID=0: PROCESSING STARTED - Total cable trays to process: 9
[2025-08-13 15:37:21.878] WALLS ID=2082316: STRUCTURAL DETECTED - Hit by cable tray 1874033
[2025-08-13 15:37:21.880] CABLETRAY-STRUCTURAL INTERSECTION ID=0: INTERSECTION_DETAILS - CableTray ID=1874033, Structural ID=2082316, Position=(105.261750351, 44.291338671, 60.744750656)
[2025-08-13 15:37:22.175] WALLS ID=10933084: STRUCTURAL DETECTED - Hit by cable tray 1874043
[2025-08-13 15:37:22.177] CABLETRAY-STRUCTURAL INTERSECTION ID=0: INTERSECTION_DETAILS - CableTray ID=1874043, Structural ID=10933084, Position=(104.237790398, 36.472706423, 60.744750656)
[2025-08-13 15:37:22.444] WALLS ID=2082316: STRUCTURAL DETECTED - Hit by cable tray 1874995
[2025-08-13 15:37:22.446] CABLETRAY-STRUCTURAL INTERSECTION ID=0: INTERSECTION_DETAILS - CableTray ID=1874995, Structural ID=2082316, Position=(105.684448127, 44.291338671, 60.744750656)
[2025-08-13 15:37:22.727] WALLS ID=10933084: STRUCTURAL DETECTED - Hit by cable tray 1875003
[2025-08-13 15:37:22.729] CABLETRAY-STRUCTURAL INTERSECTION ID=0: INTERSECTION_DETAILS - CableTray ID=1875003, Structural ID=10933084, Position=(104.237790398, 35.852629870, 60.744750656)
[2025-08-13 15:37:23.006] WALLS ID=2700957: STRUCTURAL DETECTED - Hit by cable tray 1953336
[2025-08-13 15:37:23.007] CABLETRAY-STRUCTURAL INTERSECTION ID=0: INTERSECTION_DETAILS - CableTray ID=1953336, Structural ID=2700957, Position=(97.112860892, 24.052223439, 60.810730318)
[2025-08-13 15:37:23.293] FLOORS ID=1713828: STRUCTURAL DETECTED - Hit by cable tray 1953384
[2025-08-13 15:37:23.295] CABLETRAY-STRUCTURAL INTERSECTION ID=0: INTERSECTION_DETAILS - CableTray ID=1953384, Structural ID=1713828, Position=(106.969486514, 25.145670788, 62.212926509)
[2025-08-13 15:37:23.302] FLOORS ID=10934404: STRUCTURAL DETECTED - Hit by cable tray 1953384
[2025-08-13 15:37:23.304] CABLETRAY-STRUCTURAL INTERSECTION ID=0: INTERSECTION_DETAILS - CableTray ID=1953384, Structural ID=10934404, Position=(106.969486514, 25.145670788, 61.663385827)
[2025-08-13 15:37:23.585] FLOORS ID=1713828: STRUCTURAL DETECTED - Hit by cable tray 1953421
[2025-08-13 15:37:23.586] CABLETRAY-STRUCTURAL INTERSECTION ID=0: INTERSECTION_DETAILS - CableTray ID=1953421, Structural ID=1713828, Position=(107.533334452, 25.131574589, 62.212926509)
[2025-08-13 15:37:23.590] FLOORS ID=10934404: STRUCTURAL DETECTED - Hit by cable tray 1953421
[2025-08-13 15:37:23.591] CABLETRAY-STRUCTURAL INTERSECTION ID=0: INTERSECTION_DETAILS - CableTray ID=1953421, Structural ID=10934404, Position=(107.533334452, 25.131574589, 61.663385827)
[2025-08-13 15:37:23.846] FLOORS ID=1713828: STRUCTURAL DETECTED - Hit by cable tray 1953426
[2025-08-13 15:37:23.848] CABLETRAY-STRUCTURAL INTERSECTION ID=0: INTERSECTION_DETAILS - CableTray ID=1953426, Structural ID=1713828, Position=(107.223218086, 28.105872462, 62.212926509)
[2025-08-13 15:37:23.851] FLOORS ID=10934404: STRUCTURAL DETECTED - Hit by cable tray 1953426
[2025-08-13 15:37:23.853] CABLETRAY-STRUCTURAL INTERSECTION ID=0: INTERSECTION_DETAILS - CableTray ID=1953426, Structural ID=10934404, Position=(107.223218086, 28.105872462, 61.663385827)
[2025-08-13 15:37:24.131] FLOORS ID=1713828: STRUCTURAL DETECTED - Hit by cable tray 2142742
[2025-08-13 15:37:24.133] CABLETRAY-STRUCTURAL INTERSECTION ID=0: INTERSECTION_DETAILS - CableTray ID=2142742, Structural ID=1713828, Position=(106.848044906, 26.601182763, 62.212926509)
[2025-08-13 15:37:24.140] FLOORS ID=10934404: STRUCTURAL DETECTED - Hit by cable tray 2142742
[2025-08-13 15:37:24.142] CABLETRAY-STRUCTURAL INTERSECTION ID=0: INTERSECTION_DETAILS - CableTray ID=2142742, Structural ID=10934404, Position=(106.848044906, 26.601182763, 61.663385827)

[2025-08-13 15:37:24.372] ===== CABLETRAYSLEEVECOMMAND STRUCTURAL ELEMENTS SUMMARY =====
Total Elements Processed: 9
Structural Elements Detected: 13
Sleeves Successfully Placed: 9
Placement Failures: 4
Success Rate: 69.2%
=========================================

[2025-08-13 15:37:24.373] SYSTEM ID=0: COMMAND COMPLETED - Structural sleeve placement finished. Log file: c:\JSE_CSharp_Projects\JSE_RevitAddin_MEP_OPENINGS\JSE_RevitAddin_MEP_OPENINGS\Logs\StructuralElements_SleeveLog_20250813_153717.log
[2025-08-13 15:37:29.572] SYSTEM ID=0: OPENINGS PLACE COMMAND COMPLETED - All sleeve placement commands finished. Structural log file: c:\JSE_CSharp_Projects\JSE_RevitAddin_MEP_OPENINGS\JSE_RevitAddin_MEP_OPENINGS\Logs\StructuralElements_SleeveLog_20250813_153717.log
