===== STRUCTURAL ELEMENTS SLEEVE PLACEMENT LOG =====
Session Started: 2025-08-02 19:09:45
Log File: StructuralElements_SleeveLog_20250802_190945.log
JSE RevitAddin MEP Openings - Structural Elements Support
====================================================

[2025-08-02 19:09:45.706] DIAGNOSTIC ID=0: CT_FAMILY_SEARCH - Found 110 family symbols in project
[2025-08-02 19:09:45.708] DIAGNOSTIC ID=1049: CT_FAMILY_FOUND - Family: Section Head - Filled, Symbol: Section Head - Filled
[2025-08-02 19:09:45.709] DIAGNOSTIC ID=16216: CT_FAMILY_FOUND - Family: Rectangular Handrail, Symbol: 50 x 50mm
[2025-08-02 19:09:45.713] DIAGNOSTIC ID=28045: CT_FAMILY_FOUND - Family: Section Tail - Filled, Symbol: Section Tail - Filled
[2025-08-02 19:09:45.715] DIAGNOSTIC ID=112441: CT_FAMILY_FOUND - Family: Rectangular Union, Symbol: Standard
[2025-08-02 19:09:45.717] DIAGNOSTIC ID=498585: CT_FAMILY_FOUND - Family: Rectangular Medium Radius Bend - Flanged, Symbol: Standard
[2025-08-02 19:09:45.718] DIAGNOSTIC ID=498587: CT_FAMILY_FOUND - Family: Rectangular Square Tee - Flanged, Symbol: Standard
[2025-08-02 19:09:45.719] DIAGNOSTIC ID=498589: CT_FAMILY_FOUND - Family: Rectangular Shoe Branch - Flanged, Symbol: Standard
[2025-08-02 19:09:45.720] DIAGNOSTIC ID=498591: CT_FAMILY_FOUND - Family: Rectangular Concentric Taper - Flanged, Symbol: Standard
[2025-08-02 19:09:45.721] DIAGNOSTIC ID=498593: CT_FAMILY_FOUND - Family: Rectangular - Round Transformation - Flanged, Symbol: Standard
[2025-08-02 19:09:45.722] DIAGNOSTIC ID=499382: CT_FAMILY_FOUND - Family: Rectangular Blank End, Symbol: Standard
[2025-08-02 19:09:45.724] SUCCESS ID=2124183: CT_FAMILY_FOUND - Using cable tray wall sleeve family: CableTrayOpeningOnWall, Symbol: CT#
[2025-08-02 19:09:45.724] SUCCESS ID=2126788: CT_FAMILY_FOUND - Using cable tray slab sleeve family: CabletrayOpeningOnSlab, Symbol: CT#
[2025-08-02 19:09:45.783] DEBUG_WALLS ID=0: WALL_SOLID_TEST - Testing wall detection using direct solid approach like structural elements
[2025-08-02 19:09:45.802] DEBUG_WALLS ID=2069893: LINKED_WALLS_FOUND - Found 0 walls in ME-1722-2024-21-06-2025.rvt : 19 : location <Not Shared>
[2025-08-02 19:09:45.817] DEBUG_WALLS ID=2140496: LINKED_WALLS_FOUND - Found 64 walls in Architecture_detached.rvt : 22 : location <Not Shared>
[2025-08-02 19:09:45.821] DEBUG_WALLS ID=2140829: LINKED_WALLS_FOUND - Found 0 walls in Structure.rvt : 23 : location <Not Shared>
[2025-08-02 19:09:45.825] DIRECT_INTERSECTION ID=1874033: STARTING_INTERSECTION - Testing cable tray against 64 structural elements
[2025-08-02 19:09:45.825] DIRECT_INTERSECTION ID=2082287: TESTING_ELEMENT - Testing element 1/64: Wall, IsLinked: True
[2025-08-02 19:09:45.827] DIRECT_INTERSECTION ID=2082287: APPLIED_TRANSFORM - Applied linkTransform: Autodesk.Revit.DB.Transform
[2025-08-02 19:09:45.827] DIRECT_INTERSECTION ID=2082287: STRUCT_BBOX - Min=(-0.33,-4.29,-5.31), Max=(0.33,4.29,5.31)
[2025-08-02 19:09:45.828] DIRECT_INTERSECTION ID=2082287: NO_INTERSECTION - No intersection found with cable tray centerline
[2025-08-02 19:09:45.829] DIRECT_INTERSECTION ID=2082305: TESTING_ELEMENT - Testing element 2/64: Wall, IsLinked: True
[2025-08-02 19:09:45.830] DIRECT_INTERSECTION ID=2082305: APPLIED_TRANSFORM - Applied linkTransform: Autodesk.Revit.DB.Transform
[2025-08-02 19:09:45.831] DIRECT_INTERSECTION ID=2082305: STRUCT_BBOX - Min=(-0.25,-2.58,-5.31), Max=(0.25,2.58,5.31)
[2025-08-02 19:09:45.832] DIRECT_INTERSECTION ID=2082305: NO_INTERSECTION - No intersection found with cable tray centerline
[2025-08-02 19:09:45.833] DIRECT_INTERSECTION ID=2082306: TESTING_ELEMENT - Testing element 3/64: Wall, IsLinked: True
[2025-08-02 19:09:45.834] DIRECT_INTERSECTION ID=2082306: APPLIED_TRANSFORM - Applied linkTransform: Autodesk.Revit.DB.Transform
[2025-08-02 19:09:45.836] DIRECT_INTERSECTION ID=2082306: STRUCT_BBOX - Min=(-0.25,-2.26,-5.31), Max=(0.25,2.26,5.31)
[2025-08-02 19:09:45.838] DIRECT_INTERSECTION ID=2082306: NO_INTERSECTION - No intersection found with cable tray centerline
[2025-08-02 19:09:45.838] DIRECT_INTERSECTION ID=2082307: TESTING_ELEMENT - Testing element 4/64: Wall, IsLinked: True
[2025-08-02 19:09:45.839] DIRECT_INTERSECTION ID=2082307: APPLIED_TRANSFORM - Applied linkTransform: Autodesk.Revit.DB.Transform
[2025-08-02 19:09:45.840] DIRECT_INTERSECTION ID=2082307: STRUCT_BBOX - Min=(-1.65,-0.25,-5.31), Max=(1.65,0.25,5.31)
[2025-08-02 19:09:45.842] DIRECT_INTERSECTION ID=2082307: NO_INTERSECTION - No intersection found with cable tray centerline
[2025-08-02 19:09:45.844] DIRECT_INTERSECTION ID=2082316: TESTING_ELEMENT - Testing element 5/64: Wall, IsLinked: True
[2025-08-02 19:09:45.846] DIRECT_INTERSECTION ID=2082316: APPLIED_TRANSFORM - Applied linkTransform: Autodesk.Revit.DB.Transform
[2025-08-02 19:09:45.848] DIRECT_INTERSECTION ID=2082316: STRUCT_BBOX - Min=(-2.12,-0.33,-5.31), Max=(2.12,0.33,5.31)
[2025-08-02 19:09:45.850] DIRECT_INTERSECTION ID=2082316: INTERSECTION_POINT - Entry=(105.261750351, 43.963254681, 60.744750656), Exit=(105.261750351, 44.619422660, 60.744750656), Midpoint=(105.261750351, 44.291338671, 60.744750656)
[2025-08-02 19:09:45.852] DIRECT_INTERSECTION ID=2700957: TESTING_ELEMENT - Testing element 6/64: Wall, IsLinked: True
[2025-08-02 19:09:45.854] DIRECT_INTERSECTION ID=2700957: APPLIED_TRANSFORM - Applied linkTransform: Autodesk.Revit.DB.Transform
[2025-08-02 19:09:45.856] DIRECT_INTERSECTION ID=2700957: STRUCT_BBOX - Min=(-0.33,-7.07,-5.31), Max=(0.33,7.07,5.31)
[2025-08-02 19:09:45.857] DIRECT_INTERSECTION ID=2700957: NO_INTERSECTION - No intersection found with cable tray centerline
[2025-08-02 19:09:45.859] DIRECT_INTERSECTION ID=3979480: TESTING_ELEMENT - Testing element 7/64: Wall, IsLinked: True
[2025-08-02 19:09:45.860] DIRECT_INTERSECTION ID=3979480: APPLIED_TRANSFORM - Applied linkTransform: Autodesk.Revit.DB.Transform
[2025-08-02 19:09:45.861] DIRECT_INTERSECTION ID=3979480: STRUCT_BBOX - Min=(-1.90,-0.33,-5.31), Max=(1.90,0.33,5.31)
[2025-08-02 19:09:45.862] DIRECT_INTERSECTION ID=3979480: NO_INTERSECTION - No intersection found with cable tray centerline
[2025-08-02 19:09:45.863] DIRECT_INTERSECTION ID=3979488: TESTING_ELEMENT - Testing element 8/64: Wall, IsLinked: True
[2025-08-02 19:09:45.864] DIRECT_INTERSECTION ID=3979488: APPLIED_TRANSFORM - Applied linkTransform: Autodesk.Revit.DB.Transform
[2025-08-02 19:09:45.865] DIRECT_INTERSECTION ID=3979488: STRUCT_BBOX - Min=(-2.41,-0.33,-5.31), Max=(2.41,0.33,5.31)
[2025-08-02 19:09:45.866] DIRECT_INTERSECTION ID=3979488: NO_INTERSECTION - No intersection found with cable tray centerline
[2025-08-02 19:09:45.867] DIRECT_INTERSECTION ID=6150398: TESTING_ELEMENT - Testing element 9/64: Wall, IsLinked: True
[2025-08-02 19:09:45.868] DIRECT_INTERSECTION ID=6150398: APPLIED_TRANSFORM - Applied linkTransform: Autodesk.Revit.DB.Transform
[2025-08-02 19:09:45.870] DIRECT_INTERSECTION ID=6150398: STRUCT_BBOX - Min=(-0.33,-0.33,-5.31), Max=(0.33,0.33,5.31)
[2025-08-02 19:09:45.871] DIRECT_INTERSECTION ID=6150398: NO_INTERSECTION - No intersection found with cable tray centerline
[2025-08-02 19:09:45.872] DIRECT_INTERSECTION ID=10932962: TESTING_ELEMENT - Testing element 10/64: Wall, IsLinked: True
[2025-08-02 19:09:45.873] DIRECT_INTERSECTION ID=10932962: APPLIED_TRANSFORM - Applied linkTransform: Autodesk.Revit.DB.Transform
[2025-08-02 19:09:45.875] DIRECT_INTERSECTION ID=10932962: STRUCT_BBOX - Min=(-2.36,-0.16,-5.25), Max=(2.36,0.16,5.25)
[2025-08-02 19:09:45.876] DIRECT_INTERSECTION ID=10932962: NO_INTERSECTION - No intersection found with cable tray centerline
[2025-08-02 19:09:45.878] DIRECT_INTERSECTION ID=10932963: TESTING_ELEMENT - Testing element 11/64: Wall, IsLinked: True
[2025-08-02 19:09:45.881] DIRECT_INTERSECTION ID=10932963: APPLIED_TRANSFORM - Applied linkTransform: Autodesk.Revit.DB.Transform
[2025-08-02 19:09:45.882] DIRECT_INTERSECTION ID=10932963: STRUCT_BBOX - Min=(-1.75,-0.25,-5.13), Max=(1.75,0.25,5.13)
[2025-08-02 19:09:45.884] DIRECT_INTERSECTION ID=10932963: INTERSECTION_POINT - Entry=(105.261750351, 44.619422661, 60.744750656), Exit=(105.261750351, 44.127296677, 60.744750656), Midpoint=(105.261750351, 44.373359669, 60.744750656)
[2025-08-02 19:09:45.887] DIRECT_INTERSECTION ID=10932964: TESTING_ELEMENT - Testing element 12/64: Wall, IsLinked: True
[2025-08-02 19:09:45.889] DIRECT_INTERSECTION ID=10932964: APPLIED_TRANSFORM - Applied linkTransform: Autodesk.Revit.DB.Transform
[2025-08-02 19:09:45.890] DIRECT_INTERSECTION ID=10932964: STRUCT_BBOX - Min=(-0.35,-0.33,-5.13), Max=(0.35,0.33,5.13)
[2025-08-02 19:09:45.890] DIRECT_INTERSECTION ID=10932964: NO_INTERSECTION - No intersection found with cable tray centerline
[2025-08-02 19:09:45.891] DIRECT_INTERSECTION ID=10932974: TESTING_ELEMENT - Testing element 13/64: Wall, IsLinked: True
[2025-08-02 19:09:45.892] DIRECT_INTERSECTION ID=10932974: APPLIED_TRANSFORM - Applied linkTransform: Autodesk.Revit.DB.Transform
[2025-08-02 19:09:45.893] DIRECT_INTERSECTION ID=10932974: STRUCT_BBOX - Min=(-0.01,-1.74,-5.13), Max=(0.01,1.74,5.13)
[2025-08-02 19:09:45.894] DIRECT_INTERSECTION ID=10932974: NO_INTERSECTION - No intersection found with cable tray centerline
[2025-08-02 19:09:45.895] DIRECT_INTERSECTION ID=10932975: TESTING_ELEMENT - Testing element 14/64: Wall, IsLinked: True
[2025-08-02 19:09:45.896] DIRECT_INTERSECTION ID=10932975: APPLIED_TRANSFORM - Applied linkTransform: Autodesk.Revit.DB.Transform
[2025-08-02 19:09:45.897] DIRECT_INTERSECTION ID=10932975: STRUCT_BBOX - Min=(-0.02,-0.84,-4.43), Max=(0.02,0.84,4.43)
[2025-08-02 19:09:45.897] DIRECT_INTERSECTION ID=10932975: NO_INTERSECTION - No intersection found with cable tray centerline
[2025-08-02 19:09:45.898] DIRECT_INTERSECTION ID=10932976: TESTING_ELEMENT - Testing element 15/64: Wall, IsLinked: True
[2025-08-02 19:09:45.899] DIRECT_INTERSECTION ID=10932976: APPLIED_TRANSFORM - Applied linkTransform: Autodesk.Revit.DB.Transform
[2025-08-02 19:09:45.900] DIRECT_INTERSECTION ID=10932976: STRUCT_BBOX - Min=(-1.93,-0.02,-4.43), Max=(1.93,0.02,4.43)
[2025-08-02 19:09:45.901] DIRECT_INTERSECTION ID=10932976: NO_INTERSECTION - No intersection found with cable tray centerline
[2025-08-02 19:09:45.902] DIRECT_INTERSECTION ID=10932977: TESTING_ELEMENT - Testing element 16/64: Wall, IsLinked: True
[2025-08-02 19:09:45.903] DIRECT_INTERSECTION ID=10932977: APPLIED_TRANSFORM - Applied linkTransform: Autodesk.Revit.DB.Transform
[2025-08-02 19:09:45.903] DIRECT_INTERSECTION ID=10932977: STRUCT_BBOX - Min=(-0.02,-0.84,-4.43), Max=(0.02,0.84,4.43)
[2025-08-02 19:09:45.904] DIRECT_INTERSECTION ID=10932977: NO_INTERSECTION - No intersection found with cable tray centerline
[2025-08-02 19:09:45.905] DIRECT_INTERSECTION ID=10932979: TESTING_ELEMENT - Testing element 17/64: Wall, IsLinked: True
[2025-08-02 19:09:45.906] DIRECT_INTERSECTION ID=10932979: APPLIED_TRANSFORM - Applied linkTransform: Autodesk.Revit.DB.Transform
[2025-08-02 19:09:45.907] DIRECT_INTERSECTION ID=10932979: STRUCT_BBOX - Min=(-0.02,-2.08,-1.94), Max=(0.02,2.08,1.94)
[2025-08-02 19:09:45.908] DIRECT_INTERSECTION ID=10932979: NO_INTERSECTION - No intersection found with cable tray centerline
[2025-08-02 19:09:45.909] DIRECT_INTERSECTION ID=10932980: TESTING_ELEMENT - Testing element 18/64: Wall, IsLinked: True
[2025-08-02 19:09:45.910] DIRECT_INTERSECTION ID=10932980: APPLIED_TRANSFORM - Applied linkTransform: Autodesk.Revit.DB.Transform
[2025-08-02 19:09:45.911] DIRECT_INTERSECTION ID=10932980: STRUCT_BBOX - Min=(-2.12,-0.02,-4.02), Max=(2.12,0.02,4.02)
[2025-08-02 19:09:45.911] DIRECT_INTERSECTION ID=10932980: NO_INTERSECTION - No intersection found with cable tray centerline
[2025-08-02 19:09:45.912] DIRECT_INTERSECTION ID=10932981: TESTING_ELEMENT - Testing element 19/64: Wall, IsLinked: True
[2025-08-02 19:09:45.913] DIRECT_INTERSECTION ID=10932981: APPLIED_TRANSFORM - Applied linkTransform: Autodesk.Revit.DB.Transform
[2025-08-02 19:09:45.914] DIRECT_INTERSECTION ID=10932981: STRUCT_BBOX - Min=(-0.02,-2.06,-2.46), Max=(0.02,2.06,2.46)
[2025-08-02 19:09:45.915] DIRECT_INTERSECTION ID=10932981: NO_INTERSECTION - No intersection found with cable tray centerline
[2025-08-02 19:09:45.916] DIRECT_INTERSECTION ID=10932982: TESTING_ELEMENT - Testing element 20/64: Wall, IsLinked: True
[2025-08-02 19:09:45.917] DIRECT_INTERSECTION ID=10932982: APPLIED_TRANSFORM - Applied linkTransform: Autodesk.Revit.DB.Transform
[2025-08-02 19:09:45.918] DIRECT_INTERSECTION ID=10932982: STRUCT_BBOX - Min=(-0.25,-0.02,-1.97), Max=(0.25,0.02,1.97)
[2025-08-02 19:09:45.919] DIRECT_INTERSECTION ID=10932982: NO_INTERSECTION - No intersection found with cable tray centerline
[2025-08-02 19:09:45.920] DIRECT_INTERSECTION ID=10932983: TESTING_ELEMENT - Testing element 21/64: Wall, IsLinked: True
[2025-08-02 19:09:45.921] DIRECT_INTERSECTION ID=10932983: APPLIED_TRANSFORM - Applied linkTransform: Autodesk.Revit.DB.Transform
[2025-08-02 19:09:45.921] DIRECT_INTERSECTION ID=10932983: STRUCT_BBOX - Min=(-0.02,-2.06,-3.94), Max=(0.02,2.06,3.94)
[2025-08-02 19:09:45.922] DIRECT_INTERSECTION ID=10932983: NO_INTERSECTION - No intersection found with cable tray centerline
[2025-08-02 19:09:45.923] DIRECT_INTERSECTION ID=10932984: TESTING_ELEMENT - Testing element 22/64: Wall, IsLinked: True
[2025-08-02 19:09:45.924] DIRECT_INTERSECTION ID=10932984: APPLIED_TRANSFORM - Applied linkTransform: Autodesk.Revit.DB.Transform
[2025-08-02 19:09:45.925] DIRECT_INTERSECTION ID=10932984: STRUCT_BBOX - Min=(-2.12,-0.02,-4.02), Max=(2.12,0.02,4.02)
[2025-08-02 19:09:45.926] DIRECT_INTERSECTION ID=10932984: NO_INTERSECTION - No intersection found with cable tray centerline
[2025-08-02 19:09:45.926] DIRECT_INTERSECTION ID=10932996: TESTING_ELEMENT - Testing element 23/64: Wall, IsLinked: True
[2025-08-02 19:09:45.928] DIRECT_INTERSECTION ID=10932996: APPLIED_TRANSFORM - Applied linkTransform: Autodesk.Revit.DB.Transform
[2025-08-02 19:09:45.928] DIRECT_INTERSECTION ID=10932996: STRUCT_BBOX - Min=(-0.69,-0.69,-4.45), Max=(0.69,0.69,4.45)
[2025-08-02 19:09:45.929] DIRECT_INTERSECTION ID=10932996: NO_INTERSECTION - No intersection found with cable tray centerline
[2025-08-02 19:09:45.930] DIRECT_INTERSECTION ID=10932997: TESTING_ELEMENT - Testing element 24/64: Wall, IsLinked: True
[2025-08-02 19:09:45.931] DIRECT_INTERSECTION ID=10932997: APPLIED_TRANSFORM - Applied linkTransform: Autodesk.Revit.DB.Transform
[2025-08-02 19:09:45.932] DIRECT_INTERSECTION ID=10932997: STRUCT_BBOX - Min=(-0.69,-0.69,-4.43), Max=(0.69,0.69,4.43)
[2025-08-02 19:09:45.933] DIRECT_INTERSECTION ID=10932997: NO_INTERSECTION - No intersection found with cable tray centerline
[2025-08-02 19:09:45.934] DIRECT_INTERSECTION ID=10932998: TESTING_ELEMENT - Testing element 25/64: Wall, IsLinked: True
[2025-08-02 19:09:45.935] DIRECT_INTERSECTION ID=10932998: APPLIED_TRANSFORM - Applied linkTransform: Autodesk.Revit.DB.Transform
[2025-08-02 19:09:45.936] DIRECT_INTERSECTION ID=10932998: STRUCT_BBOX - Min=(-0.69,-0.69,-5.13), Max=(0.69,0.69,5.13)
[2025-08-02 19:09:45.937] DIRECT_INTERSECTION ID=10932998: NO_INTERSECTION - No intersection found with cable tray centerline
[2025-08-02 19:09:45.937] DIRECT_INTERSECTION ID=10933003: TESTING_ELEMENT - Testing element 26/64: Wall, IsLinked: True
[2025-08-02 19:09:45.939] DIRECT_INTERSECTION ID=10933003: APPLIED_TRANSFORM - Applied linkTransform: Autodesk.Revit.DB.Transform
[2025-08-02 19:09:45.940] DIRECT_INTERSECTION ID=10933003: STRUCT_BBOX - Min=(-0.08,-0.02,-3.94), Max=(0.08,0.02,3.94)
[2025-08-02 19:09:45.940] DIRECT_INTERSECTION ID=10933003: NO_INTERSECTION - No intersection found with cable tray centerline
[2025-08-02 19:09:45.941] DIRECT_INTERSECTION ID=10933015: TESTING_ELEMENT - Testing element 27/64: Wall, IsLinked: True
[2025-08-02 19:09:45.942] DIRECT_INTERSECTION ID=10933015: APPLIED_TRANSFORM - Applied linkTransform: Autodesk.Revit.DB.Transform
[2025-08-02 19:09:45.943] DIRECT_INTERSECTION ID=10933015: STRUCT_BBOX - Min=(-0.25,-2.10,-1.94), Max=(0.25,2.10,1.94)
[2025-08-02 19:09:45.944] DIRECT_INTERSECTION ID=10933015: NO_INTERSECTION - No intersection found with cable tray centerline
[2025-08-02 19:09:45.945] DIRECT_INTERSECTION ID=10933016: TESTING_ELEMENT - Testing element 28/64: Wall, IsLinked: True
[2025-08-02 19:09:45.946] DIRECT_INTERSECTION ID=10933016: APPLIED_TRANSFORM - Applied linkTransform: Autodesk.Revit.DB.Transform
[2025-08-02 19:09:45.946] DIRECT_INTERSECTION ID=10933016: STRUCT_BBOX - Min=(-0.25,-0.02,-1.97), Max=(0.25,0.02,1.97)
[2025-08-02 19:09:45.947] DIRECT_INTERSECTION ID=10933016: NO_INTERSECTION - No intersection found with cable tray centerline
[2025-08-02 19:09:45.948] DIRECT_INTERSECTION ID=10933017: TESTING_ELEMENT - Testing element 29/64: Wall, IsLinked: True
[2025-08-02 19:09:45.949] DIRECT_INTERSECTION ID=10933017: APPLIED_TRANSFORM - Applied linkTransform: Autodesk.Revit.DB.Transform
[2025-08-02 19:09:45.950] DIRECT_INTERSECTION ID=10933017: STRUCT_BBOX - Min=(-0.33,-0.16,-5.13), Max=(0.33,0.16,5.13)
[2025-08-02 19:09:45.951] DIRECT_INTERSECTION ID=10933017: NO_INTERSECTION - No intersection found with cable tray centerline
[2025-08-02 19:09:45.952] DIRECT_INTERSECTION ID=10933024: TESTING_ELEMENT - Testing element 30/64: Wall, IsLinked: True
[2025-08-02 19:09:45.953] DIRECT_INTERSECTION ID=10933024: APPLIED_TRANSFORM - Applied linkTransform: Autodesk.Revit.DB.Transform
[2025-08-02 19:09:45.954] DIRECT_INTERSECTION ID=10933024: STRUCT_BBOX - Min=(-0.02,-0.11,-3.94), Max=(0.02,0.11,3.94)
[2025-08-02 19:09:45.955] DIRECT_INTERSECTION ID=10933024: NO_INTERSECTION - No intersection found with cable tray centerline
[2025-08-02 19:09:45.956] DIRECT_INTERSECTION ID=10933025: TESTING_ELEMENT - Testing element 31/64: Wall, IsLinked: True
[2025-08-02 19:09:45.957] DIRECT_INTERSECTION ID=10933025: APPLIED_TRANSFORM - Applied linkTransform: Autodesk.Revit.DB.Transform
[2025-08-02 19:09:45.957] DIRECT_INTERSECTION ID=10933025: STRUCT_BBOX - Min=(-0.70,-0.76,-5.13), Max=(0.70,0.76,5.13)
[2025-08-02 19:09:45.958] DIRECT_INTERSECTION ID=10933025: NO_INTERSECTION - No intersection found with cable tray centerline
[2025-08-02 19:09:45.959] DIRECT_INTERSECTION ID=10933057: TESTING_ELEMENT - Testing element 32/64: Wall, IsLinked: True
[2025-08-02 19:09:45.961] DIRECT_INTERSECTION ID=10933057: APPLIED_TRANSFORM - Applied linkTransform: Autodesk.Revit.DB.Transform
[2025-08-02 19:09:45.962] DIRECT_INTERSECTION ID=10933057: STRUCT_BBOX - Min=(-0.01,-6.22,-4.10), Max=(0.01,6.22,4.10)
[2025-08-02 19:09:45.963] DIRECT_INTERSECTION ID=10933057: NO_INTERSECTION - No intersection found with cable tray centerline
[2025-08-02 19:09:45.964] DIRECT_INTERSECTION ID=10933073: TESTING_ELEMENT - Testing element 33/64: Wall, IsLinked: True
[2025-08-02 19:09:45.965] DIRECT_INTERSECTION ID=10933073: APPLIED_TRANSFORM - Applied linkTransform: Autodesk.Revit.DB.Transform
[2025-08-02 19:09:45.966] DIRECT_INTERSECTION ID=10933073: STRUCT_BBOX - Min=(-0.02,-7.07,-0.02), Max=(0.02,7.07,0.02)
[2025-08-02 19:09:45.967] DIRECT_INTERSECTION ID=10933073: NO_INTERSECTION - No intersection found with cable tray centerline
[2025-08-02 19:09:45.967] DIRECT_INTERSECTION ID=10933083: TESTING_ELEMENT - Testing element 34/64: Wall, IsLinked: True
[2025-08-02 19:09:45.969] DIRECT_INTERSECTION ID=10933083: APPLIED_TRANSFORM - Applied linkTransform: Autodesk.Revit.DB.Transform
[2025-08-02 19:09:45.970] DIRECT_INTERSECTION ID=10933083: STRUCT_BBOX - Min=(-0.16,-0.02,-3.94), Max=(0.16,0.02,3.94)
[2025-08-02 19:09:45.970] DIRECT_INTERSECTION ID=10933083: NO_INTERSECTION - No intersection found with cable tray centerline
[2025-08-02 19:09:45.971] DIRECT_INTERSECTION ID=10933084: TESTING_ELEMENT - Testing element 35/64: Wall, IsLinked: True
[2025-08-02 19:09:45.972] DIRECT_INTERSECTION ID=10933084: APPLIED_TRANSFORM - Applied linkTransform: Autodesk.Revit.DB.Transform
[2025-08-02 19:09:45.973] DIRECT_INTERSECTION ID=10933084: STRUCT_BBOX - Min=(-0.16,-5.03,-5.25), Max=(0.16,5.03,5.25)
[2025-08-02 19:09:45.974] DIRECT_INTERSECTION ID=10933084: NO_INTERSECTION - No intersection found with cable tray centerline
[2025-08-02 19:09:45.975] DIRECT_INTERSECTION ID=10933085: TESTING_ELEMENT - Testing element 36/64: Wall, IsLinked: True
[2025-08-02 19:09:45.976] DIRECT_INTERSECTION ID=10933085: APPLIED_TRANSFORM - Applied linkTransform: Autodesk.Revit.DB.Transform
[2025-08-02 19:09:45.977] DIRECT_INTERSECTION ID=10933085: STRUCT_BBOX - Min=(-0.16,-1.02,-5.30), Max=(0.16,1.02,5.30)
[2025-08-02 19:09:45.978] DIRECT_INTERSECTION ID=10933085: NO_INTERSECTION - No intersection found with cable tray centerline
[2025-08-02 19:09:45.979] DIRECT_INTERSECTION ID=10933095: TESTING_ELEMENT - Testing element 37/64: Wall, IsLinked: True
[2025-08-02 19:09:45.980] DIRECT_INTERSECTION ID=10933095: APPLIED_TRANSFORM - Applied linkTransform: Autodesk.Revit.DB.Transform
[2025-08-02 19:09:45.981] DIRECT_INTERSECTION ID=10933095: STRUCT_BBOX - Min=(-0.15,-0.08,-5.13), Max=(0.15,0.08,5.13)
[2025-08-02 19:09:45.982] DIRECT_INTERSECTION ID=10933095: NO_INTERSECTION - No intersection found with cable tray centerline
[2025-08-02 19:09:45.983] DIRECT_INTERSECTION ID=10933096: TESTING_ELEMENT - Testing element 38/64: Wall, IsLinked: True
[2025-08-02 19:09:45.984] DIRECT_INTERSECTION ID=10933096: APPLIED_TRANSFORM - Applied linkTransform: Autodesk.Revit.DB.Transform
[2025-08-02 19:09:45.985] DIRECT_INTERSECTION ID=10933096: STRUCT_BBOX - Min=(-0.15,-0.01,-0.02), Max=(0.15,0.01,0.02)
[2025-08-02 19:09:45.986] DIRECT_INTERSECTION ID=10933096: NO_INTERSECTION - No intersection found with cable tray centerline
[2025-08-02 19:09:45.986] DIRECT_INTERSECTION ID=10933101: TESTING_ELEMENT - Testing element 39/64: Wall, IsLinked: True
[2025-08-02 19:09:45.988] DIRECT_INTERSECTION ID=10933101: APPLIED_TRANSFORM - Applied linkTransform: Autodesk.Revit.DB.Transform
[2025-08-02 19:09:45.988] DIRECT_INTERSECTION ID=10933101: STRUCT_BBOX - Min=(-0.01,-0.34,-0.02), Max=(0.01,0.34,0.02)
[2025-08-02 19:09:45.989] DIRECT_INTERSECTION ID=10933101: NO_INTERSECTION - No intersection found with cable tray centerline
[2025-08-02 19:09:45.990] DIRECT_INTERSECTION ID=10933104: TESTING_ELEMENT - Testing element 40/64: Wall, IsLinked: True
[2025-08-02 19:09:45.991] DIRECT_INTERSECTION ID=10933104: APPLIED_TRANSFORM - Applied linkTransform: Autodesk.Revit.DB.Transform
[2025-08-02 19:09:45.992] DIRECT_INTERSECTION ID=10933104: STRUCT_BBOX - Min=(-0.16,-0.08,-5.13), Max=(0.16,0.08,5.13)
[2025-08-02 19:09:45.993] DIRECT_INTERSECTION ID=10933104: NO_INTERSECTION - No intersection found with cable tray centerline
[2025-08-02 19:09:45.994] DIRECT_INTERSECTION ID=10933105: TESTING_ELEMENT - Testing element 41/64: Wall, IsLinked: True
[2025-08-02 19:09:45.995] DIRECT_INTERSECTION ID=10933105: APPLIED_TRANSFORM - Applied linkTransform: Autodesk.Revit.DB.Transform
[2025-08-02 19:09:45.996] DIRECT_INTERSECTION ID=10933105: STRUCT_BBOX - Min=(-0.08,-1.27,-3.63), Max=(0.08,1.27,3.63)
[2025-08-02 19:09:45.997] DIRECT_INTERSECTION ID=10933105: NO_INTERSECTION - No intersection found with cable tray centerline
[2025-08-02 19:09:45.997] DIRECT_INTERSECTION ID=10933126: TESTING_ELEMENT - Testing element 42/64: Wall, IsLinked: True
[2025-08-02 19:09:45.999] DIRECT_INTERSECTION ID=10933126: APPLIED_TRANSFORM - Applied linkTransform: Autodesk.Revit.DB.Transform
[2025-08-02 19:09:46.000] DIRECT_INTERSECTION ID=10933126: STRUCT_BBOX - Min=(-0.02,-0.85,-4.43), Max=(0.02,0.85,4.43)
[2025-08-02 19:09:46.009] DIRECT_INTERSECTION ID=10933126: NO_INTERSECTION - No intersection found with cable tray centerline
[2025-08-02 19:09:46.010] DIRECT_INTERSECTION ID=10933127: TESTING_ELEMENT - Testing element 43/64: Wall, IsLinked: True
[2025-08-02 19:09:46.011] DIRECT_INTERSECTION ID=10933127: APPLIED_TRANSFORM - Applied linkTransform: Autodesk.Revit.DB.Transform
[2025-08-02 19:09:46.012] DIRECT_INTERSECTION ID=10933127: STRUCT_BBOX - Min=(-0.02,-0.26,-4.43), Max=(0.02,0.26,4.43)
[2025-08-02 19:09:46.013] DIRECT_INTERSECTION ID=10933127: NO_INTERSECTION - No intersection found with cable tray centerline
[2025-08-02 19:09:46.014] DIRECT_INTERSECTION ID=10933139: TESTING_ELEMENT - Testing element 44/64: Wall, IsLinked: True
[2025-08-02 19:09:46.016] DIRECT_INTERSECTION ID=10933139: APPLIED_TRANSFORM - Applied linkTransform: Autodesk.Revit.DB.Transform
[2025-08-02 19:09:46.017] DIRECT_INTERSECTION ID=10933139: STRUCT_BBOX - Min=(-3.46,-0.16,-5.25), Max=(3.46,0.16,5.25)
[2025-08-02 19:09:46.017] DIRECT_INTERSECTION ID=10933139: NO_INTERSECTION - No intersection found with cable tray centerline
[2025-08-02 19:09:46.018] DIRECT_INTERSECTION ID=10933146: TESTING_ELEMENT - Testing element 45/64: Wall, IsLinked: True
[2025-08-02 19:09:46.020] DIRECT_INTERSECTION ID=10933146: APPLIED_TRANSFORM - Applied linkTransform: Autodesk.Revit.DB.Transform
[2025-08-02 19:09:46.021] DIRECT_INTERSECTION ID=10933146: STRUCT_BBOX - Min=(-3.28,-0.02,-4.35), Max=(3.28,0.02,4.35)
[2025-08-02 19:09:46.022] DIRECT_INTERSECTION ID=10933146: NO_INTERSECTION - No intersection found with cable tray centerline
[2025-08-02 19:09:46.023] DIRECT_INTERSECTION ID=10933148: TESTING_ELEMENT - Testing element 46/64: Wall, IsLinked: True
[2025-08-02 19:09:46.024] DIRECT_INTERSECTION ID=10933148: APPLIED_TRANSFORM - Applied linkTransform: Autodesk.Revit.DB.Transform
[2025-08-02 19:09:46.025] DIRECT_INTERSECTION ID=10933148: STRUCT_BBOX - Min=(-3.44,-0.01,-0.02), Max=(3.44,0.01,0.02)
[2025-08-02 19:09:46.026] DIRECT_INTERSECTION ID=10933148: NO_INTERSECTION - No intersection found with cable tray centerline
[2025-08-02 19:09:46.027] DIRECT_INTERSECTION ID=10933151: TESTING_ELEMENT - Testing element 47/64: Wall, IsLinked: True
[2025-08-02 19:09:46.029] DIRECT_INTERSECTION ID=10933151: APPLIED_TRANSFORM - Applied linkTransform: Autodesk.Revit.DB.Transform
[2025-08-02 19:09:46.030] DIRECT_INTERSECTION ID=10933151: STRUCT_BBOX - Min=(-0.29,-0.08,-5.13), Max=(0.29,0.08,5.13)
[2025-08-02 19:09:46.031] DIRECT_INTERSECTION ID=10933151: NO_INTERSECTION - No intersection found with cable tray centerline
[2025-08-02 19:09:46.032] DIRECT_INTERSECTION ID=10933155: TESTING_ELEMENT - Testing element 48/64: Wall, IsLinked: True
[2025-08-02 19:09:46.033] DIRECT_INTERSECTION ID=10933155: APPLIED_TRANSFORM - Applied linkTransform: Autodesk.Revit.DB.Transform
[2025-08-02 19:09:46.034] DIRECT_INTERSECTION ID=10933155: STRUCT_BBOX - Min=(-0.35,-0.25,-5.13), Max=(0.35,0.25,5.13)
[2025-08-02 19:09:46.035] DIRECT_INTERSECTION ID=10933155: NO_INTERSECTION - No intersection found with cable tray centerline
[2025-08-02 19:09:46.036] DIRECT_INTERSECTION ID=10933156: TESTING_ELEMENT - Testing element 49/64: Wall, IsLinked: True
[2025-08-02 19:09:46.037] DIRECT_INTERSECTION ID=10933156: APPLIED_TRANSFORM - Applied linkTransform: Autodesk.Revit.DB.Transform
[2025-08-02 19:09:46.038] DIRECT_INTERSECTION ID=10933156: STRUCT_BBOX - Min=(-0.35,-0.25,-5.13), Max=(0.35,0.25,5.13)
[2025-08-02 19:09:46.039] DIRECT_INTERSECTION ID=10933156: NO_INTERSECTION - No intersection found with cable tray centerline
[2025-08-02 19:09:46.040] DIRECT_INTERSECTION ID=10933159: TESTING_ELEMENT - Testing element 50/64: Wall, IsLinked: True
[2025-08-02 19:09:46.041] DIRECT_INTERSECTION ID=10933159: APPLIED_TRANSFORM - Applied linkTransform: Autodesk.Revit.DB.Transform
[2025-08-02 19:09:46.042] DIRECT_INTERSECTION ID=10933159: STRUCT_BBOX - Min=(-0.37,-0.08,-5.13), Max=(0.37,0.08,5.13)
[2025-08-02 19:09:46.043] DIRECT_INTERSECTION ID=10933159: NO_INTERSECTION - No intersection found with cable tray centerline
[2025-08-02 19:09:46.045] DIRECT_INTERSECTION ID=10933164: TESTING_ELEMENT - Testing element 51/64: Wall, IsLinked: True
[2025-08-02 19:09:46.046] DIRECT_INTERSECTION ID=10933164: APPLIED_TRANSFORM - Applied linkTransform: Autodesk.Revit.DB.Transform
[2025-08-02 19:09:46.047] DIRECT_INTERSECTION ID=10933164: STRUCT_BBOX - Min=(-0.08,-0.82,-5.13), Max=(0.08,0.82,5.13)
[2025-08-02 19:09:46.048] DIRECT_INTERSECTION ID=10933164: NO_INTERSECTION - No intersection found with cable tray centerline
[2025-08-02 19:09:46.049] DIRECT_INTERSECTION ID=10933171: TESTING_ELEMENT - Testing element 52/64: Wall, IsLinked: True
[2025-08-02 19:09:46.050] DIRECT_INTERSECTION ID=10933171: APPLIED_TRANSFORM - Applied linkTransform: Autodesk.Revit.DB.Transform
[2025-08-02 19:09:46.051] DIRECT_INTERSECTION ID=10933171: STRUCT_BBOX - Min=(-0.37,-0.08,-5.13), Max=(0.37,0.08,5.13)
[2025-08-02 19:09:46.052] DIRECT_INTERSECTION ID=10933171: NO_INTERSECTION - No intersection found with cable tray centerline
[2025-08-02 19:09:46.054] DIRECT_INTERSECTION ID=10933172: TESTING_ELEMENT - Testing element 53/64: Wall, IsLinked: True
[2025-08-02 19:09:46.055] DIRECT_INTERSECTION ID=10933172: APPLIED_TRANSFORM - Applied linkTransform: Autodesk.Revit.DB.Transform
[2025-08-02 19:09:46.056] DIRECT_INTERSECTION ID=10933172: STRUCT_BBOX - Min=(-0.38,-0.01,-0.02), Max=(0.38,0.01,0.02)
[2025-08-02 19:09:46.057] DIRECT_INTERSECTION ID=10933172: NO_INTERSECTION - No intersection found with cable tray centerline
[2025-08-02 19:09:46.058] DIRECT_INTERSECTION ID=10933176: TESTING_ELEMENT - Testing element 54/64: Wall, IsLinked: True
[2025-08-02 19:09:46.059] DIRECT_INTERSECTION ID=10933176: APPLIED_TRANSFORM - Applied linkTransform: Autodesk.Revit.DB.Transform
[2025-08-02 19:09:46.061] DIRECT_INTERSECTION ID=10933176: STRUCT_BBOX - Min=(-0.25,-1.11,-5.13), Max=(0.25,1.11,5.13)
[2025-08-02 19:09:46.062] DIRECT_INTERSECTION ID=10933176: NO_INTERSECTION - No intersection found with cable tray centerline
[2025-08-02 19:09:46.063] DIRECT_INTERSECTION ID=10933177: TESTING_ELEMENT - Testing element 55/64: Wall, IsLinked: True
[2025-08-02 19:09:46.064] DIRECT_INTERSECTION ID=10933177: APPLIED_TRANSFORM - Applied linkTransform: Autodesk.Revit.DB.Transform
[2025-08-02 19:09:46.065] DIRECT_INTERSECTION ID=10933177: STRUCT_BBOX - Min=(-0.08,-2.22,-5.13), Max=(0.08,2.22,5.13)
[2025-08-02 19:09:46.066] DIRECT_INTERSECTION ID=10933177: NO_INTERSECTION - No intersection found with cable tray centerline
[2025-08-02 19:09:46.067] DIRECT_INTERSECTION ID=10933178: TESTING_ELEMENT - Testing element 56/64: Wall, IsLinked: True
[2025-08-02 19:09:46.068] DIRECT_INTERSECTION ID=10933178: APPLIED_TRANSFORM - Applied linkTransform: Autodesk.Revit.DB.Transform
[2025-08-02 19:09:46.069] DIRECT_INTERSECTION ID=10933178: STRUCT_BBOX - Min=(-0.01,-1.71,-0.02), Max=(0.01,1.71,0.02)
[2025-08-02 19:09:46.070] DIRECT_INTERSECTION ID=10933178: NO_INTERSECTION - No intersection found with cable tray centerline
[2025-08-02 19:09:46.071] DIRECT_INTERSECTION ID=10933182: TESTING_ELEMENT - Testing element 57/64: Wall, IsLinked: True
[2025-08-02 19:09:46.073] DIRECT_INTERSECTION ID=10933182: APPLIED_TRANSFORM - Applied linkTransform: Autodesk.Revit.DB.Transform
[2025-08-02 19:09:46.074] DIRECT_INTERSECTION ID=10933182: STRUCT_BBOX - Min=(-0.01,-2.56,-3.94), Max=(0.01,2.56,3.94)
[2025-08-02 19:09:46.075] DIRECT_INTERSECTION ID=10933182: NO_INTERSECTION - No intersection found with cable tray centerline
[2025-08-02 19:09:46.076] DIRECT_INTERSECTION ID=10933186: TESTING_ELEMENT - Testing element 58/64: Wall, IsLinked: True
[2025-08-02 19:09:46.077] DIRECT_INTERSECTION ID=10933186: APPLIED_TRANSFORM - Applied linkTransform: Autodesk.Revit.DB.Transform
[2025-08-02 19:09:46.078] DIRECT_INTERSECTION ID=10933186: STRUCT_BBOX - Min=(-0.08,-1.53,-5.13), Max=(0.08,1.53,5.13)
[2025-08-02 19:09:46.079] DIRECT_INTERSECTION ID=10933186: NO_INTERSECTION - No intersection found with cable tray centerline
[2025-08-02 19:09:46.081] DIRECT_INTERSECTION ID=10933187: TESTING_ELEMENT - Testing element 59/64: Wall, IsLinked: True
[2025-08-02 19:09:46.082] DIRECT_INTERSECTION ID=10933187: APPLIED_TRANSFORM - Applied linkTransform: Autodesk.Revit.DB.Transform
[2025-08-02 19:09:46.083] DIRECT_INTERSECTION ID=10933187: STRUCT_BBOX - Min=(-0.01,-2.42,-0.02), Max=(0.01,2.42,0.02)
[2025-08-02 19:09:46.084] DIRECT_INTERSECTION ID=10933187: NO_INTERSECTION - No intersection found with cable tray centerline
[2025-08-02 19:09:46.085] DIRECT_INTERSECTION ID=10933190: TESTING_ELEMENT - Testing element 60/64: Wall, IsLinked: True
[2025-08-02 19:09:46.087] DIRECT_INTERSECTION ID=10933190: APPLIED_TRANSFORM - Applied linkTransform: Autodesk.Revit.DB.Transform
[2025-08-02 19:09:46.088] DIRECT_INTERSECTION ID=10933190: STRUCT_BBOX - Min=(-0.38,-0.01,-0.02), Max=(0.38,0.01,0.02)
[2025-08-02 19:09:46.089] DIRECT_INTERSECTION ID=10933190: NO_INTERSECTION - No intersection found with cable tray centerline
[2025-08-02 19:09:46.090] DIRECT_INTERSECTION ID=10933200: TESTING_ELEMENT - Testing element 61/64: Wall, IsLinked: True
[2025-08-02 19:09:46.091] DIRECT_INTERSECTION ID=10933200: APPLIED_TRANSFORM - Applied linkTransform: Autodesk.Revit.DB.Transform
[2025-08-02 19:09:46.093] DIRECT_INTERSECTION ID=10933200: STRUCT_BBOX - Min=(-0.02,-0.08,-3.94), Max=(0.02,0.08,3.94)
[2025-08-02 19:09:46.094] DIRECT_INTERSECTION ID=10933200: NO_INTERSECTION - No intersection found with cable tray centerline
[2025-08-02 19:09:46.095] DIRECT_INTERSECTION ID=10933202: TESTING_ELEMENT - Testing element 62/64: Wall, IsLinked: True
[2025-08-02 19:09:46.096] DIRECT_INTERSECTION ID=10933202: NO_SOLID - No solid geometry found in structural element
[2025-08-02 19:09:46.096] DIRECT_INTERSECTION ID=10933207: TESTING_ELEMENT - Testing element 63/64: Wall, IsLinked: True
[2025-08-02 19:09:46.098] DIRECT_INTERSECTION ID=10933207: APPLIED_TRANSFORM - Applied linkTransform: Autodesk.Revit.DB.Transform
[2025-08-02 19:09:46.099] DIRECT_INTERSECTION ID=10933207: STRUCT_BBOX - Min=(-0.01,-0.80,-4.10), Max=(0.01,0.80,4.10)
[2025-08-02 19:09:46.100] DIRECT_INTERSECTION ID=10933207: NO_INTERSECTION - No intersection found with cable tray centerline
[2025-08-02 19:09:46.101] DIRECT_INTERSECTION ID=10933210: TESTING_ELEMENT - Testing element 64/64: Wall, IsLinked: True
[2025-08-02 19:09:46.101] DIRECT_INTERSECTION ID=10933210: APPLIED_TRANSFORM - Applied linkTransform: Autodesk.Revit.DB.Transform
[2025-08-02 19:09:46.102] DIRECT_INTERSECTION ID=10933210: STRUCT_BBOX - Min=(-0.08,-1.07,-1.49), Max=(0.08,1.07,1.49)
[2025-08-02 19:09:46.103] DIRECT_INTERSECTION ID=10933210: NO_INTERSECTION - No intersection found with cable tray centerline
[2025-08-02 19:09:46.104] DIRECT_INTERSECTION ID=1874033: INTERSECTION_COMPLETE - Tested 64 elements, found 2 intersections
[2025-08-02 19:09:46.105] DEBUG_WALLS ID=1874033: WALL_SOLID_RESULT - Direct solid method found 2 wall intersections
[2025-08-02 19:09:46.183] SYSTEM ID=0: PROCESSING STARTED - Total cable trays to process: 13
[2025-08-02 19:09:46.221] WALLS ID=2082316: STRUCTURAL DETECTED - Hit by cable tray 1874033
[2025-08-02 19:09:46.222] CABLETRAY-STRUCTURAL INTERSECTION ID=0: INTERSECTION_DETAILS - CableTray ID=1874033, Structural ID=2082316, Position=(105.261750351, 44.291338671, 60.744750656)
[2025-08-02 19:09:46.489] WALLS ID=10933084: STRUCTURAL DETECTED - Hit by cable tray 1874043
[2025-08-02 19:09:46.491] CABLETRAY-STRUCTURAL INTERSECTION ID=0: INTERSECTION_DETAILS - CableTray ID=1874043, Structural ID=10933084, Position=(104.237790398, 36.472706423, 60.744750656)
[2025-08-02 19:09:46.728] WALLS ID=2082316: STRUCTURAL DETECTED - Hit by cable tray 1874995
[2025-08-02 19:09:46.729] CABLETRAY-STRUCTURAL INTERSECTION ID=0: INTERSECTION_DETAILS - CableTray ID=1874995, Structural ID=2082316, Position=(105.684448127, 44.291338671, 60.744750656)
[2025-08-02 19:09:46.960] WALLS ID=10933084: STRUCTURAL DETECTED - Hit by cable tray 1875003
[2025-08-02 19:09:46.961] CABLETRAY-STRUCTURAL INTERSECTION ID=0: INTERSECTION_DETAILS - CableTray ID=1875003, Structural ID=10933084, Position=(104.237790398, 35.852629870, 60.744750656)
[2025-08-02 19:09:47.138] WALLS ID=10933172: ELEMENT DETECTED - Hit by cable tray 1935283
[2025-08-02 19:09:47.139] CABLETRAY-WALL INTERSECTION ID=0: INTERSECTION_DETAILS - CableTray ID=1935283, Wall ID=10933172, Position=(110.012439698, 21.499344008, 58.448162730)
[2025-08-02 19:09:47.190] WALLS ID=10933172: SLEEVE_FAILED - Reason: Existing sleeve found at location
[2025-08-02 19:09:47.221] WALLS ID=10933172: ELEMENT DETECTED - Hit by cable tray 1935473
[2025-08-02 19:09:47.222] CABLETRAY-WALL INTERSECTION ID=0: INTERSECTION_DETAILS - CableTray ID=1935473, Wall ID=10933172, Position=(109.988665861, 21.499344008, 58.448162730)
[2025-08-02 19:09:47.270] WALLS ID=10933172: SLEEVE_FAILED - Reason: Existing sleeve found at location
[2025-08-02 19:09:47.298] WALLS ID=2700957: STRUCTURAL DETECTED - Hit by cable tray 1951625
[2025-08-02 19:09:47.299] CABLETRAY-STRUCTURAL INTERSECTION ID=0: INTERSECTION_DETAILS - CableTray ID=1951625, Structural ID=2700957, Position=(97.112860892, 22.060818482, 60.810730318)
[2025-08-02 19:09:47.481] WALLS ID=2700957: STRUCTURAL DETECTED - Hit by cable tray 1951626
[2025-08-02 19:09:47.481] CABLETRAY-STRUCTURAL INTERSECTION ID=0: INTERSECTION_DETAILS - CableTray ID=1951626, Structural ID=2700957, Position=(97.112860892, 22.724139449, 60.810730318)
[2025-08-02 19:09:47.654] WALLS ID=2700957: STRUCTURAL DETECTED - Hit by cable tray 1953336
[2025-08-02 19:09:47.656] CABLETRAY-STRUCTURAL INTERSECTION ID=0: INTERSECTION_DETAILS - CableTray ID=1953336, Structural ID=2700957, Position=(97.112860892, 24.052223439, 60.810730318)
[2025-08-02 19:09:47.847] FLOORS ID=1713828: STRUCTURAL DETECTED - Hit by cable tray 1953384
[2025-08-02 19:09:47.848] CABLETRAY-STRUCTURAL INTERSECTION ID=0: INTERSECTION_DETAILS - CableTray ID=1953384, Structural ID=1713828, Position=(106.969486514, 25.145670788, 62.212926509)
[2025-08-02 19:09:47.879] FLOORS ID=1713828: STRUCTURAL DETECTED - Hit by cable tray 1953421
[2025-08-02 19:09:47.880] CABLETRAY-STRUCTURAL INTERSECTION ID=0: INTERSECTION_DETAILS - CableTray ID=1953421, Structural ID=1713828, Position=(107.533334452, 25.131574589, 62.212926509)
[2025-08-02 19:09:47.919] FLOORS ID=1713828: STRUCTURAL DETECTED - Hit by cable tray 1953426
[2025-08-02 19:09:47.920] CABLETRAY-STRUCTURAL INTERSECTION ID=0: INTERSECTION_DETAILS - CableTray ID=1953426, Structural ID=1713828, Position=(107.223218086, 28.105872462, 62.212926509)
[2025-08-02 19:09:47.922] WALLS ID=10933073: ELEMENT DETECTED - Hit by cable tray 1953426
[2025-08-02 19:09:47.923] CABLETRAY-WALL INTERSECTION ID=0: INTERSECTION_DETAILS - CableTray ID=1953426, Wall ID=10933073, Position=(107.223218086, 28.105872462, 63.784618355)
[2025-08-02 19:09:48.037] FLOORS ID=1713828: STRUCTURAL DETECTED - Hit by cable tray 2142742
[2025-08-02 19:09:48.037] CABLETRAY-STRUCTURAL INTERSECTION ID=0: INTERSECTION_DETAILS - CableTray ID=2142742, Structural ID=1713828, Position=(106.848044906, 26.601182763, 62.212926509)

[2025-08-02 19:09:48.071] ===== CABLETRAYSLEEVECOMMAND STRUCTURAL ELEMENTS SUMMARY =====
Total Elements Processed: 13
Structural Elements Detected: 11
Sleeves Successfully Placed: 7
Placement Failures: 4
Success Rate: 63.6%
=========================================

[2025-08-02 19:09:48.072] SYSTEM ID=0: COMMAND COMPLETED - Structural sleeve placement finished. Log file: c:\JSE_CSharp_Projects\JSE_RevitAddin_MEP_OPENINGS\JSE_RevitAddin_MEP_OPENINGS\Logs\StructuralElements_SleeveLog_20250802_190945.log
