===== STRUCTURAL ELEMENTS SLEEVE PLACEMENT LOG =====
Session Started: 2025-08-05 10:40:24
Log File: StructuralElements_SleeveLog_20250805_104024.log
JSE RevitAddin MEP Openings - Structural Elements Support
====================================================

[2025-08-05 10:40:24.403] SYSTEM ID=0: OPENINGS PLACE COMMAND STARTED - Master command executing all sleeve placement commands with structural support
[2025-08-05 10:40:24.403] DIAGNOSTIC ID=999: LOGGER_TEST - This is a test entry to verify logging is working
[2025-08-05 10:40:25.365] DIAGNOSTIC ID=0: CT_FAMILY_SEARCH - Found 110 family symbols in project
[2025-08-05 10:40:25.368] DIAGNOSTIC ID=1049: CT_FAMILY_FOUND - Family: Section Head - Filled, Symbol: Section Head - Filled
[2025-08-05 10:40:25.369] DIAGNOSTIC ID=16216: CT_FAMILY_FOUND - Family: Rectangular Handrail, Symbol: 50 x 50mm
[2025-08-05 10:40:25.369] DIAGNOSTIC ID=28045: CT_FAMILY_FOUND - Family: Section Tail - Filled, Symbol: Section Tail - Filled
[2025-08-05 10:40:25.370] DIAGNOSTIC ID=112441: CT_FAMILY_FOUND - Family: Rectangular Union, Symbol: Standard
[2025-08-05 10:40:25.371] DIAGNOSTIC ID=498585: CT_FAMILY_FOUND - Family: Rectangular Medium Radius Bend - Flanged, Symbol: Standard
[2025-08-05 10:40:25.372] DIAGNOSTIC ID=498587: CT_FAMILY_FOUND - Family: Rectangular Square Tee - Flanged, Symbol: Standard
[2025-08-05 10:40:25.372] DIAGNOSTIC ID=498589: CT_FAMILY_FOUND - Family: Rectangular Shoe Branch - Flanged, Symbol: Standard
[2025-08-05 10:40:25.373] DIAGNOSTIC ID=498591: CT_FAMILY_FOUND - Family: Rectangular Concentric Taper - Flanged, Symbol: Standard
[2025-08-05 10:40:25.374] DIAGNOSTIC ID=498593: CT_FAMILY_FOUND - Family: Rectangular - Round Transformation - Flanged, Symbol: Standard
[2025-08-05 10:40:25.375] DIAGNOSTIC ID=499382: CT_FAMILY_FOUND - Family: Rectangular Blank End, Symbol: Standard
[2025-08-05 10:40:25.376] SUCCESS ID=2124183: CT_FAMILY_FOUND - Using cable tray wall sleeve family: CableTrayOpeningOnWall, Symbol: CT#
[2025-08-05 10:40:25.377] SUCCESS ID=2126788: CT_FAMILY_FOUND - Using cable tray slab sleeve family: CabletrayOpeningOnSlab, Symbol: CT#
[2025-08-05 10:40:25.462] SYSTEM ID=0: PROCESSING STARTED - Total cable trays to process: 4
[2025-08-05 10:40:25.596] FLOORS ID=1713828: STRUCTURAL DETECTED - Hit by cable tray 1953384
[2025-08-05 10:40:25.596] CABLETRAY-STRUCTURAL INTERSECTION ID=0: INTERSECTION_DETAILS - CableTray ID=1953384, Structural ID=1713828, Position=(106.969486514, 25.145670788, 62.212926509)
[2025-08-05 10:40:25.603] FLOORS ID=10934404: STRUCTURAL DETECTED - Hit by cable tray 1953384
[2025-08-05 10:40:25.604] CABLETRAY-STRUCTURAL INTERSECTION ID=0: INTERSECTION_DETAILS - CableTray ID=1953384, Structural ID=10934404, Position=(106.969486514, 25.145670788, 61.663385827)
[2025-08-05 10:40:30.792] FLOORS ID=1713828: STRUCTURAL DETECTED - Hit by cable tray 1953421
[2025-08-05 10:40:30.793] CABLETRAY-STRUCTURAL INTERSECTION ID=0: INTERSECTION_DETAILS - CableTray ID=1953421, Structural ID=1713828, Position=(107.533334452, 25.131574589, 62.212926509)
[2025-08-05 10:40:30.795] FLOORS ID=10934404: STRUCTURAL DETECTED - Hit by cable tray 1953421
[2025-08-05 10:40:30.796] CABLETRAY-STRUCTURAL INTERSECTION ID=0: INTERSECTION_DETAILS - CableTray ID=1953421, Structural ID=10934404, Position=(107.533334452, 25.131574589, 61.663385827)
[2025-08-05 10:40:31.000] FLOORS ID=1713828: STRUCTURAL DETECTED - Hit by cable tray 1953426
[2025-08-05 10:40:31.001] CABLETRAY-STRUCTURAL INTERSECTION ID=0: INTERSECTION_DETAILS - CableTray ID=1953426, Structural ID=1713828, Position=(107.223218086, 28.105872462, 62.212926509)
[2025-08-05 10:40:31.003] FLOORS ID=10934404: STRUCTURAL DETECTED - Hit by cable tray 1953426
[2025-08-05 10:40:31.004] CABLETRAY-STRUCTURAL INTERSECTION ID=0: INTERSECTION_DETAILS - CableTray ID=1953426, Structural ID=10934404, Position=(107.223218086, 28.105872462, 61.663385827)
[2025-08-05 10:40:31.218] FLOORS ID=1713828: STRUCTURAL DETECTED - Hit by cable tray 2142742
[2025-08-05 10:40:31.219] CABLETRAY-STRUCTURAL INTERSECTION ID=0: INTERSECTION_DETAILS - CableTray ID=2142742, Structural ID=1713828, Position=(106.848044906, 26.601182763, 62.212926509)
[2025-08-05 10:40:31.221] FLOORS ID=10934404: STRUCTURAL DETECTED - Hit by cable tray 2142742
[2025-08-05 10:40:31.222] CABLETRAY-STRUCTURAL INTERSECTION ID=0: INTERSECTION_DETAILS - CableTray ID=2142742, Structural ID=10934404, Position=(106.848044906, 26.601182763, 61.663385827)

[2025-08-05 10:40:31.371] ===== CABLETRAYSLEEVECOMMAND STRUCTURAL ELEMENTS SUMMARY =====
Total Elements Processed: 4
Structural Elements Detected: 8
Sleeves Successfully Placed: 4
Placement Failures: 4
Success Rate: 50.0%
=========================================

[2025-08-05 10:40:31.372] SYSTEM ID=0: COMMAND COMPLETED - Structural sleeve placement finished. Log file: c:\JSE_CSharp_Projects\JSE_RevitAddin_MEP_OPENINGS\JSE_RevitAddin_MEP_OPENINGS\Logs\StructuralElements_SleeveLog_20250805_104024.log
[2025-08-05 10:40:32.134] SYSTEM ID=0: OPENINGS PLACE COMMAND COMPLETED - All sleeve placement commands finished. Structural log file: c:\JSE_CSharp_Projects\JSE_RevitAddin_MEP_OPENINGS\JSE_RevitAddin_MEP_OPENINGS\Logs\StructuralElements_SleeveLog_20250805_104024.log
