===== STRUCTURAL ELEMENTS SLEEVE PLACEMENT LOG =====
Session Started: 2025-08-02 18:49:41
Log File: StructuralElements_SleeveLog_20250802_184941.log
JSE RevitAddin MEP Openings - Structural Elements Support
====================================================

[2025-08-02 18:49:41.056] DIAGNOSTIC ID=0: CT_FAMILY_SEARCH - Found 110 family symbols in project
[2025-08-02 18:49:41.058] DIAGNOSTIC ID=1049: CT_FAMILY_FOUND - Family: Section Head - Filled, Symbol: Section Head - Filled
[2025-08-02 18:49:41.061] DIAGNOSTIC ID=16216: CT_FAMILY_FOUND - Family: Rectangular Handrail, Symbol: 50 x 50mm
[2025-08-02 18:49:41.062] DIAGNOSTIC ID=28045: CT_FAMILY_FOUND - Family: Section Tail - Filled, Symbol: Section Tail - Filled
[2025-08-02 18:49:41.063] DIAGNOSTIC ID=112441: CT_FAMILY_FOUND - Family: Rectangular Union, Symbol: Standard
[2025-08-02 18:49:41.064] DIAGNOSTIC ID=498585: CT_FAMILY_FOUND - Family: Rectangular Medium Radius Bend - Flanged, Symbol: Standard
[2025-08-02 18:49:41.065] DIAGNOSTIC ID=498587: CT_FAMILY_FOUND - Family: Rectangular Square Tee - Flanged, Symbol: Standard
[2025-08-02 18:49:41.065] DIAGNOSTIC ID=498589: CT_FAMILY_FOUND - Family: Rectangular Shoe Branch - Flanged, Symbol: Standard
[2025-08-02 18:49:41.066] DIAGNOSTIC ID=498591: CT_FAMILY_FOUND - Family: Rectangular Concentric Taper - Flanged, Symbol: Standard
[2025-08-02 18:49:41.067] DIAGNOSTIC ID=498593: CT_FAMILY_FOUND - Family: Rectangular - Round Transformation - Flanged, Symbol: Standard
[2025-08-02 18:49:41.068] DIAGNOSTIC ID=499382: CT_FAMILY_FOUND - Family: Rectangular Blank End, Symbol: Standard
[2025-08-02 18:49:41.070] SUCCESS ID=2124183: CT_FAMILY_FOUND - Using cable tray wall sleeve family: CableTrayOpeningOnWall, Symbol: CT#
[2025-08-02 18:49:41.071] SUCCESS ID=2126788: CT_FAMILY_FOUND - Using cable tray slab sleeve family: CabletrayOpeningOnSlab, Symbol: CT#
[2025-08-02 18:49:41.127] DEBUG_WALLS ID=0: WALL_SOLID_TEST - Testing wall detection using direct solid approach like structural elements
[2025-08-02 18:49:41.144] DEBUG_WALLS ID=2069893: LINKED_WALLS_FOUND - Found 0 walls in ME-1722-2024-21-06-2025.rvt : 19 : location <Not Shared>
[2025-08-02 18:49:41.158] DEBUG_WALLS ID=2140496: LINKED_WALLS_FOUND - Found 64 walls in Architecture_detached.rvt : 22 : location <Not Shared>
[2025-08-02 18:49:41.162] DEBUG_WALLS ID=2140829: LINKED_WALLS_FOUND - Found 0 walls in Structure.rvt : 23 : location <Not Shared>
[2025-08-02 18:49:41.167] DIRECT_INTERSECTION ID=1874033: STARTING_INTERSECTION - Testing cable tray against 64 structural elements
[2025-08-02 18:49:41.168] DIRECT_INTERSECTION ID=2082287: TESTING_ELEMENT - Testing element 1/64: Wall, IsLinked: True
[2025-08-02 18:49:41.169] DIRECT_INTERSECTION ID=2082287: APPLIED_TRANSFORM - Applied linkTransform: Autodesk.Revit.DB.Transform
[2025-08-02 18:49:41.170] DIRECT_INTERSECTION ID=2082287: STRUCT_BBOX - Min=(-0.33,-4.29,-5.31), Max=(0.33,4.29,5.31)
[2025-08-02 18:49:41.171] DIRECT_INTERSECTION ID=2082287: NO_INTERSECTION - No intersection found with cable tray centerline
[2025-08-02 18:49:41.173] DIRECT_INTERSECTION ID=2082305: TESTING_ELEMENT - Testing element 2/64: Wall, IsLinked: True
[2025-08-02 18:49:41.175] DIRECT_INTERSECTION ID=2082305: APPLIED_TRANSFORM - Applied linkTransform: Autodesk.Revit.DB.Transform
[2025-08-02 18:49:41.176] DIRECT_INTERSECTION ID=2082305: STRUCT_BBOX - Min=(-0.25,-2.58,-5.31), Max=(0.25,2.58,5.31)
[2025-08-02 18:49:41.177] DIRECT_INTERSECTION ID=2082305: NO_INTERSECTION - No intersection found with cable tray centerline
[2025-08-02 18:49:41.178] DIRECT_INTERSECTION ID=2082306: TESTING_ELEMENT - Testing element 3/64: Wall, IsLinked: True
[2025-08-02 18:49:41.179] DIRECT_INTERSECTION ID=2082306: APPLIED_TRANSFORM - Applied linkTransform: Autodesk.Revit.DB.Transform
[2025-08-02 18:49:41.180] DIRECT_INTERSECTION ID=2082306: STRUCT_BBOX - Min=(-0.25,-2.26,-5.31), Max=(0.25,2.26,5.31)
[2025-08-02 18:49:41.181] DIRECT_INTERSECTION ID=2082306: NO_INTERSECTION - No intersection found with cable tray centerline
[2025-08-02 18:49:41.182] DIRECT_INTERSECTION ID=2082307: TESTING_ELEMENT - Testing element 4/64: Wall, IsLinked: True
[2025-08-02 18:49:41.183] DIRECT_INTERSECTION ID=2082307: APPLIED_TRANSFORM - Applied linkTransform: Autodesk.Revit.DB.Transform
[2025-08-02 18:49:41.184] DIRECT_INTERSECTION ID=2082307: STRUCT_BBOX - Min=(-1.65,-0.25,-5.31), Max=(1.65,0.25,5.31)
[2025-08-02 18:49:41.185] DIRECT_INTERSECTION ID=2082307: NO_INTERSECTION - No intersection found with cable tray centerline
[2025-08-02 18:49:41.186] DIRECT_INTERSECTION ID=2082316: TESTING_ELEMENT - Testing element 5/64: Wall, IsLinked: True
[2025-08-02 18:49:41.187] DIRECT_INTERSECTION ID=2082316: APPLIED_TRANSFORM - Applied linkTransform: Autodesk.Revit.DB.Transform
[2025-08-02 18:49:41.188] DIRECT_INTERSECTION ID=2082316: STRUCT_BBOX - Min=(-2.12,-0.33,-5.31), Max=(2.12,0.33,5.31)
[2025-08-02 18:49:41.189] DIRECT_INTERSECTION ID=2082316: INTERSECTION_POINT - Entry=(105.261750351, 43.963254681, 60.744750656), Exit=(105.261750351, 44.619422660, 60.744750656), Midpoint=(105.261750351, 44.291338671, 60.744750656)
[2025-08-02 18:49:41.190] DIRECT_INTERSECTION ID=2700957: TESTING_ELEMENT - Testing element 6/64: Wall, IsLinked: True
[2025-08-02 18:49:41.191] DIRECT_INTERSECTION ID=2700957: APPLIED_TRANSFORM - Applied linkTransform: Autodesk.Revit.DB.Transform
[2025-08-02 18:49:41.192] DIRECT_INTERSECTION ID=2700957: STRUCT_BBOX - Min=(-0.33,-7.07,-5.31), Max=(0.33,7.07,5.31)
[2025-08-02 18:49:41.193] DIRECT_INTERSECTION ID=2700957: NO_INTERSECTION - No intersection found with cable tray centerline
[2025-08-02 18:49:41.194] DIRECT_INTERSECTION ID=3979480: TESTING_ELEMENT - Testing element 7/64: Wall, IsLinked: True
[2025-08-02 18:49:41.195] DIRECT_INTERSECTION ID=3979480: APPLIED_TRANSFORM - Applied linkTransform: Autodesk.Revit.DB.Transform
[2025-08-02 18:49:41.196] DIRECT_INTERSECTION ID=3979480: STRUCT_BBOX - Min=(-1.90,-0.33,-5.31), Max=(1.90,0.33,5.31)
[2025-08-02 18:49:41.197] DIRECT_INTERSECTION ID=3979480: NO_INTERSECTION - No intersection found with cable tray centerline
[2025-08-02 18:49:41.198] DIRECT_INTERSECTION ID=3979488: TESTING_ELEMENT - Testing element 8/64: Wall, IsLinked: True
[2025-08-02 18:49:41.199] DIRECT_INTERSECTION ID=3979488: APPLIED_TRANSFORM - Applied linkTransform: Autodesk.Revit.DB.Transform
[2025-08-02 18:49:41.201] DIRECT_INTERSECTION ID=3979488: STRUCT_BBOX - Min=(-2.41,-0.33,-5.31), Max=(2.41,0.33,5.31)
[2025-08-02 18:49:41.202] DIRECT_INTERSECTION ID=3979488: NO_INTERSECTION - No intersection found with cable tray centerline
[2025-08-02 18:49:41.204] DIRECT_INTERSECTION ID=6150398: TESTING_ELEMENT - Testing element 9/64: Wall, IsLinked: True
[2025-08-02 18:49:41.206] DIRECT_INTERSECTION ID=6150398: APPLIED_TRANSFORM - Applied linkTransform: Autodesk.Revit.DB.Transform
[2025-08-02 18:49:41.207] DIRECT_INTERSECTION ID=6150398: STRUCT_BBOX - Min=(-0.33,-0.33,-5.31), Max=(0.33,0.33,5.31)
[2025-08-02 18:49:41.208] DIRECT_INTERSECTION ID=6150398: NO_INTERSECTION - No intersection found with cable tray centerline
[2025-08-02 18:49:41.209] DIRECT_INTERSECTION ID=10932962: TESTING_ELEMENT - Testing element 10/64: Wall, IsLinked: True
[2025-08-02 18:49:41.210] DIRECT_INTERSECTION ID=10932962: APPLIED_TRANSFORM - Applied linkTransform: Autodesk.Revit.DB.Transform
[2025-08-02 18:49:41.211] DIRECT_INTERSECTION ID=10932962: STRUCT_BBOX - Min=(-2.36,-0.16,-5.25), Max=(2.36,0.16,5.25)
[2025-08-02 18:49:41.212] DIRECT_INTERSECTION ID=10932962: NO_INTERSECTION - No intersection found with cable tray centerline
[2025-08-02 18:49:41.213] DIRECT_INTERSECTION ID=10932963: TESTING_ELEMENT - Testing element 11/64: Wall, IsLinked: True
[2025-08-02 18:49:41.214] DIRECT_INTERSECTION ID=10932963: APPLIED_TRANSFORM - Applied linkTransform: Autodesk.Revit.DB.Transform
[2025-08-02 18:49:41.215] DIRECT_INTERSECTION ID=10932963: STRUCT_BBOX - Min=(-1.75,-0.25,-5.13), Max=(1.75,0.25,5.13)
[2025-08-02 18:49:41.216] DIRECT_INTERSECTION ID=10932963: INTERSECTION_POINT - Entry=(105.261750351, 44.619422661, 60.744750656), Exit=(105.261750351, 44.127296677, 60.744750656), Midpoint=(105.261750351, 44.373359669, 60.744750656)
[2025-08-02 18:49:41.217] DIRECT_INTERSECTION ID=10932964: TESTING_ELEMENT - Testing element 12/64: Wall, IsLinked: True
[2025-08-02 18:49:41.218] DIRECT_INTERSECTION ID=10932964: APPLIED_TRANSFORM - Applied linkTransform: Autodesk.Revit.DB.Transform
[2025-08-02 18:49:41.219] DIRECT_INTERSECTION ID=10932964: STRUCT_BBOX - Min=(-0.35,-0.33,-5.13), Max=(0.35,0.33,5.13)
[2025-08-02 18:49:41.220] DIRECT_INTERSECTION ID=10932964: NO_INTERSECTION - No intersection found with cable tray centerline
[2025-08-02 18:49:41.221] DIRECT_INTERSECTION ID=10932974: TESTING_ELEMENT - Testing element 13/64: Wall, IsLinked: True
[2025-08-02 18:49:41.222] DIRECT_INTERSECTION ID=10932974: APPLIED_TRANSFORM - Applied linkTransform: Autodesk.Revit.DB.Transform
[2025-08-02 18:49:41.223] DIRECT_INTERSECTION ID=10932974: STRUCT_BBOX - Min=(-0.01,-1.74,-5.13), Max=(0.01,1.74,5.13)
[2025-08-02 18:49:41.224] DIRECT_INTERSECTION ID=10932974: NO_INTERSECTION - No intersection found with cable tray centerline
[2025-08-02 18:49:41.225] DIRECT_INTERSECTION ID=10932975: TESTING_ELEMENT - Testing element 14/64: Wall, IsLinked: True
[2025-08-02 18:49:41.226] DIRECT_INTERSECTION ID=10932975: APPLIED_TRANSFORM - Applied linkTransform: Autodesk.Revit.DB.Transform
[2025-08-02 18:49:41.227] DIRECT_INTERSECTION ID=10932975: STRUCT_BBOX - Min=(-0.02,-0.84,-4.43), Max=(0.02,0.84,4.43)
[2025-08-02 18:49:41.229] DIRECT_INTERSECTION ID=10932975: NO_INTERSECTION - No intersection found with cable tray centerline
[2025-08-02 18:49:41.230] DIRECT_INTERSECTION ID=10932976: TESTING_ELEMENT - Testing element 15/64: Wall, IsLinked: True
[2025-08-02 18:49:41.231] DIRECT_INTERSECTION ID=10932976: APPLIED_TRANSFORM - Applied linkTransform: Autodesk.Revit.DB.Transform
[2025-08-02 18:49:41.232] DIRECT_INTERSECTION ID=10932976: STRUCT_BBOX - Min=(-1.93,-0.02,-4.43), Max=(1.93,0.02,4.43)
[2025-08-02 18:49:41.233] DIRECT_INTERSECTION ID=10932976: NO_INTERSECTION - No intersection found with cable tray centerline
[2025-08-02 18:49:41.234] DIRECT_INTERSECTION ID=10932977: TESTING_ELEMENT - Testing element 16/64: Wall, IsLinked: True
[2025-08-02 18:49:41.235] DIRECT_INTERSECTION ID=10932977: APPLIED_TRANSFORM - Applied linkTransform: Autodesk.Revit.DB.Transform
[2025-08-02 18:49:41.236] DIRECT_INTERSECTION ID=10932977: STRUCT_BBOX - Min=(-0.02,-0.84,-4.43), Max=(0.02,0.84,4.43)
[2025-08-02 18:49:41.237] DIRECT_INTERSECTION ID=10932977: NO_INTERSECTION - No intersection found with cable tray centerline
[2025-08-02 18:49:41.239] DIRECT_INTERSECTION ID=10932979: TESTING_ELEMENT - Testing element 17/64: Wall, IsLinked: True
[2025-08-02 18:49:41.244] DIRECT_INTERSECTION ID=10932979: APPLIED_TRANSFORM - Applied linkTransform: Autodesk.Revit.DB.Transform
[2025-08-02 18:49:41.244] DIRECT_INTERSECTION ID=10932979: STRUCT_BBOX - Min=(-0.02,-2.08,-1.94), Max=(0.02,2.08,1.94)
[2025-08-02 18:49:41.245] DIRECT_INTERSECTION ID=10932979: NO_INTERSECTION - No intersection found with cable tray centerline
[2025-08-02 18:49:41.246] DIRECT_INTERSECTION ID=10932980: TESTING_ELEMENT - Testing element 18/64: Wall, IsLinked: True
[2025-08-02 18:49:41.247] DIRECT_INTERSECTION ID=10932980: APPLIED_TRANSFORM - Applied linkTransform: Autodesk.Revit.DB.Transform
[2025-08-02 18:49:41.248] DIRECT_INTERSECTION ID=10932980: STRUCT_BBOX - Min=(-2.12,-0.02,-4.02), Max=(2.12,0.02,4.02)
[2025-08-02 18:49:41.249] DIRECT_INTERSECTION ID=10932980: NO_INTERSECTION - No intersection found with cable tray centerline
[2025-08-02 18:49:41.250] DIRECT_INTERSECTION ID=10932981: TESTING_ELEMENT - Testing element 19/64: Wall, IsLinked: True
[2025-08-02 18:49:41.251] DIRECT_INTERSECTION ID=10932981: APPLIED_TRANSFORM - Applied linkTransform: Autodesk.Revit.DB.Transform
[2025-08-02 18:49:41.252] DIRECT_INTERSECTION ID=10932981: STRUCT_BBOX - Min=(-0.02,-2.06,-2.46), Max=(0.02,2.06,2.46)
[2025-08-02 18:49:41.252] DIRECT_INTERSECTION ID=10932981: NO_INTERSECTION - No intersection found with cable tray centerline
[2025-08-02 18:49:41.253] DIRECT_INTERSECTION ID=10932982: TESTING_ELEMENT - Testing element 20/64: Wall, IsLinked: True
[2025-08-02 18:49:41.254] DIRECT_INTERSECTION ID=10932982: APPLIED_TRANSFORM - Applied linkTransform: Autodesk.Revit.DB.Transform
[2025-08-02 18:49:41.255] DIRECT_INTERSECTION ID=10932982: STRUCT_BBOX - Min=(-0.25,-0.02,-1.97), Max=(0.25,0.02,1.97)
[2025-08-02 18:49:41.256] DIRECT_INTERSECTION ID=10932982: NO_INTERSECTION - No intersection found with cable tray centerline
[2025-08-02 18:49:41.257] DIRECT_INTERSECTION ID=10932983: TESTING_ELEMENT - Testing element 21/64: Wall, IsLinked: True
[2025-08-02 18:49:41.258] DIRECT_INTERSECTION ID=10932983: APPLIED_TRANSFORM - Applied linkTransform: Autodesk.Revit.DB.Transform
[2025-08-02 18:49:41.259] DIRECT_INTERSECTION ID=10932983: STRUCT_BBOX - Min=(-0.02,-2.06,-3.94), Max=(0.02,2.06,3.94)
[2025-08-02 18:49:41.259] DIRECT_INTERSECTION ID=10932983: NO_INTERSECTION - No intersection found with cable tray centerline
[2025-08-02 18:49:41.260] DIRECT_INTERSECTION ID=10932984: TESTING_ELEMENT - Testing element 22/64: Wall, IsLinked: True
[2025-08-02 18:49:41.261] DIRECT_INTERSECTION ID=10932984: APPLIED_TRANSFORM - Applied linkTransform: Autodesk.Revit.DB.Transform
[2025-08-02 18:49:41.262] DIRECT_INTERSECTION ID=10932984: STRUCT_BBOX - Min=(-2.12,-0.02,-4.02), Max=(2.12,0.02,4.02)
[2025-08-02 18:49:41.263] DIRECT_INTERSECTION ID=10932984: NO_INTERSECTION - No intersection found with cable tray centerline
[2025-08-02 18:49:41.264] DIRECT_INTERSECTION ID=10932996: TESTING_ELEMENT - Testing element 23/64: Wall, IsLinked: True
[2025-08-02 18:49:41.265] DIRECT_INTERSECTION ID=10932996: APPLIED_TRANSFORM - Applied linkTransform: Autodesk.Revit.DB.Transform
[2025-08-02 18:49:41.266] DIRECT_INTERSECTION ID=10932996: STRUCT_BBOX - Min=(-0.69,-0.69,-4.45), Max=(0.69,0.69,4.45)
[2025-08-02 18:49:41.266] DIRECT_INTERSECTION ID=10932996: NO_INTERSECTION - No intersection found with cable tray centerline
[2025-08-02 18:49:41.267] DIRECT_INTERSECTION ID=10932997: TESTING_ELEMENT - Testing element 24/64: Wall, IsLinked: True
[2025-08-02 18:49:41.268] DIRECT_INTERSECTION ID=10932997: APPLIED_TRANSFORM - Applied linkTransform: Autodesk.Revit.DB.Transform
[2025-08-02 18:49:41.269] DIRECT_INTERSECTION ID=10932997: STRUCT_BBOX - Min=(-0.69,-0.69,-4.43), Max=(0.69,0.69,4.43)
[2025-08-02 18:49:41.270] DIRECT_INTERSECTION ID=10932997: NO_INTERSECTION - No intersection found with cable tray centerline
[2025-08-02 18:49:41.271] DIRECT_INTERSECTION ID=10932998: TESTING_ELEMENT - Testing element 25/64: Wall, IsLinked: True
[2025-08-02 18:49:41.272] DIRECT_INTERSECTION ID=10932998: APPLIED_TRANSFORM - Applied linkTransform: Autodesk.Revit.DB.Transform
[2025-08-02 18:49:41.273] DIRECT_INTERSECTION ID=10932998: STRUCT_BBOX - Min=(-0.69,-0.69,-5.13), Max=(0.69,0.69,5.13)
[2025-08-02 18:49:41.274] DIRECT_INTERSECTION ID=10932998: NO_INTERSECTION - No intersection found with cable tray centerline
[2025-08-02 18:49:41.275] DIRECT_INTERSECTION ID=10933003: TESTING_ELEMENT - Testing element 26/64: Wall, IsLinked: True
[2025-08-02 18:49:41.276] DIRECT_INTERSECTION ID=10933003: APPLIED_TRANSFORM - Applied linkTransform: Autodesk.Revit.DB.Transform
[2025-08-02 18:49:41.277] DIRECT_INTERSECTION ID=10933003: STRUCT_BBOX - Min=(-0.08,-0.02,-3.94), Max=(0.08,0.02,3.94)
[2025-08-02 18:49:41.278] DIRECT_INTERSECTION ID=10933003: NO_INTERSECTION - No intersection found with cable tray centerline
[2025-08-02 18:49:41.279] DIRECT_INTERSECTION ID=10933015: TESTING_ELEMENT - Testing element 27/64: Wall, IsLinked: True
[2025-08-02 18:49:41.280] DIRECT_INTERSECTION ID=10933015: APPLIED_TRANSFORM - Applied linkTransform: Autodesk.Revit.DB.Transform
[2025-08-02 18:49:41.281] DIRECT_INTERSECTION ID=10933015: STRUCT_BBOX - Min=(-0.25,-2.10,-1.94), Max=(0.25,2.10,1.94)
[2025-08-02 18:49:41.281] DIRECT_INTERSECTION ID=10933015: NO_INTERSECTION - No intersection found with cable tray centerline
[2025-08-02 18:49:41.282] DIRECT_INTERSECTION ID=10933016: TESTING_ELEMENT - Testing element 28/64: Wall, IsLinked: True
[2025-08-02 18:49:41.283] DIRECT_INTERSECTION ID=10933016: APPLIED_TRANSFORM - Applied linkTransform: Autodesk.Revit.DB.Transform
[2025-08-02 18:49:41.284] DIRECT_INTERSECTION ID=10933016: STRUCT_BBOX - Min=(-0.25,-0.02,-1.97), Max=(0.25,0.02,1.97)
[2025-08-02 18:49:41.285] DIRECT_INTERSECTION ID=10933016: NO_INTERSECTION - No intersection found with cable tray centerline
[2025-08-02 18:49:41.286] DIRECT_INTERSECTION ID=10933017: TESTING_ELEMENT - Testing element 29/64: Wall, IsLinked: True
[2025-08-02 18:49:41.287] DIRECT_INTERSECTION ID=10933017: APPLIED_TRANSFORM - Applied linkTransform: Autodesk.Revit.DB.Transform
[2025-08-02 18:49:41.289] DIRECT_INTERSECTION ID=10933017: STRUCT_BBOX - Min=(-0.33,-0.16,-5.13), Max=(0.33,0.16,5.13)
[2025-08-02 18:49:41.290] DIRECT_INTERSECTION ID=10933017: NO_INTERSECTION - No intersection found with cable tray centerline
[2025-08-02 18:49:41.290] DIRECT_INTERSECTION ID=10933024: TESTING_ELEMENT - Testing element 30/64: Wall, IsLinked: True
[2025-08-02 18:49:41.292] DIRECT_INTERSECTION ID=10933024: APPLIED_TRANSFORM - Applied linkTransform: Autodesk.Revit.DB.Transform
[2025-08-02 18:49:41.293] DIRECT_INTERSECTION ID=10933024: STRUCT_BBOX - Min=(-0.02,-0.11,-3.94), Max=(0.02,0.11,3.94)
[2025-08-02 18:49:41.294] DIRECT_INTERSECTION ID=10933024: NO_INTERSECTION - No intersection found with cable tray centerline
[2025-08-02 18:49:41.294] DIRECT_INTERSECTION ID=10933025: TESTING_ELEMENT - Testing element 31/64: Wall, IsLinked: True
[2025-08-02 18:49:41.296] DIRECT_INTERSECTION ID=10933025: APPLIED_TRANSFORM - Applied linkTransform: Autodesk.Revit.DB.Transform
[2025-08-02 18:49:41.296] DIRECT_INTERSECTION ID=10933025: STRUCT_BBOX - Min=(-0.70,-0.76,-5.13), Max=(0.70,0.76,5.13)
[2025-08-02 18:49:41.297] DIRECT_INTERSECTION ID=10933025: NO_INTERSECTION - No intersection found with cable tray centerline
[2025-08-02 18:49:41.298] DIRECT_INTERSECTION ID=10933057: TESTING_ELEMENT - Testing element 32/64: Wall, IsLinked: True
[2025-08-02 18:49:41.300] DIRECT_INTERSECTION ID=10933057: APPLIED_TRANSFORM - Applied linkTransform: Autodesk.Revit.DB.Transform
[2025-08-02 18:49:41.301] DIRECT_INTERSECTION ID=10933057: STRUCT_BBOX - Min=(-0.01,-6.22,-4.10), Max=(0.01,6.22,4.10)
[2025-08-02 18:49:41.302] DIRECT_INTERSECTION ID=10933057: NO_INTERSECTION - No intersection found with cable tray centerline
[2025-08-02 18:49:41.302] DIRECT_INTERSECTION ID=10933073: TESTING_ELEMENT - Testing element 33/64: Wall, IsLinked: True
[2025-08-02 18:49:41.303] DIRECT_INTERSECTION ID=10933073: APPLIED_TRANSFORM - Applied linkTransform: Autodesk.Revit.DB.Transform
[2025-08-02 18:49:41.304] DIRECT_INTERSECTION ID=10933073: STRUCT_BBOX - Min=(-0.02,-7.07,-0.02), Max=(0.02,7.07,0.02)
[2025-08-02 18:49:41.305] DIRECT_INTERSECTION ID=10933073: NO_INTERSECTION - No intersection found with cable tray centerline
[2025-08-02 18:49:41.306] DIRECT_INTERSECTION ID=10933083: TESTING_ELEMENT - Testing element 34/64: Wall, IsLinked: True
[2025-08-02 18:49:41.307] DIRECT_INTERSECTION ID=10933083: APPLIED_TRANSFORM - Applied linkTransform: Autodesk.Revit.DB.Transform
[2025-08-02 18:49:41.308] DIRECT_INTERSECTION ID=10933083: STRUCT_BBOX - Min=(-0.16,-0.02,-3.94), Max=(0.16,0.02,3.94)
[2025-08-02 18:49:41.309] DIRECT_INTERSECTION ID=10933083: NO_INTERSECTION - No intersection found with cable tray centerline
[2025-08-02 18:49:41.310] DIRECT_INTERSECTION ID=10933084: TESTING_ELEMENT - Testing element 35/64: Wall, IsLinked: True
[2025-08-02 18:49:41.311] DIRECT_INTERSECTION ID=10933084: APPLIED_TRANSFORM - Applied linkTransform: Autodesk.Revit.DB.Transform
[2025-08-02 18:49:41.312] DIRECT_INTERSECTION ID=10933084: STRUCT_BBOX - Min=(-0.16,-5.03,-5.25), Max=(0.16,5.03,5.25)
[2025-08-02 18:49:41.313] DIRECT_INTERSECTION ID=10933084: NO_INTERSECTION - No intersection found with cable tray centerline
[2025-08-02 18:49:41.313] DIRECT_INTERSECTION ID=10933085: TESTING_ELEMENT - Testing element 36/64: Wall, IsLinked: True
[2025-08-02 18:49:41.314] DIRECT_INTERSECTION ID=10933085: APPLIED_TRANSFORM - Applied linkTransform: Autodesk.Revit.DB.Transform
[2025-08-02 18:49:41.315] DIRECT_INTERSECTION ID=10933085: STRUCT_BBOX - Min=(-0.16,-1.02,-5.30), Max=(0.16,1.02,5.30)
[2025-08-02 18:49:41.316] DIRECT_INTERSECTION ID=10933085: NO_INTERSECTION - No intersection found with cable tray centerline
[2025-08-02 18:49:41.317] DIRECT_INTERSECTION ID=10933095: TESTING_ELEMENT - Testing element 37/64: Wall, IsLinked: True
[2025-08-02 18:49:41.318] DIRECT_INTERSECTION ID=10933095: APPLIED_TRANSFORM - Applied linkTransform: Autodesk.Revit.DB.Transform
[2025-08-02 18:49:41.319] DIRECT_INTERSECTION ID=10933095: STRUCT_BBOX - Min=(-0.15,-0.08,-5.13), Max=(0.15,0.08,5.13)
[2025-08-02 18:49:41.320] DIRECT_INTERSECTION ID=10933095: NO_INTERSECTION - No intersection found with cable tray centerline
[2025-08-02 18:49:41.321] DIRECT_INTERSECTION ID=10933096: TESTING_ELEMENT - Testing element 38/64: Wall, IsLinked: True
[2025-08-02 18:49:41.322] DIRECT_INTERSECTION ID=10933096: APPLIED_TRANSFORM - Applied linkTransform: Autodesk.Revit.DB.Transform
[2025-08-02 18:49:41.323] DIRECT_INTERSECTION ID=10933096: STRUCT_BBOX - Min=(-0.15,-0.01,-0.02), Max=(0.15,0.01,0.02)
[2025-08-02 18:49:41.324] DIRECT_INTERSECTION ID=10933096: NO_INTERSECTION - No intersection found with cable tray centerline
[2025-08-02 18:49:41.324] DIRECT_INTERSECTION ID=10933101: TESTING_ELEMENT - Testing element 39/64: Wall, IsLinked: True
[2025-08-02 18:49:41.325] DIRECT_INTERSECTION ID=10933101: APPLIED_TRANSFORM - Applied linkTransform: Autodesk.Revit.DB.Transform
[2025-08-02 18:49:41.326] DIRECT_INTERSECTION ID=10933101: STRUCT_BBOX - Min=(-0.01,-0.34,-0.02), Max=(0.01,0.34,0.02)
[2025-08-02 18:49:41.327] DIRECT_INTERSECTION ID=10933101: NO_INTERSECTION - No intersection found with cable tray centerline
[2025-08-02 18:49:41.328] DIRECT_INTERSECTION ID=10933104: TESTING_ELEMENT - Testing element 40/64: Wall, IsLinked: True
[2025-08-02 18:49:41.329] DIRECT_INTERSECTION ID=10933104: APPLIED_TRANSFORM - Applied linkTransform: Autodesk.Revit.DB.Transform
[2025-08-02 18:49:41.330] DIRECT_INTERSECTION ID=10933104: STRUCT_BBOX - Min=(-0.16,-0.08,-5.13), Max=(0.16,0.08,5.13)
[2025-08-02 18:49:41.331] DIRECT_INTERSECTION ID=10933104: NO_INTERSECTION - No intersection found with cable tray centerline
[2025-08-02 18:49:41.332] DIRECT_INTERSECTION ID=10933105: TESTING_ELEMENT - Testing element 41/64: Wall, IsLinked: True
[2025-08-02 18:49:41.334] DIRECT_INTERSECTION ID=10933105: APPLIED_TRANSFORM - Applied linkTransform: Autodesk.Revit.DB.Transform
[2025-08-02 18:49:41.335] DIRECT_INTERSECTION ID=10933105: STRUCT_BBOX - Min=(-0.08,-1.27,-3.63), Max=(0.08,1.27,3.63)
[2025-08-02 18:49:41.336] DIRECT_INTERSECTION ID=10933105: NO_INTERSECTION - No intersection found with cable tray centerline
[2025-08-02 18:49:41.337] DIRECT_INTERSECTION ID=10933126: TESTING_ELEMENT - Testing element 42/64: Wall, IsLinked: True
[2025-08-02 18:49:41.338] DIRECT_INTERSECTION ID=10933126: APPLIED_TRANSFORM - Applied linkTransform: Autodesk.Revit.DB.Transform
[2025-08-02 18:49:41.339] DIRECT_INTERSECTION ID=10933126: STRUCT_BBOX - Min=(-0.02,-0.85,-4.43), Max=(0.02,0.85,4.43)
[2025-08-02 18:49:41.340] DIRECT_INTERSECTION ID=10933126: NO_INTERSECTION - No intersection found with cable tray centerline
[2025-08-02 18:49:41.341] DIRECT_INTERSECTION ID=10933127: TESTING_ELEMENT - Testing element 43/64: Wall, IsLinked: True
[2025-08-02 18:49:41.343] DIRECT_INTERSECTION ID=10933127: APPLIED_TRANSFORM - Applied linkTransform: Autodesk.Revit.DB.Transform
[2025-08-02 18:49:41.344] DIRECT_INTERSECTION ID=10933127: STRUCT_BBOX - Min=(-0.02,-0.26,-4.43), Max=(0.02,0.26,4.43)
[2025-08-02 18:49:41.345] DIRECT_INTERSECTION ID=10933127: NO_INTERSECTION - No intersection found with cable tray centerline
[2025-08-02 18:49:41.346] DIRECT_INTERSECTION ID=10933139: TESTING_ELEMENT - Testing element 44/64: Wall, IsLinked: True
[2025-08-02 18:49:41.347] DIRECT_INTERSECTION ID=10933139: APPLIED_TRANSFORM - Applied linkTransform: Autodesk.Revit.DB.Transform
[2025-08-02 18:49:41.355] DIRECT_INTERSECTION ID=10933139: STRUCT_BBOX - Min=(-3.46,-0.16,-5.25), Max=(3.46,0.16,5.25)
[2025-08-02 18:49:41.356] DIRECT_INTERSECTION ID=10933139: NO_INTERSECTION - No intersection found with cable tray centerline
[2025-08-02 18:49:41.357] DIRECT_INTERSECTION ID=10933146: TESTING_ELEMENT - Testing element 45/64: Wall, IsLinked: True
[2025-08-02 18:49:41.358] DIRECT_INTERSECTION ID=10933146: APPLIED_TRANSFORM - Applied linkTransform: Autodesk.Revit.DB.Transform
[2025-08-02 18:49:41.359] DIRECT_INTERSECTION ID=10933146: STRUCT_BBOX - Min=(-3.28,-0.02,-4.35), Max=(3.28,0.02,4.35)
[2025-08-02 18:49:41.360] DIRECT_INTERSECTION ID=10933146: NO_INTERSECTION - No intersection found with cable tray centerline
[2025-08-02 18:49:41.361] DIRECT_INTERSECTION ID=10933148: TESTING_ELEMENT - Testing element 46/64: Wall, IsLinked: True
[2025-08-02 18:49:41.362] DIRECT_INTERSECTION ID=10933148: APPLIED_TRANSFORM - Applied linkTransform: Autodesk.Revit.DB.Transform
[2025-08-02 18:49:41.363] DIRECT_INTERSECTION ID=10933148: STRUCT_BBOX - Min=(-3.44,-0.01,-0.02), Max=(3.44,0.01,0.02)
[2025-08-02 18:49:41.364] DIRECT_INTERSECTION ID=10933148: NO_INTERSECTION - No intersection found with cable tray centerline
[2025-08-02 18:49:41.365] DIRECT_INTERSECTION ID=10933151: TESTING_ELEMENT - Testing element 47/64: Wall, IsLinked: True
[2025-08-02 18:49:41.365] DIRECT_INTERSECTION ID=10933151: APPLIED_TRANSFORM - Applied linkTransform: Autodesk.Revit.DB.Transform
[2025-08-02 18:49:41.366] DIRECT_INTERSECTION ID=10933151: STRUCT_BBOX - Min=(-0.29,-0.08,-5.13), Max=(0.29,0.08,5.13)
[2025-08-02 18:49:41.367] DIRECT_INTERSECTION ID=10933151: NO_INTERSECTION - No intersection found with cable tray centerline
[2025-08-02 18:49:41.368] DIRECT_INTERSECTION ID=10933155: TESTING_ELEMENT - Testing element 48/64: Wall, IsLinked: True
[2025-08-02 18:49:41.369] DIRECT_INTERSECTION ID=10933155: APPLIED_TRANSFORM - Applied linkTransform: Autodesk.Revit.DB.Transform
[2025-08-02 18:49:41.370] DIRECT_INTERSECTION ID=10933155: STRUCT_BBOX - Min=(-0.35,-0.25,-5.13), Max=(0.35,0.25,5.13)
[2025-08-02 18:49:41.371] DIRECT_INTERSECTION ID=10933155: NO_INTERSECTION - No intersection found with cable tray centerline
[2025-08-02 18:49:41.371] DIRECT_INTERSECTION ID=10933156: TESTING_ELEMENT - Testing element 49/64: Wall, IsLinked: True
[2025-08-02 18:49:41.372] DIRECT_INTERSECTION ID=10933156: APPLIED_TRANSFORM - Applied linkTransform: Autodesk.Revit.DB.Transform
[2025-08-02 18:49:41.373] DIRECT_INTERSECTION ID=10933156: STRUCT_BBOX - Min=(-0.35,-0.25,-5.13), Max=(0.35,0.25,5.13)
[2025-08-02 18:49:41.374] DIRECT_INTERSECTION ID=10933156: NO_INTERSECTION - No intersection found with cable tray centerline
[2025-08-02 18:49:41.375] DIRECT_INTERSECTION ID=10933159: TESTING_ELEMENT - Testing element 50/64: Wall, IsLinked: True
[2025-08-02 18:49:41.376] DIRECT_INTERSECTION ID=10933159: APPLIED_TRANSFORM - Applied linkTransform: Autodesk.Revit.DB.Transform
[2025-08-02 18:49:41.377] DIRECT_INTERSECTION ID=10933159: STRUCT_BBOX - Min=(-0.37,-0.08,-5.13), Max=(0.37,0.08,5.13)
[2025-08-02 18:49:41.378] DIRECT_INTERSECTION ID=10933159: NO_INTERSECTION - No intersection found with cable tray centerline
[2025-08-02 18:49:41.379] DIRECT_INTERSECTION ID=10933164: TESTING_ELEMENT - Testing element 51/64: Wall, IsLinked: True
[2025-08-02 18:49:41.380] DIRECT_INTERSECTION ID=10933164: APPLIED_TRANSFORM - Applied linkTransform: Autodesk.Revit.DB.Transform
[2025-08-02 18:49:41.381] DIRECT_INTERSECTION ID=10933164: STRUCT_BBOX - Min=(-0.08,-0.82,-5.13), Max=(0.08,0.82,5.13)
[2025-08-02 18:49:41.381] DIRECT_INTERSECTION ID=10933164: NO_INTERSECTION - No intersection found with cable tray centerline
[2025-08-02 18:49:41.382] DIRECT_INTERSECTION ID=10933171: TESTING_ELEMENT - Testing element 52/64: Wall, IsLinked: True
[2025-08-02 18:49:41.383] DIRECT_INTERSECTION ID=10933171: APPLIED_TRANSFORM - Applied linkTransform: Autodesk.Revit.DB.Transform
[2025-08-02 18:49:41.384] DIRECT_INTERSECTION ID=10933171: STRUCT_BBOX - Min=(-0.37,-0.08,-5.13), Max=(0.37,0.08,5.13)
[2025-08-02 18:49:41.385] DIRECT_INTERSECTION ID=10933171: NO_INTERSECTION - No intersection found with cable tray centerline
[2025-08-02 18:49:41.386] DIRECT_INTERSECTION ID=10933172: TESTING_ELEMENT - Testing element 53/64: Wall, IsLinked: True
[2025-08-02 18:49:41.387] DIRECT_INTERSECTION ID=10933172: APPLIED_TRANSFORM - Applied linkTransform: Autodesk.Revit.DB.Transform
[2025-08-02 18:49:41.388] DIRECT_INTERSECTION ID=10933172: STRUCT_BBOX - Min=(-0.38,-0.01,-0.02), Max=(0.38,0.01,0.02)
[2025-08-02 18:49:41.389] DIRECT_INTERSECTION ID=10933172: NO_INTERSECTION - No intersection found with cable tray centerline
[2025-08-02 18:49:41.390] DIRECT_INTERSECTION ID=10933176: TESTING_ELEMENT - Testing element 54/64: Wall, IsLinked: True
[2025-08-02 18:49:41.392] DIRECT_INTERSECTION ID=10933176: APPLIED_TRANSFORM - Applied linkTransform: Autodesk.Revit.DB.Transform
[2025-08-02 18:49:41.393] DIRECT_INTERSECTION ID=10933176: STRUCT_BBOX - Min=(-0.25,-1.11,-5.13), Max=(0.25,1.11,5.13)
[2025-08-02 18:49:41.394] DIRECT_INTERSECTION ID=10933176: NO_INTERSECTION - No intersection found with cable tray centerline
[2025-08-02 18:49:41.395] DIRECT_INTERSECTION ID=10933177: TESTING_ELEMENT - Testing element 55/64: Wall, IsLinked: True
[2025-08-02 18:49:41.396] DIRECT_INTERSECTION ID=10933177: APPLIED_TRANSFORM - Applied linkTransform: Autodesk.Revit.DB.Transform
[2025-08-02 18:49:41.397] DIRECT_INTERSECTION ID=10933177: STRUCT_BBOX - Min=(-0.08,-2.22,-5.13), Max=(0.08,2.22,5.13)
[2025-08-02 18:49:41.398] DIRECT_INTERSECTION ID=10933177: NO_INTERSECTION - No intersection found with cable tray centerline
[2025-08-02 18:49:41.398] DIRECT_INTERSECTION ID=10933178: TESTING_ELEMENT - Testing element 56/64: Wall, IsLinked: True
[2025-08-02 18:49:41.400] DIRECT_INTERSECTION ID=10933178: APPLIED_TRANSFORM - Applied linkTransform: Autodesk.Revit.DB.Transform
[2025-08-02 18:49:41.401] DIRECT_INTERSECTION ID=10933178: STRUCT_BBOX - Min=(-0.01,-1.71,-0.02), Max=(0.01,1.71,0.02)
[2025-08-02 18:49:41.402] DIRECT_INTERSECTION ID=10933178: NO_INTERSECTION - No intersection found with cable tray centerline
[2025-08-02 18:49:41.403] DIRECT_INTERSECTION ID=10933182: TESTING_ELEMENT - Testing element 57/64: Wall, IsLinked: True
[2025-08-02 18:49:41.404] DIRECT_INTERSECTION ID=10933182: APPLIED_TRANSFORM - Applied linkTransform: Autodesk.Revit.DB.Transform
[2025-08-02 18:49:41.405] DIRECT_INTERSECTION ID=10933182: STRUCT_BBOX - Min=(-0.01,-2.56,-3.94), Max=(0.01,2.56,3.94)
[2025-08-02 18:49:41.406] DIRECT_INTERSECTION ID=10933182: NO_INTERSECTION - No intersection found with cable tray centerline
[2025-08-02 18:49:41.407] DIRECT_INTERSECTION ID=10933186: TESTING_ELEMENT - Testing element 58/64: Wall, IsLinked: True
[2025-08-02 18:49:41.408] DIRECT_INTERSECTION ID=10933186: APPLIED_TRANSFORM - Applied linkTransform: Autodesk.Revit.DB.Transform
[2025-08-02 18:49:41.409] DIRECT_INTERSECTION ID=10933186: STRUCT_BBOX - Min=(-0.08,-1.53,-5.13), Max=(0.08,1.53,5.13)
[2025-08-02 18:49:41.410] DIRECT_INTERSECTION ID=10933186: NO_INTERSECTION - No intersection found with cable tray centerline
[2025-08-02 18:49:41.411] DIRECT_INTERSECTION ID=10933187: TESTING_ELEMENT - Testing element 59/64: Wall, IsLinked: True
[2025-08-02 18:49:41.412] DIRECT_INTERSECTION ID=10933187: APPLIED_TRANSFORM - Applied linkTransform: Autodesk.Revit.DB.Transform
[2025-08-02 18:49:41.413] DIRECT_INTERSECTION ID=10933187: STRUCT_BBOX - Min=(-0.01,-2.42,-0.02), Max=(0.01,2.42,0.02)
[2025-08-02 18:49:41.414] DIRECT_INTERSECTION ID=10933187: NO_INTERSECTION - No intersection found with cable tray centerline
[2025-08-02 18:49:41.415] DIRECT_INTERSECTION ID=10933190: TESTING_ELEMENT - Testing element 60/64: Wall, IsLinked: True
[2025-08-02 18:49:41.417] DIRECT_INTERSECTION ID=10933190: APPLIED_TRANSFORM - Applied linkTransform: Autodesk.Revit.DB.Transform
[2025-08-02 18:49:41.418] DIRECT_INTERSECTION ID=10933190: STRUCT_BBOX - Min=(-0.38,-0.01,-0.02), Max=(0.38,0.01,0.02)
[2025-08-02 18:49:41.419] DIRECT_INTERSECTION ID=10933190: NO_INTERSECTION - No intersection found with cable tray centerline
[2025-08-02 18:49:41.419] DIRECT_INTERSECTION ID=10933200: TESTING_ELEMENT - Testing element 61/64: Wall, IsLinked: True
[2025-08-02 18:49:41.420] DIRECT_INTERSECTION ID=10933200: APPLIED_TRANSFORM - Applied linkTransform: Autodesk.Revit.DB.Transform
[2025-08-02 18:49:41.421] DIRECT_INTERSECTION ID=10933200: STRUCT_BBOX - Min=(-0.02,-0.08,-3.94), Max=(0.02,0.08,3.94)
[2025-08-02 18:49:41.422] DIRECT_INTERSECTION ID=10933200: NO_INTERSECTION - No intersection found with cable tray centerline
[2025-08-02 18:49:41.423] DIRECT_INTERSECTION ID=10933202: TESTING_ELEMENT - Testing element 62/64: Wall, IsLinked: True
[2025-08-02 18:49:41.424] DIRECT_INTERSECTION ID=10933202: NO_SOLID - No solid geometry found in structural element
[2025-08-02 18:49:41.425] DIRECT_INTERSECTION ID=10933207: TESTING_ELEMENT - Testing element 63/64: Wall, IsLinked: True
[2025-08-02 18:49:41.426] DIRECT_INTERSECTION ID=10933207: APPLIED_TRANSFORM - Applied linkTransform: Autodesk.Revit.DB.Transform
[2025-08-02 18:49:41.427] DIRECT_INTERSECTION ID=10933207: STRUCT_BBOX - Min=(-0.01,-0.80,-4.10), Max=(0.01,0.80,4.10)
[2025-08-02 18:49:41.429] DIRECT_INTERSECTION ID=10933207: NO_INTERSECTION - No intersection found with cable tray centerline
[2025-08-02 18:49:41.429] DIRECT_INTERSECTION ID=10933210: TESTING_ELEMENT - Testing element 64/64: Wall, IsLinked: True
[2025-08-02 18:49:41.430] DIRECT_INTERSECTION ID=10933210: APPLIED_TRANSFORM - Applied linkTransform: Autodesk.Revit.DB.Transform
[2025-08-02 18:49:41.431] DIRECT_INTERSECTION ID=10933210: STRUCT_BBOX - Min=(-0.08,-1.07,-1.49), Max=(0.08,1.07,1.49)
[2025-08-02 18:49:41.433] DIRECT_INTERSECTION ID=10933210: NO_INTERSECTION - No intersection found with cable tray centerline
[2025-08-02 18:49:41.433] DIRECT_INTERSECTION ID=1874033: INTERSECTION_COMPLETE - Tested 64 elements, found 2 intersections
[2025-08-02 18:49:41.434] DEBUG_WALLS ID=1874033: WALL_SOLID_RESULT - Direct solid method found 2 wall intersections
[2025-08-02 18:49:41.516] SYSTEM ID=0: PROCESSING STARTED - Total cable trays to process: 13
[2025-08-02 18:49:41.567] WALLS ID=2082316: STRUCTURAL DETECTED - Hit by cable tray 1874033
[2025-08-02 18:49:41.568] CABLETRAY-STRUCTURAL INTERSECTION ID=0: INTERSECTION_DETAILS - CableTray ID=1874033, Structural ID=2082316, Position=(105.261750351, 44.291338671, 60.744750656)
[2025-08-02 18:49:41.797] WALLS ID=10933084: STRUCTURAL DETECTED - Hit by cable tray 1874043
[2025-08-02 18:49:41.798] CABLETRAY-STRUCTURAL INTERSECTION ID=0: INTERSECTION_DETAILS - CableTray ID=1874043, Structural ID=10933084, Position=(104.237790398, 36.472706423, 60.744750656)
[2025-08-02 18:49:42.001] WALLS ID=2082316: STRUCTURAL DETECTED - Hit by cable tray 1874995
[2025-08-02 18:49:42.002] CABLETRAY-STRUCTURAL INTERSECTION ID=0: INTERSECTION_DETAILS - CableTray ID=1874995, Structural ID=2082316, Position=(105.684448127, 44.291338671, 60.744750656)
[2025-08-02 18:49:42.200] WALLS ID=10933084: STRUCTURAL DETECTED - Hit by cable tray 1875003
[2025-08-02 18:49:42.201] CABLETRAY-STRUCTURAL INTERSECTION ID=0: INTERSECTION_DETAILS - CableTray ID=1875003, Structural ID=10933084, Position=(104.237790398, 35.852629870, 60.744750656)
[2025-08-02 18:49:42.402] WALLS ID=10933172: ELEMENT DETECTED - Hit by cable tray 1935283
[2025-08-02 18:49:42.403] CABLETRAY-WALL INTERSECTION ID=0: INTERSECTION_DETAILS - CableTray ID=1935283, Wall ID=10933172, Position=(110.012439698, 21.499344008, 58.448162730)
[2025-08-02 18:49:42.577] WALLS ID=10933172: ELEMENT DETECTED - Hit by cable tray 1935473
[2025-08-02 18:49:42.578] CABLETRAY-WALL INTERSECTION ID=0: INTERSECTION_DETAILS - CableTray ID=1935473, Wall ID=10933172, Position=(109.988665861, 21.499344008, 58.448162730)
[2025-08-02 18:49:42.636] WALLS ID=10933172: SLEEVE_FAILED - Reason: Existing sleeve found at location
[2025-08-02 18:49:42.668] WALLS ID=2700957: STRUCTURAL DETECTED - Hit by cable tray 1951625
[2025-08-02 18:49:42.669] CABLETRAY-STRUCTURAL INTERSECTION ID=0: INTERSECTION_DETAILS - CableTray ID=1951625, Structural ID=2700957, Position=(97.112860892, 22.060818482, 60.810730318)
[2025-08-02 18:49:42.876] WALLS ID=2700957: STRUCTURAL DETECTED - Hit by cable tray 1951626
[2025-08-02 18:49:42.877] CABLETRAY-STRUCTURAL INTERSECTION ID=0: INTERSECTION_DETAILS - CableTray ID=1951626, Structural ID=2700957, Position=(97.112860892, 22.724139449, 60.810730318)
[2025-08-02 18:49:43.050] WALLS ID=2700957: STRUCTURAL DETECTED - Hit by cable tray 1953336
[2025-08-02 18:49:43.051] CABLETRAY-STRUCTURAL INTERSECTION ID=0: INTERSECTION_DETAILS - CableTray ID=1953336, Structural ID=2700957, Position=(97.112860892, 24.052223439, 60.810730318)
[2025-08-02 18:49:43.213] FLOORS ID=1713828: STRUCTURAL DETECTED - Hit by cable tray 1953384
[2025-08-02 18:49:43.214] CABLETRAY-STRUCTURAL INTERSECTION ID=0: INTERSECTION_DETAILS - CableTray ID=1953384, Structural ID=1713828, Position=(106.969486514, 25.145670788, 62.212926509)
[2025-08-02 18:49:43.248] FLOORS ID=1713828: STRUCTURAL DETECTED - Hit by cable tray 1953421
[2025-08-02 18:49:43.249] CABLETRAY-STRUCTURAL INTERSECTION ID=0: INTERSECTION_DETAILS - CableTray ID=1953421, Structural ID=1713828, Position=(107.533334452, 25.131574589, 62.212926509)
[2025-08-02 18:49:43.282] FLOORS ID=1713828: STRUCTURAL DETECTED - Hit by cable tray 1953426
[2025-08-02 18:49:43.283] CABLETRAY-STRUCTURAL INTERSECTION ID=0: INTERSECTION_DETAILS - CableTray ID=1953426, Structural ID=1713828, Position=(107.223218086, 28.105872462, 62.212926509)
[2025-08-02 18:49:43.286] WALLS ID=10933073: ELEMENT DETECTED - Hit by cable tray 1953426
[2025-08-02 18:49:43.287] CABLETRAY-WALL INTERSECTION ID=0: INTERSECTION_DETAILS - CableTray ID=1953426, Wall ID=10933073, Position=(107.223218086, 28.105872462, 63.784618355)
[2025-08-02 18:49:43.414] FLOORS ID=1713828: STRUCTURAL DETECTED - Hit by cable tray 2142742
[2025-08-02 18:49:43.415] CABLETRAY-STRUCTURAL INTERSECTION ID=0: INTERSECTION_DETAILS - CableTray ID=2142742, Structural ID=1713828, Position=(106.848044906, 26.601182763, 62.212926509)

[2025-08-02 18:49:43.444] ===== CABLETRAYSLEEVECOMMAND STRUCTURAL ELEMENTS SUMMARY =====
Total Elements Processed: 13
Structural Elements Detected: 11
Sleeves Successfully Placed: 7
Placement Failures: 4
Success Rate: 63.6%
=========================================

[2025-08-02 18:49:43.445] SYSTEM ID=0: COMMAND COMPLETED - Structural sleeve placement finished. Log file: c:\JSE_CSharp_Projects\JSE_RevitAddin_MEP_OPENINGS\JSE_RevitAddin_MEP_OPENINGS\Logs\StructuralElements_SleeveLog_20250802_184941.log
