===== STRUCTURAL ELEMENTS SLEEVE PLACEMENT LOG =====
Session Started: 2025-08-04 13:10:08
Log File: StructuralElements_SleeveLog_20250804_131008.log
JSE RevitAddin MEP Openings - Structural Elements Support
====================================================

[2025-08-04 13:10:08.767] DIAGNOSTIC ID=0: CT_FAMILY_SEARCH - Found 110 family symbols in project
[2025-08-04 13:10:08.769] DIAGNOSTIC ID=1049: CT_FAMILY_FOUND - Family: Section Head - Filled, Symbol: Section Head - Filled
[2025-08-04 13:10:08.773] DIAGNOSTIC ID=16216: CT_FAMILY_FOUND - Family: Rectangular Handrail, Symbol: 50 x 50mm
[2025-08-04 13:10:08.775] DIAGNOSTIC ID=28045: CT_FAMILY_FOUND - Family: Section Tail - Filled, Symbol: Section Tail - Filled
[2025-08-04 13:10:08.777] DIAGNOSTIC ID=112441: CT_FAMILY_FOUND - Family: Rectangular Union, Symbol: Standard
[2025-08-04 13:10:08.778] DIAGNOSTIC ID=498585: CT_FAMILY_FOUND - Family: Rectangular Medium Radius Bend - Flanged, Symbol: Standard
[2025-08-04 13:10:08.779] DIAGNOSTIC ID=498587: CT_FAMILY_FOUND - Family: Rectangular Square Tee - Flanged, Symbol: Standard
[2025-08-04 13:10:08.781] DIAGNOSTIC ID=498589: CT_FAMILY_FOUND - Family: Rectangular Shoe Branch - Flanged, Symbol: Standard
[2025-08-04 13:10:08.782] DIAGNOSTIC ID=498591: CT_FAMILY_FOUND - Family: Rectangular Concentric Taper - Flanged, Symbol: Standard
[2025-08-04 13:10:08.783] DIAGNOSTIC ID=498593: CT_FAMILY_FOUND - Family: Rectangular - Round Transformation - Flanged, Symbol: Standard
[2025-08-04 13:10:08.784] DIAGNOSTIC ID=499382: CT_FAMILY_FOUND - Family: Rectangular Blank End, Symbol: Standard
[2025-08-04 13:10:08.786] SUCCESS ID=2124183: CT_FAMILY_FOUND - Using cable tray wall sleeve family: CableTrayOpeningOnWall, Symbol: CT#
[2025-08-04 13:10:08.787] SUCCESS ID=2126788: CT_FAMILY_FOUND - Using cable tray slab sleeve family: CabletrayOpeningOnSlab, Symbol: CT#
[2025-08-04 13:10:08.927] SYSTEM ID=0: PROCESSING STARTED - Total cable trays to process: 5
[2025-08-04 13:10:09.024] WALLS ID=10933148: ELEMENT DETECTED - Hit by cable tray 1953336
[2025-08-04 13:10:09.025] CABLETRAY-WALL INTERSECTION ID=0: INTERSECTION_DETAILS - CableTray ID=1953336, Wall ID=10933148, Position=(99.170878019, 31.523595942, 60.810730318)
[2025-08-04 13:10:09.101] WALLS ID=10933148: SLEEVE_FAILED - Reason: Existing sleeve found at location
[2025-08-04 13:10:09.208] FLOORS ID=1713828: STRUCTURAL DETECTED - Hit by cable tray 1953384
[2025-08-04 13:10:09.209] CABLETRAY-STRUCTURAL INTERSECTION ID=0: INTERSECTION_DETAILS - CableTray ID=1953384, Structural ID=1713828, Position=(106.969486514, 25.145670788, 62.212926509)
[2025-08-04 13:10:09.214] FLOORS ID=10934404: STRUCTURAL DETECTED - Hit by cable tray 1953384
[2025-08-04 13:10:09.216] CABLETRAY-STRUCTURAL INTERSECTION ID=0: INTERSECTION_DETAILS - CableTray ID=1953384, Structural ID=10934404, Position=(106.969486514, 25.145670788, 61.663385827)
[2025-08-04 13:10:09.517] FLOORS ID=1713828: STRUCTURAL DETECTED - Hit by cable tray 1953421
[2025-08-04 13:10:09.518] CABLETRAY-STRUCTURAL INTERSECTION ID=0: INTERSECTION_DETAILS - CableTray ID=1953421, Structural ID=1713828, Position=(107.533334452, 25.131574589, 62.212926509)
[2025-08-04 13:10:09.521] FLOORS ID=10934404: STRUCTURAL DETECTED - Hit by cable tray 1953421
[2025-08-04 13:10:09.522] CABLETRAY-STRUCTURAL INTERSECTION ID=0: INTERSECTION_DETAILS - CableTray ID=1953421, Structural ID=10934404, Position=(107.533334452, 25.131574589, 61.663385827)
[2025-08-04 13:10:09.783] FLOORS ID=1713828: STRUCTURAL DETECTED - Hit by cable tray 1953426
[2025-08-04 13:10:09.784] CABLETRAY-STRUCTURAL INTERSECTION ID=0: INTERSECTION_DETAILS - CableTray ID=1953426, Structural ID=1713828, Position=(107.223218086, 28.105872462, 62.212926509)
[2025-08-04 13:10:09.787] FLOORS ID=10934404: STRUCTURAL DETECTED - Hit by cable tray 1953426
[2025-08-04 13:10:09.788] CABLETRAY-STRUCTURAL INTERSECTION ID=0: INTERSECTION_DETAILS - CableTray ID=1953426, Structural ID=10934404, Position=(107.223218086, 28.105872462, 61.663385827)
[2025-08-04 13:10:10.053] FLOORS ID=1713828: STRUCTURAL DETECTED - Hit by cable tray 2142742
[2025-08-04 13:10:10.055] CABLETRAY-STRUCTURAL INTERSECTION ID=0: INTERSECTION_DETAILS - CableTray ID=2142742, Structural ID=1713828, Position=(106.848044906, 26.601182763, 62.212926509)
[2025-08-04 13:10:10.060] FLOORS ID=10934404: STRUCTURAL DETECTED - Hit by cable tray 2142742
[2025-08-04 13:10:10.062] CABLETRAY-STRUCTURAL INTERSECTION ID=0: INTERSECTION_DETAILS - CableTray ID=2142742, Structural ID=10934404, Position=(106.848044906, 26.601182763, 61.663385827)

[2025-08-04 13:10:10.268] ===== CABLETRAYSLEEVECOMMAND STRUCTURAL ELEMENTS SUMMARY =====
Total Elements Processed: 5
Structural Elements Detected: 8
Sleeves Successfully Placed: 4
Placement Failures: 4
Success Rate: 50.0%
=========================================

[2025-08-04 13:10:10.269] SYSTEM ID=0: COMMAND COMPLETED - Structural sleeve placement finished. Log file: c:\JSE_CSharp_Projects\JSE_RevitAddin_MEP_OPENINGS\JSE_RevitAddin_MEP_OPENINGS\Logs\StructuralElements_SleeveLog_20250804_131008.log
