===== STRUCTURAL ELEMENTS SLEEVE PLACEMENT LOG =====
Session Started: 2025-08-04 13:33:46
Log File: StructuralElements_SleeveLog_20250804_133346.log
JSE RevitAddin MEP Openings - Structural Elements Support
====================================================

[2025-08-04 13:33:46.130] DIAGNOSTIC ID=0: CT_FAMILY_SEARCH - Found 110 family symbols in project
[2025-08-04 13:33:46.132] DIAGNOSTIC ID=1049: CT_FAMILY_FOUND - Family: Section Head - Filled, Symbol: Section Head - Filled
[2025-08-04 13:33:46.132] DIAGNOSTIC ID=16216: CT_FAMILY_FOUND - Family: Rectangular Handrail, Symbol: 50 x 50mm
[2025-08-04 13:33:46.133] DIAGNOSTIC ID=28045: CT_FAMILY_FOUND - Family: Section Tail - Filled, Symbol: Section Tail - Filled
[2025-08-04 13:33:46.134] DIAGNOSTIC ID=112441: CT_FAMILY_FOUND - Family: Rectangular Union, Symbol: Standard
[2025-08-04 13:33:46.135] DIAGNOSTIC ID=498585: CT_FAMILY_FOUND - Family: Rectangular Medium Radius Bend - Flanged, Symbol: Standard
[2025-08-04 13:33:46.136] DIAGNOSTIC ID=498587: CT_FAMILY_FOUND - Family: Rectangular Square Tee - Flanged, Symbol: Standard
[2025-08-04 13:33:46.137] DIAGNOSTIC ID=498589: CT_FAMILY_FOUND - Family: Rectangular Shoe Branch - Flanged, Symbol: Standard
[2025-08-04 13:33:46.138] DIAGNOSTIC ID=498591: CT_FAMILY_FOUND - Family: Rectangular Concentric Taper - Flanged, Symbol: Standard
[2025-08-04 13:33:46.139] DIAGNOSTIC ID=498593: CT_FAMILY_FOUND - Family: Rectangular - Round Transformation - Flanged, Symbol: Standard
[2025-08-04 13:33:46.139] DIAGNOSTIC ID=499382: CT_FAMILY_FOUND - Family: Rectangular Blank End, Symbol: Standard
[2025-08-04 13:33:46.141] SUCCESS ID=2124183: CT_FAMILY_FOUND - Using cable tray wall sleeve family: CableTrayOpeningOnWall, Symbol: CT#
[2025-08-04 13:33:46.142] SUCCESS ID=2126788: CT_FAMILY_FOUND - Using cable tray slab sleeve family: CabletrayOpeningOnSlab, Symbol: CT#
[2025-08-04 13:33:46.281] SYSTEM ID=0: PROCESSING STARTED - Total cable trays to process: 9
[2025-08-04 13:33:46.404] WALLS ID=10933084: ELEMENT DETECTED - Hit by cable tray 1874033
[2025-08-04 13:33:46.405] CABLETRAY-WALL INTERSECTION ID=0: INTERSECTION_DETAILS - CableTray ID=1874033, Wall ID=10933084, Position=(104.401832393, 41.813914866, 60.744750656)
[2025-08-04 13:33:46.732] WALLS ID=10933084: STRUCTURAL DETECTED - Hit by cable tray 1874043
[2025-08-04 13:33:46.733] CABLETRAY-STRUCTURAL INTERSECTION ID=0: INTERSECTION_DETAILS - CableTray ID=1874043, Structural ID=10933084, Position=(104.237790398, 36.472706423, 60.744750656)
[2025-08-04 13:33:46.804] WALLS ID=10933084: ELEMENT DETECTED - Hit by cable tray 1874043
[2025-08-04 13:33:46.805] CABLETRAY-WALL INTERSECTION ID=0: INTERSECTION_DETAILS - CableTray ID=1874043, Wall ID=10933084, Position=(104.073748404, 36.472706423, 60.744750656)
[2025-08-04 13:33:46.870] WALLS ID=10933084: SLEEVE_FAILED - Reason: Existing sleeve found at location
[2025-08-04 13:33:46.961] WALLS ID=10933084: ELEMENT DETECTED - Hit by cable tray 1874995
[2025-08-04 13:33:46.962] CABLETRAY-WALL INTERSECTION ID=0: INTERSECTION_DETAILS - CableTray ID=1874995, Wall ID=10933084, Position=(104.401832393, 41.019952705, 60.744750656)
[2025-08-04 13:33:47.266] WALLS ID=10933084: STRUCTURAL DETECTED - Hit by cable tray 1875003
[2025-08-04 13:33:47.268] CABLETRAY-STRUCTURAL INTERSECTION ID=0: INTERSECTION_DETAILS - CableTray ID=1875003, Structural ID=10933084, Position=(104.237790398, 35.852629870, 60.744750656)
[2025-08-04 13:33:47.348] WALLS ID=10933084: ELEMENT DETECTED - Hit by cable tray 1875003
[2025-08-04 13:33:47.348] CABLETRAY-WALL INTERSECTION ID=0: INTERSECTION_DETAILS - CableTray ID=1875003, Wall ID=10933084, Position=(104.073748404, 35.852629870, 60.744750656)
[2025-08-04 13:33:47.400] WALLS ID=10933084: SLEEVE_FAILED - Reason: Existing sleeve found at location
[2025-08-04 13:33:47.492] WALLS ID=2700957: STRUCTURAL DETECTED - Hit by cable tray 1953336
[2025-08-04 13:33:47.493] CABLETRAY-STRUCTURAL INTERSECTION ID=0: INTERSECTION_DETAILS - CableTray ID=1953336, Structural ID=2700957, Position=(97.112860892, 24.052223439, 60.810730318)
[2025-08-04 13:33:47.565] WALLS ID=2700957: ELEMENT DETECTED - Hit by cable tray 1953336
[2025-08-04 13:33:47.566] CABLETRAY-WALL INTERSECTION ID=0: INTERSECTION_DETAILS - CableTray ID=1953336, Wall ID=2700957, Position=(97.440944882, 24.052223439, 60.810730318)
[2025-08-04 13:33:47.638] WALLS ID=2700957: SLEEVE_FAILED - Reason: Existing sleeve found at location
[2025-08-04 13:33:47.733] FLOORS ID=1713828: STRUCTURAL DETECTED - Hit by cable tray 1953384
[2025-08-04 13:33:47.734] CABLETRAY-STRUCTURAL INTERSECTION ID=0: INTERSECTION_DETAILS - CableTray ID=1953384, Structural ID=1713828, Position=(106.969486514, 25.145670788, 62.212926509)
[2025-08-04 13:33:47.736] FLOORS ID=10934404: STRUCTURAL DETECTED - Hit by cable tray 1953384
[2025-08-04 13:33:47.737] CABLETRAY-STRUCTURAL INTERSECTION ID=0: INTERSECTION_DETAILS - CableTray ID=1953384, Structural ID=10934404, Position=(106.969486514, 25.145670788, 61.663385827)
[2025-08-04 13:33:47.904] FLOORS ID=1713828: STRUCTURAL DETECTED - Hit by cable tray 1953421
[2025-08-04 13:33:47.904] CABLETRAY-STRUCTURAL INTERSECTION ID=0: INTERSECTION_DETAILS - CableTray ID=1953421, Structural ID=1713828, Position=(107.533334452, 25.131574589, 62.212926509)
[2025-08-04 13:33:47.907] FLOORS ID=10934404: STRUCTURAL DETECTED - Hit by cable tray 1953421
[2025-08-04 13:33:47.908] CABLETRAY-STRUCTURAL INTERSECTION ID=0: INTERSECTION_DETAILS - CableTray ID=1953421, Structural ID=10934404, Position=(107.533334452, 25.131574589, 61.663385827)
[2025-08-04 13:33:48.090] FLOORS ID=1713828: STRUCTURAL DETECTED - Hit by cable tray 1953426
[2025-08-04 13:33:48.091] CABLETRAY-STRUCTURAL INTERSECTION ID=0: INTERSECTION_DETAILS - CableTray ID=1953426, Structural ID=1713828, Position=(107.223218086, 28.105872462, 62.212926509)
[2025-08-04 13:33:48.097] FLOORS ID=10934404: STRUCTURAL DETECTED - Hit by cable tray 1953426
[2025-08-04 13:33:48.099] CABLETRAY-STRUCTURAL INTERSECTION ID=0: INTERSECTION_DETAILS - CableTray ID=1953426, Structural ID=10934404, Position=(107.223218086, 28.105872462, 61.663385827)
[2025-08-04 13:33:48.295] FLOORS ID=1713828: STRUCTURAL DETECTED - Hit by cable tray 2142742
[2025-08-04 13:33:48.296] CABLETRAY-STRUCTURAL INTERSECTION ID=0: INTERSECTION_DETAILS - CableTray ID=2142742, Structural ID=1713828, Position=(106.848044906, 26.601182763, 62.212926509)
[2025-08-04 13:33:48.300] FLOORS ID=10934404: STRUCTURAL DETECTED - Hit by cable tray 2142742
[2025-08-04 13:33:48.301] CABLETRAY-STRUCTURAL INTERSECTION ID=0: INTERSECTION_DETAILS - CableTray ID=2142742, Structural ID=10934404, Position=(106.848044906, 26.601182763, 61.663385827)

[2025-08-04 13:33:48.388] ===== CABLETRAYSLEEVECOMMAND STRUCTURAL ELEMENTS SUMMARY =====
Total Elements Processed: 9
Structural Elements Detected: 11
Sleeves Successfully Placed: 0
Placement Failures: 11
Success Rate: 0.0%
=========================================

[2025-08-04 13:33:48.389] SYSTEM ID=0: COMMAND COMPLETED - Structural sleeve placement finished. Log file: c:\JSE_CSharp_Projects\JSE_RevitAddin_MEP_OPENINGS\JSE_RevitAddin_MEP_OPENINGS\Logs\StructuralElements_SleeveLog_20250804_133346.log
